\BOOKMARK [0][-]{cover.0}{\376\377\000F\000r\000o\000n\000t}{}% 1
\BOOKMARK [0][-]{toc.0}{\376\377\000\315\000n\000d\000i\000c\000e}{}% 2
\BOOKMARK [0][-]{chapter*.4}{\376\377\000L\000i\000s\000t\000a\000\040\000d\000e\000\040\000F\000i\000g\000u\000r\000a\000s}{}% 3
\BOOKMARK [0][-]{chapter*.5}{\376\377\000L\000i\000s\000t\000a\000\040\000d\000e\000\040\000T\000a\000b\000e\000l\000a\000s}{}% 4
\BOOKMARK [0][-]{chapter*.6}{\376\377\000L\000i\000s\000t\000a\000g\000e\000n\000s}{}% 5
\BOOKMARK [0][-]{section*.7}{\376\377\000A\000c\000r\000\363\000n\000i\000m\000o\000s}{}% 6
\BOOKMARK [0][-]{chapter.1}{\376\377\000I\000n\000t\000r\000o\000d\000u\000\347\000\343\000o}{}% 7
\BOOKMARK [1][-]{section.1.1}{\376\377\000O\000b\000j\000e\000t\000i\000v\000o\000s}{chapter.1}% 8
\BOOKMARK [1][-]{section.1.2}{\376\377\000C\000a\000l\000e\000n\000d\000a\000r\000i\000z\000a\000\347\000\343\000o}{chapter.1}% 9
\BOOKMARK [1][-]{section.1.3}{\376\377\000O\000r\000g\000a\000n\000i\000z\000a\000\347\000\343\000o\000\040\000d\000o\000\040\000R\000e\000l\000a\000t\000\363\000r\000i\000o}{chapter.1}% 10
\BOOKMARK [0][-]{chapter.2}{\376\377\000H\000i\000s\000t\000\363\000r\000i\000a\000\040\000d\000a\000\040\000B\000a\000l\000a\000n\000\347\000a}{}% 11
\BOOKMARK [0][-]{chapter.3}{\376\377\000B\000a\000l\000a\000n\000\347\000a\000\040\000D\000i\000g\000i\000t\000a\000l}{}% 12
\BOOKMARK [1][-]{section.3.1}{\376\377\000s\000e\000n\000s\000o\000r}{chapter.3}% 13
\BOOKMARK [1][-]{section.3.2}{\376\377\000A\000m\000p\000l\000i\000f\000i\000c\000a\000d\000o\000r\000\040\000d\000e\000\040\000s\000i\000n\000a\000l}{chapter.3}% 14
\BOOKMARK [1][-]{section.3.3}{\376\377\000D\000i\000s\000p\000l\000a\000y\000\040\000l\000c\000d}{chapter.3}% 15
\BOOKMARK [1][-]{section.3.4}{\376\377\000M\000i\000c\000r\000o\000-\000c\000o\000n\000t\000r\000o\000l\000a\000d\000o\000r}{chapter.3}% 16
\BOOKMARK [1][-]{section.3.5}{\376\377\000F\000o\000n\000t\000e\000\040\000d\000e\000\040\000A\000l\000i\000m\000e\000n\000t\000a\000\347\000\343\000o}{chapter.3}% 17
\BOOKMARK [0][-]{chapter.4}{\376\377\000S\000o\000f\000t\000w\000a\000r\000e}{}% 18
\BOOKMARK [1][-]{section.4.1}{\376\377\000V\000a\000l\000i\000d\000a\000\347\000\343\000o}{chapter.4}% 19
\BOOKMARK [2][-]{subsection.4.1.1}{\376\377\000M\000a\000t\000e\000r\000i\000a\000l}{section.4.1}% 20
\BOOKMARK [2][-]{subsection.4.1.2}{\376\377\000T\000e\000s\000t\000a\000r}{section.4.1}% 21
\BOOKMARK [0][-]{chapter.5}{\376\377\000C\000o\000n\000c\000l\000u\000s\000\365\000e\000s}{}% 22
\BOOKMARK [1][-]{section.5.1}{\376\377\000T\000r\000a\000b\000a\000l\000h\000o\000\040\000F\000u\000t\000u\000r\000o}{chapter.5}% 23
\BOOKMARK [0][-]{chapter*.44}{\376\377\000R\000e\000f\000e\000r\000\352\000n\000c\000i\000a\000s}{}% 24
\BOOKMARK [0][-]{section*.45}{\376\377\000A\000n\000e\000x\000o\000s}{}% 25
\BOOKMARK [0][-]{appendix.a.A}{\376\377\000C\000\363\000d\000i\000g\000o}{}% 26
\BOOKMARK [0][-]{appendix.a.B}{\376\377\000D\000e\000f\000i\000n\000i\000\347\000\365\000e\000s}{}% 27
\BOOKMARK [0][-]{appendix.a.C}{\376\377\000F\000\355\000s\000i\000c\000a}{}% 28
