This is pdfTeX, Version 3.141592653-2.6-1.40.22 (MiKTeX 21.3) (preloaded format=pdflatex 2021.5.30)  22 JUN 2021 21:04
entering extended mode
**./main.tex
(main.tex
LaTeX2e <2020-10-01> patch level 4
L3 programming layer <2021-05-27> (DEEclass.cls
Document Class: DEEclass DEEclass v1.3 DEE@ISEP
(C:\Program Files\MiKTeX\tex/latex/etoolbox\etoolbox.sty
Package: etoolbox 2020/10/05 v2.5k e-TeX tools for LaTeX (JAW)
\etb@tempcnta=\count181
)
(C:\Program Files\MiKTeX\tex/latex/l3packages/xparse\xparse.sty
(C:\Program Files\MiKTeX\tex/latex/l3kernel\expl3.sty
Package: expl3 2021-05-27 L3 programming layer (loader) 

(C:\Program Files\MiKTeX\tex/latex/l3backend\l3backend-pdftex.def
File: l3backend-pdftex.def 2021-05-07 L3 backend support: PDF output (pdfTeX)
\l__color_backend_stack_int=\count182
\l__pdf_internal_box=\box47
))
(C:\Program Files\MiKTeX\tex/latex/l3packages/xparse\xparse-2020-10-01.sty
(C:\Program Files\MiKTeX\tex/latex/l3packages/xparse\xparse-generic.tex)))
(C:\Program Files\MiKTeX\tex/latex/base\book.cls
Document Class: book 2020/04/10 v1.4m Standard LaTeX document class
(C:\Program Files\MiKTeX\tex/latex/base\bk11.clo
File: bk11.clo 2020/04/10 v1.4m Standard LaTeX file (size option)
)
\c@part=\count183
\c@chapter=\count184
\c@section=\count185
\c@subsection=\count186
\c@subsubsection=\count187
\c@paragraph=\count188
\c@subparagraph=\count189
\c@figure=\count190
\c@table=\count191
\abovecaptionskip=\skip47
\belowcaptionskip=\skip48
\bibindent=\dimen138
)
(C:\Program Files\MiKTeX\tex/latex/base\inputenc.sty
Package: inputenc 2020/08/01 v1.3d Input encoding file
\inpenc@prehook=\toks15
\inpenc@posthook=\toks16
)
(C:\Program Files\MiKTeX\tex/latex/base\fontenc.sty
Package: fontenc 2020/08/10 v2.0s Standard LaTeX package
)
(C:\Program Files\MiKTeX\tex/latex/lm\lmodern.sty
Package: lmodern 2009/10/30 v1.6 Latin Modern Fonts
LaTeX Font Info:    Overwriting symbol font `operators' in version `normal'
(Font)                  OT1/cmr/m/n --> OT1/lmr/m/n on input line 22.
LaTeX Font Info:    Overwriting symbol font `letters' in version `normal'
(Font)                  OML/cmm/m/it --> OML/lmm/m/it on input line 23.
LaTeX Font Info:    Overwriting symbol font `symbols' in version `normal'
(Font)                  OMS/cmsy/m/n --> OMS/lmsy/m/n on input line 24.
LaTeX Font Info:    Overwriting symbol font `largesymbols' in version `normal'
(Font)                  OMX/cmex/m/n --> OMX/lmex/m/n on input line 25.
LaTeX Font Info:    Overwriting symbol font `operators' in version `bold'
(Font)                  OT1/cmr/bx/n --> OT1/lmr/bx/n on input line 26.
LaTeX Font Info:    Overwriting symbol font `letters' in version `bold'
(Font)                  OML/cmm/b/it --> OML/lmm/b/it on input line 27.
LaTeX Font Info:    Overwriting symbol font `symbols' in version `bold'
(Font)                  OMS/cmsy/b/n --> OMS/lmsy/b/n on input line 28.
LaTeX Font Info:    Overwriting symbol font `largesymbols' in version `bold'
(Font)                  OMX/cmex/m/n --> OMX/lmex/m/n on input line 29.
LaTeX Font Info:    Overwriting math alphabet `\mathbf' in version `normal'
(Font)                  OT1/cmr/bx/n --> OT1/lmr/bx/n on input line 31.
LaTeX Font Info:    Overwriting math alphabet `\mathsf' in version `normal'
(Font)                  OT1/cmss/m/n --> OT1/lmss/m/n on input line 32.
LaTeX Font Info:    Overwriting math alphabet `\mathit' in version `normal'
(Font)                  OT1/cmr/m/it --> OT1/lmr/m/it on input line 33.
LaTeX Font Info:    Overwriting math alphabet `\mathtt' in version `normal'
(Font)                  OT1/cmtt/m/n --> OT1/lmtt/m/n on input line 34.
LaTeX Font Info:    Overwriting math alphabet `\mathbf' in version `bold'
(Font)                  OT1/cmr/bx/n --> OT1/lmr/bx/n on input line 35.
LaTeX Font Info:    Overwriting math alphabet `\mathsf' in version `bold'
(Font)                  OT1/cmss/bx/n --> OT1/lmss/bx/n on input line 36.
LaTeX Font Info:    Overwriting math alphabet `\mathit' in version `bold'
(Font)                  OT1/cmr/bx/it --> OT1/lmr/bx/it on input line 37.
LaTeX Font Info:    Overwriting math alphabet `\mathtt' in version `bold'
(Font)                  OT1/cmtt/m/n --> OT1/lmtt/m/n on input line 38.
)
(C:\Program Files\MiKTeX\tex/generic/babel\babel.sty
Package: babel 2021/05/16 3.59 The Babel package

(C:\Program Files\MiKTeX\tex/generic/babel\babel.def
File: babel.def 2021/05/16 3.59 Babel common definitions
\babel@savecnt=\count192
\U@D=\dimen139
\l@unhyphenated=\language79

(C:\Program Files\MiKTeX\tex/generic/babel\txtbabel.def)
\bbl@readstream=\read2
)
\bbl@dirlevel=\count193

*************************************
* Local config file bblopts.cfg used
*
(C:\Program Files\MiKTeX\tex/latex/arabi\bblopts.cfg
File: bblopts.cfg 2005/09/08 v0.1 add Arabic and Farsi to "declared" options of
 babel
)
(C:\Program Files\MiKTeX\tex/latex/babel-portuges\portuguese.ldf
Language: portuges 2021/02/04 v1.2s Portuguese support from the babel system
Package babel Info: Making " an active character on input line 143.
))
(C:\Program Files\MiKTeX\tex/latex/koma-script\scrbase.sty
Package: scrbase 2021/03/17 v3.33 KOMA-Script package (KOMA-Script-independent 
basics and keyval usage)

(C:\Program Files\MiKTeX\tex/latex/koma-script\scrlfile.sty
Package: scrlfile 2021/03/17 v3.33 KOMA-Script package (file load hooks)

(C:\Program Files\MiKTeX\tex/latex/koma-script\scrlfile-hook.sty
Package: scrlfile-hook 2021/03/17 v3.33 KOMA-Script package (using LaTeX hooks)


(C:\Program Files\MiKTeX\tex/latex/koma-script\scrlogo.sty
Package: scrlogo 2021/03/17 v3.33 KOMA-Script package (logo)
)))
(C:\Program Files\MiKTeX\tex/latex/graphics\keyval.sty
Package: keyval 2014/10/28 v1.15 key=value parser (DPC)
\KV@toks@=\toks17
)
Skipping: [2021/05/01] Usage of raw option list on input line 252.
Applying: [0000/00/00] compatibility for LaTeX before 2021/05/01 on input line 
337.
)
(C:\Program Files\MiKTeX\tex/latex/koma-script\scrhack.sty
Package: scrhack 2021/03/17 v3.33 KOMA-Script package (hacking other packages)

(C:\Program Files\MiKTeX\tex/latex/koma-script\scrkbase.sty
Package: scrkbase 2021/03/17 v3.33 KOMA-Script package (KOMA-Script-dependent b
asics and keyval usage)
)
(C:\Program Files\MiKTeX\tex/latex/xpatch\xpatch.sty
Package: xpatch 2020/03/25 v0.3a Extending etoolbox patching commands
))
(C:\Program Files\MiKTeX\tex/latex/latex-tools\longtable.sty
Package: longtable 2020/01/07 v4.13 Multi-page Table package (DPC)
\LTleft=\skip49
\LTright=\skip50
\LTpre=\skip51
\LTpost=\skip52
\LTchunksize=\count194
\LTcapwidth=\dimen140
\LT@head=\box48
\LT@firsthead=\box49
\LT@foot=\box50
\LT@lastfoot=\box51
\LT@cols=\count195
\LT@rows=\count196
\c@LT@tables=\count197
\c@LT@chunks=\count198
\LT@p@ftn=\toks18
)
(C:\Program Files\MiKTeX\tex/latex/xcolor\xcolor.sty
Package: xcolor 2016/05/11 v2.12 LaTeX color extensions (UK)

(C:\Program Files\MiKTeX\tex/latex/graphics-cfg\color.cfg
File: color.cfg 2016/01/02 v1.6 sample color configuration
)
Package xcolor Info: Package option `usenames' ignored on input line 216.
Package xcolor Info: Driver file: pdftex.def on input line 225.

(C:\Program Files\MiKTeX\tex/latex/graphics-def\pdftex.def
File: pdftex.def 2020/10/05 v1.2a Graphics/color driver for pdftex
)
(C:\Program Files\MiKTeX\tex/latex/colortbl\colortbl.sty
Package: colortbl 2020/01/04 v1.0e Color table columns (DPC)

(C:\Program Files\MiKTeX\tex/latex/latex-tools\array.sty
Package: array 2020/10/01 v2.5c Tabular extension package (FMi)
\col@sep=\dimen141
\ar@mcellbox=\box52
\extrarowheight=\dimen142
\NC@list=\toks19
\extratabsurround=\skip53
\backup@length=\skip54
\ar@cellbox=\box53
)
\everycr=\toks20
\minrowclearance=\skip55
)
\rownum=\count199
Package xcolor Info: Model `cmy' substituted by `cmy0' on input line 1348.
Package xcolor Info: Model `hsb' substituted by `rgb' on input line 1352.
Package xcolor Info: Model `RGB' extended on input line 1364.
Package xcolor Info: Model `HTML' substituted by `rgb' on input line 1366.
Package xcolor Info: Model `Hsb' substituted by `hsb' on input line 1367.
Package xcolor Info: Model `tHsb' substituted by `hsb' on input line 1368.
Package xcolor Info: Model `HSB' substituted by `hsb' on input line 1369.
Package xcolor Info: Model `Gray' substituted by `gray' on input line 1370.
Package xcolor Info: Model `wave' substituted by `hsb' on input line 1371.

(C:\Program Files\MiKTeX\tex/latex/graphics\dvipsnam.def
File: dvipsnam.def 2016/06/17 v3.0m Driver-dependent file (DPC,SPQR)
)
(C:\Program Files\MiKTeX\tex/latex/xcolor\svgnam.def
File: svgnam.def 2016/05/11 v2.12 Predefined colors according to SVG 1.1 (UK)
))
(C:\Program Files\MiKTeX\tex/latex/graphics\graphicx.sty
Package: graphicx 2020/09/09 v1.2b Enhanced LaTeX Graphics (DPC,SPQR)

(C:\Program Files\MiKTeX\tex/latex/graphics\graphics.sty
Package: graphics 2020/08/30 v1.4c Standard LaTeX Graphics (DPC,SPQR)

(C:\Program Files\MiKTeX\tex/latex/graphics\trig.sty
Package: trig 2016/01/03 v1.10 sin cos tan (DPC)
)
(C:\Program Files\MiKTeX\tex/latex/graphics-cfg\graphics.cfg
File: graphics.cfg 2016/06/04 v1.11 sample graphics configuration
)
Package graphics Info: Driver file: pdftex.def on input line 105.
)
\Gin@req@height=\dimen143
\Gin@req@width=\dimen144
)
(C:\Program Files\MiKTeX\tex/latex/booktabs\booktabs.sty
Package: booktabs 2020/01/12 v1.61803398 Publication quality tables
\heavyrulewidth=\dimen145
\lightrulewidth=\dimen146
\cmidrulewidth=\dimen147
\belowrulesep=\dimen148
\belowbottomsep=\dimen149
\aboverulesep=\dimen150
\abovetopsep=\dimen151
\cmidrulesep=\dimen152
\cmidrulekern=\dimen153
\defaultaddspace=\dimen154
\@cmidla=\count266
\@cmidlb=\count267
\@aboverulesep=\dimen155
\@belowrulesep=\dimen156
\@thisruleclass=\count268
\@lastruleclass=\count269
\@thisrulewidth=\dimen157
)
(C:\Program Files\MiKTeX\tex/latex/caption\caption.sty
Package: caption 2020/10/26 v3.5g Customizing captions (AR)

(C:\Program Files\MiKTeX\tex/latex/caption\caption3.sty
Package: caption3 2020/10/21 v2.2e caption3 kernel (AR)
\captionmargin=\dimen158
\captionmargin@=\dimen159
\captionwidth=\dimen160
\caption@tempdima=\dimen161
\caption@indent=\dimen162
\caption@parindent=\dimen163
\caption@hangindent=\dimen164
Package caption Info: Standard document class detected.
)
\c@caption@flags=\count270
\c@continuedfloat=\count271
Package caption Info: longtable package is loaded.

(C:\Program Files\MiKTeX\tex/latex/caption\ltcaption.sty
Package: ltcaption 2020/05/30 v1.4b longtable captions (AR)
))
(C:\Program Files\MiKTeX\tex/latex/csquotes\csquotes.sty
Package: csquotes 2021-02-22 v5.2l context-sensitive quotations (JAW)
\csq@reset=\count272
\csq@gtype=\count273
\csq@glevel=\count274
\csq@qlevel=\count275
\csq@maxlvl=\count276
\csq@tshold=\count277
\csq@ltx@everypar=\toks21

(C:\Program Files\MiKTeX\tex/latex/csquotes\csquotes.def
File: csquotes.def 2021-02-22 v5.2l csquotes generic definitions (JAW)
)
Package csquotes Info: Trying to load configuration file 'csquotes.cfg'...
Package csquotes Info: ... configuration file loaded successfully.

(C:\Program Files\MiKTeX\tex/latex/csquotes\csquotes.cfg
File: csquotes.cfg 
)
Package csquotes Info: Enabling multilingual quotes.
)
(C:\Program Files\MiKTeX\tex/latex/hyperref\hyperref.sty
Package: hyperref 2021-02-27 v7.00k Hypertext links for LaTeX

(C:\Program Files\MiKTeX\tex/generic/ltxcmds\ltxcmds.sty
Package: ltxcmds 2020-05-10 v1.25 LaTeX kernel commands for general use (HO)
)
(C:\Program Files\MiKTeX\tex/generic/iftex\iftex.sty
Package: iftex 2020/03/06 v1.0d TeX engine tests
)
(C:\Program Files\MiKTeX\tex/generic/pdftexcmds\pdftexcmds.sty
Package: pdftexcmds 2020-06-27 v0.33 Utility functions of pdfTeX for LuaTeX (HO
)

(C:\Program Files\MiKTeX\tex/generic/infwarerr\infwarerr.sty
Package: infwarerr 2019/12/03 v1.5 Providing info/warning/error messages (HO)
)
Package pdftexcmds Info: \pdf@primitive is available.
Package pdftexcmds Info: \pdf@ifprimitive is available.
Package pdftexcmds Info: \pdfdraftmode found.
)
(C:\Program Files\MiKTeX\tex/generic/kvsetkeys\kvsetkeys.sty
Package: kvsetkeys 2019/12/15 v1.18 Key value parser (HO)
)
(C:\Program Files\MiKTeX\tex/generic/kvdefinekeys\kvdefinekeys.sty
Package: kvdefinekeys 2019-12-19 v1.6 Define keys (HO)
)
(C:\Program Files\MiKTeX\tex/generic/pdfescape\pdfescape.sty
Package: pdfescape 2019/12/09 v1.15 Implements pdfTeX's escape features (HO)
)
(C:\Program Files\MiKTeX\tex/latex/hycolor\hycolor.sty
Package: hycolor 2020-01-27 v1.10 Color options for hyperref/bookmark (HO)
)
(C:\Program Files\MiKTeX\tex/latex/letltxmacro\letltxmacro.sty
Package: letltxmacro 2019/12/03 v1.6 Let assignment for LaTeX macros (HO)
)
(C:\Program Files\MiKTeX\tex/latex/auxhook\auxhook.sty
Package: auxhook 2019-12-17 v1.6 Hooks for auxiliary files (HO)
)
(C:\Program Files\MiKTeX\tex/latex/kvoptions\kvoptions.sty
Package: kvoptions 2020-10-07 v3.14 Key value format for package options (HO)
)
\@linkdim=\dimen165
\Hy@linkcounter=\count278
\Hy@pagecounter=\count279

(C:\Program Files\MiKTeX\tex/latex/hyperref\pd1enc.def
File: pd1enc.def 2021-02-27 v7.00k Hyperref: PDFDocEncoding definition (HO)
Now handling font encoding PD1 ...
... no UTF-8 mapping file for font encoding PD1
)
(C:\Program Files\MiKTeX\tex/latex/hyperref\hyperref-langpatches.def
File: hyperref-langpatches.def 2021-02-27 v7.00k Hyperref: patches for babel la
nguages
)
(C:\Program Files\MiKTeX\tex/generic/intcalc\intcalc.sty
Package: intcalc 2019/12/15 v1.3 Expandable calculations with integers (HO)
)
(C:\Program Files\MiKTeX\tex/generic/etexcmds\etexcmds.sty
Package: etexcmds 2019/12/15 v1.7 Avoid name clashes with e-TeX commands (HO)
)
\Hy@SavedSpaceFactor=\count280

(C:\Program Files\MiKTeX\tex/latex/hyperref\puenc.def
File: puenc.def 2021-02-27 v7.00k Hyperref: PDF Unicode definition (HO)
Now handling font encoding PU ...
... no UTF-8 mapping file for font encoding PU
)
Package hyperref Info: Hyper figures OFF on input line 4192.
Package hyperref Info: Link nesting OFF on input line 4197.
Package hyperref Info: Hyper index ON on input line 4200.
Package hyperref Info: Plain pages OFF on input line 4207.
Package hyperref Info: Backreferencing OFF on input line 4212.
Package hyperref Info: Implicit mode ON; LaTeX internals redefined.
Package hyperref Info: Bookmarks ON on input line 4445.
\c@Hy@tempcnt=\count281

(C:\Program Files\MiKTeX\tex/latex/url\url.sty
\Urlmuskip=\muskip16
Package: url 2013/09/16  ver 3.4  Verb mode for urls, etc.
)
LaTeX Info: Redefining \url on input line 4804.
\XeTeXLinkMargin=\dimen166

(C:\Program Files\MiKTeX\tex/generic/bitset\bitset.sty
Package: bitset 2019/12/09 v1.3 Handle bit-vector datatype (HO)

(C:\Program Files\MiKTeX\tex/generic/bigintcalc\bigintcalc.sty
Package: bigintcalc 2019/12/15 v1.5 Expandable calculations on big integers (HO
)
))
\Fld@menulength=\count282
\Field@Width=\dimen167
\Fld@charsize=\dimen168
Package hyperref Info: Hyper figures OFF on input line 6075.
Package hyperref Info: Link nesting OFF on input line 6080.
Package hyperref Info: Hyper index ON on input line 6083.
Package hyperref Info: backreferencing OFF on input line 6090.
Package hyperref Info: Link coloring OFF on input line 6095.
Package hyperref Info: Link coloring with OCG OFF on input line 6100.
Package hyperref Info: PDF/A mode OFF on input line 6105.
LaTeX Info: Redefining \ref on input line 6145.
LaTeX Info: Redefining \pageref on input line 6149.

(C:\Program Files\MiKTeX\tex/latex/base\atbegshi-ltx.sty
Package: atbegshi-ltx 2020/08/17 v1.0a Emulation of the original atbegshi packa
ge
with kernel methods
)
\Hy@abspage=\count283
\c@Item=\count284
\c@Hfootnote=\count285
)
Package scrhack Info: hyperref hack deactivated because of
(scrhack)             detection of hyperref version, that doesn't
(scrhack)             need that hack, on input line 195.
Package hyperref Info: Driver (autodetected): hpdftex.

(C:\Program Files\MiKTeX\tex/latex/hyperref\hpdftex.def
File: hpdftex.def 2021-02-27 v7.00k Hyperref driver for pdfTeX

(C:\Program Files\MiKTeX\tex/latex/base\atveryend-ltx.sty
Package: atveryend-ltx 2020/08/19 v1.0a Emulation of the original atvery packag
e
with kernel methods
)
\Fld@listcount=\count286
\c@bookmark@seq@number=\count287

(C:\Program Files\MiKTeX\tex/latex/rerunfilecheck\rerunfilecheck.sty
Package: rerunfilecheck 2019/12/05 v1.9 Rerun checks for auxiliary files (HO)

(C:\Program Files\MiKTeX\tex/generic/uniquecounter\uniquecounter.sty
Package: uniquecounter 2019/12/15 v1.4 Provide unlimited unique counter (HO)
)
Package uniquecounter Info: New unique counter `rerunfilecheck' on input line 2
86.
)
\Hy@SectionHShift=\skip56
)
Package hyperref Info: Option `bookmarksopen' set `true' on input line 199.
Package hyperref Info: Option `breaklinks' set `true' on input line 199.

(C:\Program Files\MiKTeX\tex/latex/latex-tools\calc.sty
Package: calc 2017/05/25 v4.3 Infix arithmetic (KKT,FJ)
\calc@Acount=\count288
\calc@Bcount=\count289
\calc@Adimen=\dimen169
\calc@Bdimen=\dimen170
\calc@Askip=\skip57
\calc@Bskip=\skip58
LaTeX Info: Redefining \setlength on input line 80.
LaTeX Info: Redefining \addtolength on input line 81.
\calc@Ccount=\count290
\calc@Cskip=\skip59
)
(C:\Program Files\MiKTeX\tex/latex/listings\listings.sty
\lst@mode=\count291
\lst@gtempboxa=\box54
\lst@token=\toks22
\lst@length=\count292
\lst@currlwidth=\dimen171
\lst@column=\count293
\lst@pos=\count294
\lst@lostspace=\dimen172
\lst@width=\dimen173
\lst@newlines=\count295
\lst@lineno=\count296
\lst@maxwidth=\dimen174

(C:\Program Files\MiKTeX\tex/latex/listings\lstmisc.sty
File: lstmisc.sty 2020/03/24 1.8d (Carsten Heinz)
\c@lstnumber=\count297
\lst@skipnumbers=\count298
\lst@framebox=\box55
)
(C:\Program Files\MiKTeX\tex/latex/listings\listings.cfg
File: listings.cfg 2020/03/24 1.8d listings configuration
))
Package scrhack Info: loading listings hack on input line 205.

(C:\Program Files\MiKTeX\tex/latex/koma-script\listings.hak
File: listings.hak 2021/03/17 v3.33 KOMA-Script scrhack part (hacking package l
istings)

(C:\Program Files\MiKTeX\tex/latex/koma-script\tocbasic.sty
Package: tocbasic 2021/03/17 v3.33 KOMA-Scriptpackage(handling toc-files)
\scr@dte@tocline@numberwidth=\skip60
\scr@dte@tocline@numbox=\box56
)
Package tocbasic Info: setting babel extension for `lol' on input line 143.
Package scrhack Info: redefining \lstlistoflistings on input line 143.
)
Package: listings 2020/03/24 1.8d (Carsten Heinz)

(C:\Program Files\MiKTeX\tex/latex/listings\lstlang1.sty
File: lstlang1.sty 2020/03/24 1.8d listings language file
)
(C:\Program Files\MiKTeX\tex/latex/listings\lstmisc.sty
File: lstmisc.sty 2020/03/24 1.8d (Carsten Heinz)
)
(C:\Program Files\MiKTeX\tex/latex/datetime2\datetime2.sty
Package: datetime2 2021/03/21 v1.5.7 (NLCT) date and time formats

(C:\Program Files\MiKTeX\tex/latex/tracklang\tracklang.sty
Package: tracklang 2020/06/30 v1.5 (NLCT) Track Languages

(C:\Program Files\MiKTeX\tex/generic/tracklang\tracklang.tex))
(C:\Program Files\MiKTeX\tex/latex/xkeyval\xkeyval.sty
Package: xkeyval 2020/11/20 v2.8 package option processing (HA)

(C:\Program Files\MiKTeX\tex/generic/xkeyval\xkeyval.tex
(C:\Program Files\MiKTeX\tex/generic/xkeyval\xkvutils.tex
\XKV@toks=\toks23
\XKV@tempa@toks=\toks24
)
\XKV@depth=\count299
File: xkeyval.tex 2014/12/03 v2.7a key=value parser (HA)
))
(C:\Program Files\MiKTeX\tex/latex/datetime2-portuges\datetime2-portuges.ldf
File: datetime2-portuges.ldf 2018/08/21 v1.1

(C:\Program Files\MiKTeX\tex/generic/iftex\ifxetex.sty
Package: ifxetex 2019/10/25 v0.7 ifxetex legacy package. Use iftex instead.
)
(C:\Program Files\MiKTeX\tex/generic/iftex\ifluatex.sty
Package: ifluatex 2019/10/25 v1.5 ifluatex legacy package. Use iftex instead.
)
(C:\Program Files\MiKTeX\tex/latex/datetime2-portuges\datetime2-portuges-ascii.
ldf
File: datetime2-portuges-ascii.ldf 2018/08/21 v1.1
)) (C:\Program Files\MiKTeX\tex/latex/datetime2\datetime2-calc.sty
Package: datetime2-calc 2021/03/21 v1.5.7 (NLCT)

(C:\Program Files\MiKTeX\tex/latex/pgf/utilities\pgfkeys.sty
(C:\Program Files\MiKTeX\tex/generic/pgf/utilities\pgfkeys.code.tex
\pgfkeys@pathtoks=\toks25
\pgfkeys@temptoks=\toks26

(C:\Program Files\MiKTeX\tex/generic/pgf/utilities\pgfkeysfiltered.code.tex
\pgfkeys@tmptoks=\toks27
)))
(C:\Program Files\MiKTeX\tex/latex/pgf/utilities\pgfcalendar.sty
(C:\Program Files\MiKTeX\tex/latex/pgf/utilities\pgfrcs.sty
(C:\Program Files\MiKTeX\tex/generic/pgf/utilities\pgfutil-common.tex
\pgfutil@everybye=\toks28
\pgfutil@tempdima=\dimen175
\pgfutil@tempdimb=\dimen176

(C:\Program Files\MiKTeX\tex/generic/pgf/utilities\pgfutil-common-lists.tex))
(C:\Program Files\MiKTeX\tex/generic/pgf/utilities\pgfutil-latex.def
\pgfutil@abb=\box57
)
(C:\Program Files\MiKTeX\tex/generic/pgf/utilities\pgfrcs.code.tex
(C:\Program Files\MiKTeX\tex/generic/pgf\pgf.revision.tex)
Package: pgfrcs 2021/05/15 v3.1.9a (3.1.9a)
))
(C:\Program Files\MiKTeX\tex/generic/pgf/utilities\pgfcalendar.code.tex
File: pgfcalendar.code.tex 2021/05/15 v3.1.9a (3.1.9a)

(C:\Program Files\MiKTeX\tex/generic/pgf/math\pgfint.code.tex)
\pgfcalendarcurrentjulian=\count300
\pgf@cal@easter@Y=\count301
\pgf@cal@easter@G=\count302
\pgf@cal@easter@C=\count303
\pgf@cal@easter@X=\count304
\pgf@cal@easter@Z=\count305
\pgf@cal@easter@D=\count306
\pgf@cal@easter@E=\count307
\pgf@cal@easter@N=\count308
\pgf@cal@easter@M=\count309
\pgf@cal@easter@julianday=\count310
))
\@dtm@julianday=\count311
))
(C:\Program Files\MiKTeX\tex/latex/siunitx\siunitx.sty
Package: siunitx 2021-05-28 v3.0.7 A comprehensive (SI) units package
\l__siunitx_angle_tmp_dim=\dimen177
\l__siunitx_angle_marker_box=\box58
\l__siunitx_angle_unit_box=\box59
\l__siunitx_compound_count_int=\count312

(C:\Program Files\MiKTeX\tex/latex/translations\translations.sty
Package: translations 2021/01/17 v1.10a internationalization of LaTeX2e package
s (CN)
)
\l__siunitx_number_exponent_fixed_int=\count313
\l__siunitx_number_min_decimal_int=\count314
\l__siunitx_number_min_integer_int=\count315
\l__siunitx_number_round_precision_int=\count316
\l__siunitx_number_group_minimum_int=\count317

(C:\Program Files\MiKTeX\tex/latex/amsmath\amstext.sty
Package: amstext 2000/06/29 v2.01 AMS text

(C:\Program Files\MiKTeX\tex/latex/amsmath\amsgen.sty
File: amsgen.sty 1999/11/30 v2.0 generic functions
\@emptytoks=\toks29
\ex@=\dimen178
))
\l__siunitx_table_tmp_box=\box60
\l__siunitx_table_tmp_dim=\dimen179
\l__siunitx_table_column_width_dim=\dimen180
\l__siunitx_table_integer_box=\box61
\l__siunitx_table_decimal_box=\box62
\l__siunitx_table_before_box=\box63
\l__siunitx_table_after_box=\box64
\l__siunitx_table_carry_dim=\dimen181
\l__siunitx_unit_tmp_int=\count318
\l__siunitx_unit_position_int=\count319
\l__siunitx_unit_total_int=\count320

(C:\Program Files\MiKTeX\tex/latex/l3packages/l3keys2e\l3keys2e.sty
Package: l3keys2e 2021-05-27 LaTeX2e option processing using LaTeX3 keys
))
(C:\Program Files\MiKTeX\tex/latex/glossaries/base\glossaries.sty
Package: glossaries 2020/03/19 v4.46 (NLCT)

(C:\Program Files\MiKTeX\tex/latex/base\ifthen.sty
Package: ifthen 2014/09/29 v1.1c Standard LaTeX ifthen package (DPC)
)
(C:\Program Files\MiKTeX\tex/latex/mfirstuc\mfirstuc.sty
Package: mfirstuc 2017/11/14 v2.06 (NLCT)
\@glsmfirst=\toks30
\@glsmrest=\toks31
)
(C:\Program Files\MiKTeX\tex/latex/textcase\textcase.sty
Package: textcase 2019/09/14 v1.00 Text only upper/lower case changing (DPC)
)
(C:\Program Files\MiKTeX\tex/latex/xfor\xfor.sty
Package: xfor 2009/02/05 v1.05 (NLCT)
)
(C:\Program Files\MiKTeX\tex/latex/datatool\datatool-base.sty
Package: datatool-base 2019/09/27 v2.32 (NLCT)

(C:\Program Files\MiKTeX\tex/latex/amsmath\amsmath.sty
Package: amsmath 2020/09/23 v2.17i AMS math features
\@mathmargin=\skip61

For additional information on amsmath, use the `?' option.
(C:\Program Files\MiKTeX\tex/latex/amsmath\amsbsy.sty
Package: amsbsy 1999/11/29 v1.2d Bold Symbols
\pmbraise@=\dimen182
)
(C:\Program Files\MiKTeX\tex/latex/amsmath\amsopn.sty
Package: amsopn 2016/03/08 v2.02 operator names
)
\inf@bad=\count321
LaTeX Info: Redefining \frac on input line 234.
\uproot@=\count322
\leftroot@=\count323
LaTeX Info: Redefining \overline on input line 399.
\classnum@=\count324
\DOTSCASE@=\count325
LaTeX Info: Redefining \ldots on input line 496.
LaTeX Info: Redefining \dots on input line 499.
LaTeX Info: Redefining \cdots on input line 620.
\Mathstrutbox@=\box65
\strutbox@=\box66
\big@size=\dimen183
LaTeX Font Info:    Redeclaring font encoding OML on input line 743.
LaTeX Font Info:    Redeclaring font encoding OMS on input line 744.
\macc@depth=\count326
\c@MaxMatrixCols=\count327
\dotsspace@=\muskip17
\c@parentequation=\count328
\dspbrk@lvl=\count329
\tag@help=\toks32
\row@=\count330
\column@=\count331
\maxfields@=\count332
\andhelp@=\toks33
\eqnshift@=\dimen184
\alignsep@=\dimen185
\tagshift@=\dimen186
\tagwidth@=\dimen187
\totwidth@=\dimen188
\lineht@=\dimen189
\@envbody=\toks34
\multlinegap=\skip62
\multlinetaggap=\skip63
\mathdisplay@stack=\toks35
LaTeX Info: Redefining \[ on input line 2923.
LaTeX Info: Redefining \] on input line 2924.
)
(C:\Program Files\MiKTeX\tex/latex/substr\substr.sty
Package: substr 2009/10/20 v1.2 Handle substrings
\c@su@anzahl=\count333
)
(C:\Program Files\MiKTeX\tex/latex/datatool\datatool-fp.sty
Package: datatool-fp 2019/09/27 v2.32 (NLCT)

(C:\Program Files\MiKTeX\tex/latex/fp\fp.sty
Package: fp 1995/04/02

`Fixed Point Package', Version 0.8, April 2, 1995 (C) Michael Mehlich
(C:\Program Files\MiKTeX\tex/latex/fp\defpattern.sty
Package: defpattern 1994/10/12
\actioncount=\count334
)
(C:\Program Files\MiKTeX\tex/latex/fp\fp-basic.sty
Package: fp-basic 1996/05/13
\FP@xs=\count335
\FP@xia=\count336
\FP@xib=\count337
\FP@xfa=\count338
\FP@xfb=\count339
\FP@rega=\count340
\FP@regb=\count341
\FP@regs=\count342
\FP@times=\count343
)
(C:\Program Files\MiKTeX\tex/latex/fp\fp-addons.sty
Package: fp-addons 1995/03/15
)
(C:\Program Files\MiKTeX\tex/latex/fp\fp-snap.sty
Package: fp-snap 1995/04/05
)
(C:\Program Files\MiKTeX\tex/latex/fp\fp-exp.sty
Package: fp-exp 1995/04/03
)
(C:\Program Files\MiKTeX\tex/latex/fp\fp-trigo.sty
Package: fp-trigo 1995/04/14
)
(C:\Program Files\MiKTeX\tex/latex/fp\fp-pas.sty
Package: fp-pas 1994/08/29
)
(C:\Program Files\MiKTeX\tex/latex/fp\fp-random.sty
Package: fp-random 1995/02/23
\FPseed=\count344
)
(C:\Program Files\MiKTeX\tex/latex/fp\fp-eqn.sty
Package: fp-eqn 1995/04/03
)
(C:\Program Files\MiKTeX\tex/latex/fp\fp-upn.sty
Package: fp-upn 1996/10/21
)
(C:\Program Files\MiKTeX\tex/latex/fp\fp-eval.sty
Package: fp-eval 1995/04/03
)))
\@dtl@toks=\toks36
\@dtl@tmpcount=\count345
\dtl@tmplength=\skip64
\dtl@sortresult=\count346
\@dtl@numgrpsepcount=\count347
\@dtl@datatype=\count348
\dtl@codeA=\count349
\dtl@codeB=\count350
\@dtl@foreach@level=\count351
)
(C:\Program Files\MiKTeX\tex/latex/glossaries/base\glossaries-compatible-307.st
y
Package: glossaries-compatible-307 2020/03/19 v4.46 (NLCT)
) (C:\Program Files\MiKTeX\tex/latex/translator\translator.sty
Package: translator 2020-08-03 v1.12c Easy translation of strings in LaTeX
LaTeX Info: Redefining \translate on input line 184.
)
(C:\Program Files\MiKTeX\tex/latex/glossaries-portuges\glossaries-portuges.ldf
File: glossaries-portuges.ldf 2014/11/23 v1.0

(C:\Program Files\MiKTeX\tex/latex/glossaries-portuges\glossaries-portuges-utf8
.ldf))
\gls@level=\count352
\@gls@tmpb=\toks37
\gls@tmplen=\skip65
\glskeylisttok=\toks38
\glslabeltok=\toks39
\glsshorttok=\toks40
\glslongtok=\toks41

(C:\Program Files\MiKTeX\tex/latex/glossaries/styles\glossary-hypernav.sty
Package: glossary-hypernav 2020/03/19 v4.46 (NLCT)
)
(C:\Program Files\MiKTeX\tex/latex/glossaries/styles\glossary-list.sty
Package: glossary-list 2020/03/19 v4.46 (NLCT)
\glslistdottedwidth=\skip66
)
(C:\Program Files\MiKTeX\tex/latex/glossaries/styles\glossary-long.sty
Package: glossary-long 2020/03/19 v4.46 (NLCT)
\glsdescwidth=\skip67
\glspagelistwidth=\skip68
)
(C:\Program Files\MiKTeX\tex/latex/glossaries/styles\glossary-super.sty
Package: glossary-super 2020/03/19 v4.46 (NLCT)

(C:\Program Files\MiKTeX\tex/latex/supertabular\supertabular.sty
Package: supertabular 2020/02/02 v4.1g the supertabular environment
\c@tracingst=\count353
\ST@wd=\dimen190
\ST@rightskip=\skip69
\ST@leftskip=\skip70
\ST@parfillskip=\skip71
\ST@pageleft=\dimen191
\ST@headht=\dimen192
\ST@tailht=\dimen193
\ST@pagesofar=\dimen194
\ST@pboxht=\dimen195
\ST@lineht=\dimen196
\ST@prevht=\dimen197
\ST@toadd=\dimen198
\ST@dimen=\dimen199
\ST@pbox=\box67
))
(C:\Program Files\MiKTeX\tex/latex/glossaries/styles\glossary-tree.sty
Package: glossary-tree 2020/03/19 v4.46 (NLCT)
\glstreeindent=\skip72
))
\c@theorem=\count354
\c@corollary=\count355
\c@lemma=\count356

(C:\Program Files\MiKTeX\tex/latex/hyperref\backref.sty
Package: backref 2021/02/04 v1.41 Bibliographical back referencing
)
(C:\Program Files\MiKTeX\tex/latex/setspace\setspace.sty
Package: setspace 2011/12/19 v6.7a set line spacing
)
Package scrhack Info: loading setspace hack on input line 360.

(C:\Program Files\MiKTeX\tex/latex/koma-script\setspace.hak
File: setspace.hak 2021/03/17 v3.33 KOMA-Script scrhack part (hacking package s
etspace)
)
(C:\Program Files\MiKTeX\tex/latex/geometry\geometry.sty
Package: geometry 2020/01/02 v5.9 Page Geometry

(C:\Program Files\MiKTeX\tex/generic/iftex\ifvtex.sty
Package: ifvtex 2019/10/25 v1.7 ifvtex legacy package. Use iftex instead.
)
\Gm@cnth=\count357
\Gm@cntv=\count358
\c@Gm@tempcnt=\count359
\Gm@bindingoffset=\dimen256
\Gm@wd@mp=\dimen257
\Gm@odd@mp=\dimen258
\Gm@even@mp=\dimen259
\Gm@layoutwidth=\dimen260
\Gm@layoutheight=\dimen261
\Gm@layouthoffset=\dimen262
\Gm@layoutvoffset=\dimen263
\Gm@dimlist=\toks42

(C:\Program Files\MiKTeX\tex/latex/geometry\geometry.cfg))
(C:\Program Files\MiKTeX\tex/latex/koma-script\scrlayer-scrpage.sty
Package: scrlayer-scrpage 2021/03/17 v3.33 KOMA-Script package (end user interf
ace for scrlayer)

(C:\Program Files\MiKTeX\tex/latex/koma-script\scrlayer.sty
Package: scrlayer 2021/03/17 v3.33 KOMA-Script package (defining layers and pag
e styles)
\footheight=\skip73
Package scrlayer Info: patching LaTeX kernel macro \pagestyle on input line 216
2.
)
Package scrbase Info: Unknown processing state.
(scrbase)             Processing option `markcase=used'
(scrbase)             of member `.scrlayer-scrpage.sty' of family
(scrbase)             `KOMA' doesn't set
(scrbase)             a valid state. This will be interpreted
(scrbase)             as \FamilyKeyStateProcessed on input line 636.
)
Package scrlayer-scrpage Info: auto-selection of `pagestyleset=standard'.

1: chapter
1: chapter
1: section
\myheight=\skip74
\mydepth=\skip75
)
\@input{./include/PREAMBLE/preamble.aux}
\openout2 = `./include/PREAMBLE/preamble.aux'.

(include/PREAMBLE/preamble.tex
(C:\Program Files\MiKTeX\tex/latex/amsfonts\amsfonts.sty
Package: amsfonts 2013/01/14 v3.01 Basic AMSFonts support
\symAMSa=\mathgroup4
\symAMSb=\mathgroup5
LaTeX Font Info:    Redeclaring math symbol \hbar on input line 98.
LaTeX Font Info:    Overwriting math alphabet `\mathfrak' in version `bold'
(Font)                  U/euf/m/n --> U/euf/b/n on input line 106.
)
(C:\Program Files\MiKTeX\tex/latex/amsfonts\amssymb.sty
Package: amssymb 2013/01/14 v3.01 AMS font symbols
)
(C:\Program Files\MiKTeX\tex/latex/jknappen\mathrsfs.sty
Package: mathrsfs 1996/01/01 Math RSFS package v1.0 (jk)
\symrsfs=\mathgroup6
)
(C:\Program Files\MiKTeX\tex/latex/float\float.sty
Package: float 2001/11/08 v1.3d Float enhancements (AL)
\c@float@type=\count360
\float@exts=\toks43
\float@box=\box68
\@float@everytoks=\toks44
\@floatcapt=\box69
)
Package scrhack Info: loading float hack on input line 11.

(C:\Program Files\MiKTeX\tex/latex/koma-script\float.hak
File: float.hak 2021/03/17 v3.33 KOMA-Script scrhack part (hacking package floa
t)
Package scrhack Info: redefining \newfloat on input line 163.
Package scrhack Info: redefining \listof on input line 163.
Package scrhack Info: undefining \float@addtolists on input line 163.
)
(C:\Program Files\MiKTeX\tex/latex/multirow\multirow.sty
Package: multirow 2021/03/15 v2.8 Span multiple rows of a table
\multirow@colwidth=\skip76
\multirow@cntb=\count361
\multirow@dima=\skip77
\bigstrutjot=\dimen264
)
(C:\Program Files\MiKTeX\tex/latex/caption\subcaption.sty
Package: subcaption 2020/10/07 v1.3j Sub-captions (AR)
\c@subfigure=\count362
\c@subtable=\count363
)
(C:\Program Files\MiKTeX\tex/latex/graphics\lscape.sty
Package: lscape 2020/05/28 v3.02 Landscape Pages (DPC)
)
Package scrhack Info: loading lscape hack on input line 14.

(C:\Program Files\MiKTeX\tex/latex/koma-script\lscape.hak
File: lscape.hak 2021/03/17 v3.33 KOMA-Script scrhack part (hacking package lsc
ape)
Package scrhack Info: \landscape patched to make \textheight change optional on
 input line 90.
\scrh@LT@textheight=\skip78
)
(C:\Program Files\MiKTeX\tex/latex/latex-tools\verbatim.sty
Package: verbatim 2020-07-07 v1.5u LaTeX2e package for verbatim enhancements
\every@verbatim=\toks45
\verbatim@line=\toks46
\verbatim@in@stream=\read3
)
(C:\Program Files\MiKTeX\tex/latex/babelbib\babelbib.sty
Package: babelbib 2021/01/06 v1.34 babelbib: multilingual bibliographies
\c@btxromaniannumeral=\count364
)
(C:\Program Files\MiKTeX\tex/latex/appendix\appendix.sty
Package: appendix 2020/02/08 v1.2c extra appendix facilities
\c@@pps=\count365
\c@@ppsavesec=\count366
\c@@ppsaveapp=\count367
)
(C:\Program Files\MiKTeX\tex/latex/tocbibind\tocbibind.sty
Package: tocbibind 2010/10/13 v1.5k extra ToC listings
Package tocbibind Info: The document has chapter divisions on input line 50.


Package tocbibind Note: Using chapter style headings, unless overridden.

) (C:\Program Files\MiKTeX\tex/latex/realboxes\realboxes.sty
Package: realboxes 2011/08/08 v0.2 Change box commands to read there content as
 real boxes

(C:\Program Files\MiKTeX\tex/latex/collectbox\collectbox.sty
Package: collectbox 2012/05/17 v0.4b Collect macro arguments as boxes
\collectedbox=\box70
)
(C:\Program Files\MiKTeX\tex/latex/adjustbox\adjcalc.sty
Package: adjcalc 2012/05/16 v1.1 Provides advanced setlength with multiple back
-ends (calc, etex, pgfmath)
))
(C:\Program Files\MiKTeX\tex/latex/hyphenat\hyphenat.sty
Package: hyphenat 2009/09/02 v2.3c hyphenation utilities
\langwohyphens=\language80
LaTeX Info: Redefining \_ on input line 43.
)
(C:\Program Files\MiKTeX\tex/latex/latex-tools\multicol.sty
Package: multicol 2019/12/09 v1.8y multicolumn formatting (FMi)
\c@tracingmulticols=\count368
\mult@box=\box71
\multicol@leftmargin=\dimen265
\c@unbalance=\count369
\c@collectmore=\count370
\doublecol@number=\count371
\multicoltolerance=\count372
\multicolpretolerance=\count373
\full@width=\dimen266
\page@free=\dimen267
\premulticols=\dimen268
\postmulticols=\dimen269
\multicolsep=\skip79
\multicolbaselineskip=\skip80
\partial@page=\box72
\last@line=\box73
\maxbalancingoverflow=\dimen270
\mult@rightbox=\box74
\mult@grightbox=\box75
\mult@gfirstbox=\box76
\mult@firstbox=\box77
\@tempa=\box78
\@tempa=\box79
\@tempa=\box80
\@tempa=\box81
\@tempa=\box82
\@tempa=\box83
\@tempa=\box84
\@tempa=\box85
\@tempa=\box86
\@tempa=\box87
\@tempa=\box88
\@tempa=\box89
\@tempa=\box90
\@tempa=\box91
\@tempa=\box92
\@tempa=\box93
\@tempa=\box94
\@tempa=\box95
\@tempa=\box96
\@tempa=\box97
\@tempa=\box98
\@tempa=\box99
\@tempa=\box100
\@tempa=\box101
\@tempa=\box102
\@tempa=\box103
\@tempa=\box104
\@tempa=\box105
\@tempa=\box106
\@tempa=\box107
\@tempa=\box108
\@tempa=\box109
\@tempa=\box110
\@tempa=\box111
\@tempa=\box112
\@tempa=\box113
\@tempa=\box114
\c@minrows=\count374
\c@columnbadness=\count375
\c@finalcolumnbadness=\count376
\last@try=\dimen271
\multicolovershoot=\dimen272
\multicolundershoot=\dimen273
\mult@nat@firstbox=\box115
\colbreak@box=\box116
\mc@col@check@num=\count377
)
(C:\Program Files\MiKTeX\tex/latex/makecell\makecell.sty
Package: makecell 2009/08/03 V0.1e Managing of Tab Column Heads and Cells
\rotheadsize=\dimen274
\c@nlinenum=\count378
\TeXr@lab=\toks47
)
(C:\Program Files\MiKTeX\tex/latex/latex-tools\tabularx.sty
Package: tabularx 2020/01/15 v2.11c `tabularx' package (DPC)
\TX@col@width=\dimen275
\TX@old@table=\dimen276
\TX@old@col=\dimen277
\TX@target=\dimen278
\TX@delta=\dimen279
\TX@cols=\count379
\TX@ftn=\toks48
)
(C:\Program Files\MiKTeX\tex/latex/adjustbox\adjustbox.sty
Package: adjustbox 2020/08/19 v1.3 Adjusting TeX boxes (trim, clip, ...)

(C:\Program Files\MiKTeX\tex/latex/adjustbox\trimclip.sty
Package: trimclip 2020/08/19 v1.2 Trim and clip general TeX material
\tc@llx=\dimen280
\tc@lly=\dimen281
\tc@urx=\dimen282
\tc@ury=\dimen283
Package trimclip Info: Using driver 'tc-pdftex.def'.

(C:\Program Files\MiKTeX\tex/latex/adjustbox\tc-pdftex.def
File: tc-pdftex.def 2019/01/04 v2.2 Clipping driver for pdftex
))
\adjbox@Width=\dimen284
\adjbox@Height=\dimen285
\adjbox@Depth=\dimen286
\adjbox@Totalheight=\dimen287
\adjbox@pwidth=\dimen288
\adjbox@pheight=\dimen289
\adjbox@pdepth=\dimen290
\adjbox@ptotalheight=\dimen291

(C:\Program Files\MiKTeX\tex/latex/ifoddpage\ifoddpage.sty
Package: ifoddpage 2016/04/23 v1.1 Conditionals for odd/even page detection
\c@checkoddpage=\count380
)
(C:\Program Files\MiKTeX\tex/latex/varwidth\varwidth.sty
Package: varwidth 2009/03/30 ver 0.92;  Variable-width minipages
\@vwid@box=\box117
\sift@deathcycles=\count381
\@vwid@loff=\dimen292
\@vwid@roff=\dimen293
))
(C:\Program Files\MiKTeX\tex/latex/eurosym\eurosym.sty
Package: eurosym 1998/08/06 v1.1 European currency symbol ``Euro''
\@eurobox=\box118
)
(C:\Program Files\MiKTeX\tex/latex/paralist\paralist.sty
Package: paralist 2017/01/22 v2.7 Extended list environments
\pltopsep=\skip81
\plpartopsep=\skip82
\plitemsep=\skip83
\plparsep=\skip84
\pl@lab=\toks49
)
(C:\Program Files\MiKTeX\tex/latex/enumitem\enumitem.sty
Package: enumitem 2019/06/20 v3.9 Customized lists
\labelindent=\skip85
\enit@outerparindent=\dimen294
\enit@toks=\toks50
\enit@inbox=\box119
\enit@count@id=\count382
\enitdp@description=\count383
)
(C:\Program Files\MiKTeX\tex/latex/lipsum\lipsum.sty
Package: lipsum 2021-03-03 v2.3 150 paragraphs of Lorem Ipsum dummy text

(C:\Program Files\MiKTeX\tex/latex/lipsum\lipsum.ltd.tex
File: lipsum.ltd.tex 2021-03-03 v2.3 The Lorem ipsum dummy text
))
(C:\Program Files\MiKTeX\tex/latex/moreverb\moreverb.sty
Package: moreverb 2008/06/03 v2.3a `more' verbatim facilities
\tab@position=\count384
\tab@size=\count385
\listing@line=\count386
)
(C:\Program Files\MiKTeX\tex/latex/graphics\rotating.sty
Package: rotating 2016/08/11 v2.16d rotated objects in LaTeX
\c@r@tfl@t=\count387
\rotFPtop=\skip86
\rotFPbot=\skip87
\rot@float@box=\box120
\rot@mess@toks=\toks51
)
(C:\Program Files\MiKTeX\tex/latex/romannum\romannum.sty
Package: romannum 2009/09/03 v1.0b roman numerals

(C:\Program Files\MiKTeX\tex/latex/stdclsdv\stdclsdv.sty
Package: stdclsdv 2009/09/04 v1.1a Sectional divisions
))
(C:\Program Files\MiKTeX\tex/latex/pgfgantt\pgfgantt.sty
Package: pgfgantt 2018/01/10 v5.0 Draw Gantt diagrams with TikZ

(C:\Program Files\MiKTeX\tex/latex/pgf/frontendlayer\tikz.sty
(C:\Program Files\MiKTeX\tex/latex/pgf/basiclayer\pgf.sty
Package: pgf 2021/05/15 v3.1.9a (3.1.9a)

(C:\Program Files\MiKTeX\tex/latex/pgf/basiclayer\pgfcore.sty
(C:\Program Files\MiKTeX\tex/latex/pgf/systemlayer\pgfsys.sty
(C:\Program Files\MiKTeX\tex/generic/pgf/systemlayer\pgfsys.code.tex
Package: pgfsys 2021/05/15 v3.1.9a (3.1.9a)

(C:\Program Files\MiKTeX\tex/generic/pgf/utilities\pgfkeys.code.tex)
\pgf@x=\dimen295
\pgf@y=\dimen296
\pgf@xa=\dimen297
\pgf@ya=\dimen298
\pgf@xb=\dimen299
\pgf@yb=\dimen300
\pgf@xc=\dimen301
\pgf@yc=\dimen302
\pgf@xd=\dimen303
\pgf@yd=\dimen304
\w@pgf@writea=\write3
\r@pgf@reada=\read4
\c@pgf@counta=\count388
\c@pgf@countb=\count389
\c@pgf@countc=\count390
\c@pgf@countd=\count391
\t@pgf@toka=\toks52
\t@pgf@tokb=\toks53
\t@pgf@tokc=\toks54
\pgf@sys@id@count=\count392

(C:\Program Files\MiKTeX\tex/generic/pgf/systemlayer\pgf.cfg
File: pgf.cfg 2021/05/15 v3.1.9a (3.1.9a)
)
Driver file for pgf: pgfsys-pdftex.def

(C:\Program Files\MiKTeX\tex/generic/pgf/systemlayer\pgfsys-pdftex.def
File: pgfsys-pdftex.def 2021/05/15 v3.1.9a (3.1.9a)

(C:\Program Files\MiKTeX\tex/generic/pgf/systemlayer\pgfsys-common-pdf.def
File: pgfsys-common-pdf.def 2021/05/15 v3.1.9a (3.1.9a)
)))
(C:\Program Files\MiKTeX\tex/generic/pgf/systemlayer\pgfsyssoftpath.code.tex
File: pgfsyssoftpath.code.tex 2021/05/15 v3.1.9a (3.1.9a)
\pgfsyssoftpath@smallbuffer@items=\count393
\pgfsyssoftpath@bigbuffer@items=\count394
)
(C:\Program Files\MiKTeX\tex/generic/pgf/systemlayer\pgfsysprotocol.code.tex
File: pgfsysprotocol.code.tex 2021/05/15 v3.1.9a (3.1.9a)
))
(C:\Program Files\MiKTeX\tex/generic/pgf/basiclayer\pgfcore.code.tex
Package: pgfcore 2021/05/15 v3.1.9a (3.1.9a)

(C:\Program Files\MiKTeX\tex/generic/pgf/math\pgfmath.code.tex
(C:\Program Files\MiKTeX\tex/generic/pgf/math\pgfmathcalc.code.tex
(C:\Program Files\MiKTeX\tex/generic/pgf/math\pgfmathutil.code.tex)
(C:\Program Files\MiKTeX\tex/generic/pgf/math\pgfmathparser.code.tex
\pgfmath@dimen=\dimen305
\pgfmath@count=\count395
\pgfmath@box=\box121
\pgfmath@toks=\toks55
\pgfmath@stack@operand=\toks56
\pgfmath@stack@operation=\toks57
)
(C:\Program Files\MiKTeX\tex/generic/pgf/math\pgfmathfunctions.code.tex
(C:\Program Files\MiKTeX\tex/generic/pgf/math\pgfmathfunctions.basic.code.tex)
(C:\Program Files\MiKTeX\tex/generic/pgf/math\pgfmathfunctions.trigonometric.co
de.tex)
(C:\Program Files\MiKTeX\tex/generic/pgf/math\pgfmathfunctions.random.code.tex)

(C:\Program Files\MiKTeX\tex/generic/pgf/math\pgfmathfunctions.comparison.code.
tex)
(C:\Program Files\MiKTeX\tex/generic/pgf/math\pgfmathfunctions.base.code.tex)
(C:\Program Files\MiKTeX\tex/generic/pgf/math\pgfmathfunctions.round.code.tex)
(C:\Program Files\MiKTeX\tex/generic/pgf/math\pgfmathfunctions.misc.code.tex)
(C:\Program Files\MiKTeX\tex/generic/pgf/math\pgfmathfunctions.integerarithmeti
cs.code.tex)))
(C:\Program Files\MiKTeX\tex/generic/pgf/math\pgfmathfloat.code.tex
\c@pgfmathroundto@lastzeros=\count396
))
(C:\Program Files\MiKTeX\tex/generic/pgf/math\pgfint.code.tex)
(C:\Program Files\MiKTeX\tex/generic/pgf/basiclayer\pgfcorepoints.code.tex
File: pgfcorepoints.code.tex 2021/05/15 v3.1.9a (3.1.9a)
\pgf@picminx=\dimen306
\pgf@picmaxx=\dimen307
\pgf@picminy=\dimen308
\pgf@picmaxy=\dimen309
\pgf@pathminx=\dimen310
\pgf@pathmaxx=\dimen311
\pgf@pathminy=\dimen312
\pgf@pathmaxy=\dimen313
\pgf@xx=\dimen314
\pgf@xy=\dimen315
\pgf@yx=\dimen316
\pgf@yy=\dimen317
\pgf@zx=\dimen318
\pgf@zy=\dimen319
)
(C:\Program Files\MiKTeX\tex/generic/pgf/basiclayer\pgfcorepathconstruct.code.t
ex
File: pgfcorepathconstruct.code.tex 2021/05/15 v3.1.9a (3.1.9a)
\pgf@path@lastx=\dimen320
\pgf@path@lasty=\dimen321
)
(C:\Program Files\MiKTeX\tex/generic/pgf/basiclayer\pgfcorepathusage.code.tex
File: pgfcorepathusage.code.tex 2021/05/15 v3.1.9a (3.1.9a)
\pgf@shorten@end@additional=\dimen322
\pgf@shorten@start@additional=\dimen323
)
(C:\Program Files\MiKTeX\tex/generic/pgf/basiclayer\pgfcorescopes.code.tex
File: pgfcorescopes.code.tex 2021/05/15 v3.1.9a (3.1.9a)
\pgfpic=\box122
\pgf@hbox=\box123
\pgf@layerbox@main=\box124
\pgf@picture@serial@count=\count397
)
(C:\Program Files\MiKTeX\tex/generic/pgf/basiclayer\pgfcoregraphicstate.code.te
x
File: pgfcoregraphicstate.code.tex 2021/05/15 v3.1.9a (3.1.9a)
\pgflinewidth=\dimen324
)
(C:\Program Files\MiKTeX\tex/generic/pgf/basiclayer\pgfcoretransformations.code
.tex
File: pgfcoretransformations.code.tex 2021/05/15 v3.1.9a (3.1.9a)
\pgf@pt@x=\dimen325
\pgf@pt@y=\dimen326
\pgf@pt@temp=\dimen327
) (C:\Program Files\MiKTeX\tex/generic/pgf/basiclayer\pgfcorequick.code.tex
File: pgfcorequick.code.tex 2021/05/15 v3.1.9a (3.1.9a)
) (C:\Program Files\MiKTeX\tex/generic/pgf/basiclayer\pgfcoreobjects.code.tex
File: pgfcoreobjects.code.tex 2021/05/15 v3.1.9a (3.1.9a)
)
(C:\Program Files\MiKTeX\tex/generic/pgf/basiclayer\pgfcorepathprocessing.code.
tex
File: pgfcorepathprocessing.code.tex 2021/05/15 v3.1.9a (3.1.9a)
) (C:\Program Files\MiKTeX\tex/generic/pgf/basiclayer\pgfcorearrows.code.tex
File: pgfcorearrows.code.tex 2021/05/15 v3.1.9a (3.1.9a)
\pgfarrowsep=\dimen328
) (C:\Program Files\MiKTeX\tex/generic/pgf/basiclayer\pgfcoreshade.code.tex
File: pgfcoreshade.code.tex 2021/05/15 v3.1.9a (3.1.9a)
\pgf@max=\dimen329
\pgf@sys@shading@range@num=\count398
\pgf@shadingcount=\count399
)
(C:\Program Files\MiKTeX\tex/generic/pgf/basiclayer\pgfcoreimage.code.tex
File: pgfcoreimage.code.tex 2021/05/15 v3.1.9a (3.1.9a)

(C:\Program Files\MiKTeX\tex/generic/pgf/basiclayer\pgfcoreexternal.code.tex
File: pgfcoreexternal.code.tex 2021/05/15 v3.1.9a (3.1.9a)
\pgfexternal@startupbox=\box125
))
(C:\Program Files\MiKTeX\tex/generic/pgf/basiclayer\pgfcorelayers.code.tex
File: pgfcorelayers.code.tex 2021/05/15 v3.1.9a (3.1.9a)
)
(C:\Program Files\MiKTeX\tex/generic/pgf/basiclayer\pgfcoretransparency.code.te
x
File: pgfcoretransparency.code.tex 2021/05/15 v3.1.9a (3.1.9a)
) (C:\Program Files\MiKTeX\tex/generic/pgf/basiclayer\pgfcorepatterns.code.tex
File: pgfcorepatterns.code.tex 2021/05/15 v3.1.9a (3.1.9a)
) (C:\Program Files\MiKTeX\tex/generic/pgf/basiclayer\pgfcorerdf.code.tex
File: pgfcorerdf.code.tex 2021/05/15 v3.1.9a (3.1.9a)
)))
(C:\Program Files\MiKTeX\tex/generic/pgf/modules\pgfmoduleshapes.code.tex
File: pgfmoduleshapes.code.tex 2021/05/15 v3.1.9a (3.1.9a)
\pgfnodeparttextbox=\box126
)
(C:\Program Files\MiKTeX\tex/generic/pgf/modules\pgfmoduleplot.code.tex
File: pgfmoduleplot.code.tex 2021/05/15 v3.1.9a (3.1.9a)
)
(C:\Program Files\MiKTeX\tex/latex/pgf/compatibility\pgfcomp-version-0-65.sty
Package: pgfcomp-version-0-65 2021/05/15 v3.1.9a (3.1.9a)
\pgf@nodesepstart=\dimen330
\pgf@nodesepend=\dimen331
)
(C:\Program Files\MiKTeX\tex/latex/pgf/compatibility\pgfcomp-version-1-18.sty
Package: pgfcomp-version-1-18 2021/05/15 v3.1.9a (3.1.9a)
)) (C:\Program Files\MiKTeX\tex/latex/pgf/utilities\pgffor.sty
(C:\Program Files\MiKTeX\tex/latex/pgf/math\pgfmath.sty
(C:\Program Files\MiKTeX\tex/generic/pgf/math\pgfmath.code.tex))
(C:\Program Files\MiKTeX\tex/generic/pgf/utilities\pgffor.code.tex
Package: pgffor 2021/05/15 v3.1.9a (3.1.9a)

(C:\Program Files\MiKTeX\tex/generic/pgf/math\pgfmath.code.tex)
\pgffor@iter=\dimen332
\pgffor@skip=\dimen333
\pgffor@stack=\toks58
\pgffor@toks=\toks59
))
(C:\Program Files\MiKTeX\tex/generic/pgf/frontendlayer/tikz\tikz.code.tex
Package: tikz 2021/05/15 v3.1.9a (3.1.9a)

(C:\Program Files\MiKTeX\tex/generic/pgf/libraries\pgflibraryplothandlers.code.
tex
File: pgflibraryplothandlers.code.tex 2021/05/15 v3.1.9a (3.1.9a)
\pgf@plot@mark@count=\count400
\pgfplotmarksize=\dimen334
)
\tikz@lastx=\dimen335
\tikz@lasty=\dimen336
\tikz@lastxsaved=\dimen337
\tikz@lastysaved=\dimen338
\tikz@lastmovetox=\dimen339
\tikz@lastmovetoy=\dimen340
\tikzleveldistance=\dimen341
\tikzsiblingdistance=\dimen342
\tikz@figbox=\box127
\tikz@figbox@bg=\box128
\tikz@tempbox=\box129
\tikz@tempbox@bg=\box130
\tikztreelevel=\count401
\tikznumberofchildren=\count402
\tikznumberofcurrentchild=\count403
\tikz@fig@count=\count404
 (C:\Program Files\MiKTeX\tex/generic/pgf/modules\pgfmodulematrix.code.tex
File: pgfmodulematrix.code.tex 2021/05/15 v3.1.9a (3.1.9a)
\pgfmatrixcurrentrow=\count405
\pgfmatrixcurrentcolumn=\count406
\pgf@matrix@numberofcolumns=\count407
)
\tikz@expandcount=\count408

(C:\Program Files\MiKTeX\tex/generic/pgf/frontendlayer/tikz/libraries\tikzlibra
rytopaths.code.tex
File: tikzlibrarytopaths.code.tex 2021/05/15 v3.1.9a (3.1.9a)
)))
(C:\Program Files\MiKTeX\tex/generic/pgf/frontendlayer/tikz/libraries\tikzlibra
ryarrows.code.tex
File: tikzlibraryarrows.code.tex 2021/05/15 v3.1.9a (3.1.9a)

(C:\Program Files\MiKTeX\tex/generic/pgf/libraries\pgflibraryarrows.code.tex
File: pgflibraryarrows.code.tex 2021/05/15 v3.1.9a (3.1.9a)
\arrowsize=\dimen343
))
(C:\Program Files\MiKTeX\tex/generic/pgf/frontendlayer/tikz/libraries\tikzlibra
rybackgrounds.code.tex
File: tikzlibrarybackgrounds.code.tex 2021/05/15 v3.1.9a (3.1.9a)
\pgf@layerbox@background=\box131
\pgf@layerboxsaved@background=\box132
)
(C:\Program Files\MiKTeX\tex/generic/pgf/frontendlayer/tikz/libraries\tikzlibra
rycalc.code.tex
File: tikzlibrarycalc.code.tex 2021/05/15 v3.1.9a (3.1.9a)
)
(C:\Program Files\MiKTeX\tex/generic/pgf/frontendlayer/tikz/libraries\tikzlibra
rypatterns.code.tex
File: tikzlibrarypatterns.code.tex 2021/05/15 v3.1.9a (3.1.9a)

(C:\Program Files\MiKTeX\tex/generic/pgf/libraries\pgflibrarypatterns.code.tex
File: pgflibrarypatterns.code.tex 2021/05/15 v3.1.9a (3.1.9a)
))
(C:\Program Files\MiKTeX\tex/generic/pgf/frontendlayer/tikz/libraries\tikzlibra
rypositioning.code.tex
File: tikzlibrarypositioning.code.tex 2021/05/15 v3.1.9a (3.1.9a)
)
(C:\Program Files\MiKTeX\tex/generic/pgf/frontendlayer/tikz/libraries\tikzlibra
ryshapes.geometric.code.tex
File: tikzlibraryshapes.geometric.code.tex 2021/05/15 v3.1.9a (3.1.9a)

(C:\Program Files\MiKTeX\tex/generic/pgf/libraries/shapes\pgflibraryshapes.geom
etric.code.tex
File: pgflibraryshapes.geometric.code.tex 2021/05/15 v3.1.9a (3.1.9a)
))
\gtt@currentline=\count409
\gtt@lasttitleline=\count410
\gtt@currgrid=\count411
\gtt@chartwidth=\count412
\gtt@lasttitleslot=\count413
\gtt@elementid=\count414
\gtt@today@slot=\count415
\gtt@startjulian=\count416
\gtt@endjulian=\count417
\gtt@chartid=\count418
\gtt@vrule@slot=\count419
\gtt@calendar@slots=\count420
\gtt@calendar@weeknumber=\count421
\gtt@calendar@startofweek=\count422
\gtt@left@slot=\count423
\gtt@right@slot=\count424
) (C:\Program Files\MiKTeX\tex/latex/circuitikz\circuitikz.sty
Package: circuitikz 2021/05/09{} The CircuiTikz circuit drawing package version
 1.3.6

(C:\Program Files\MiKTeX\tex/generic/pgf/libraries\pgflibraryarrows.meta.code.t
ex
File: pgflibraryarrows.meta.code.tex 2021/05/15 v3.1.9a (3.1.9a)
\pgfarrowinset=\dimen344
\pgfarrowlength=\dimen345
\pgfarrowwidth=\dimen346
\pgfarrowlinewidth=\dimen347
)
(C:\Program Files\MiKTeX\tex/generic/pgf/frontendlayer/tikz/libraries\tikzlibra
rybending.code.tex
File: tikzlibrarybending.code.tex 2021/05/15 v3.1.9a (3.1.9a)

(C:\Program Files\MiKTeX\tex/generic/pgf/modules\pgfmodulebending.code.tex
File: pgfmodulebending.code.tex 2021/05/15 v3.1.9a (3.1.9a)

(C:\Program Files\MiKTeX\tex/generic/pgf/modules\pgfmodulenonlineartransformati
ons.code.tex
File: pgfmodulenonlineartransformations.code.tex 2021/05/15 v3.1.9a (3.1.9a)
\pgftransformnonlinearflatness=\dimen348
)
(C:\Program Files\MiKTeX\tex/generic/pgf/libraries\pgflibrarycurvilinear.code.t
ex
File: pgflibrarycurvilinear.code.tex 2021/05/15 v3.1.9a (3.1.9a)
\pgf@curvilinear@time@a=\dimen349
\pgf@curvilinear@length@a=\dimen350
\pgf@curvilinear@length@b=\dimen351
\pgf@curvilinear@length@c=\dimen352
\pgf@curvilinear@length@d=\dimen353
)
\pgf@arrows@the@rigidity=\dimen354
))
(C:\Program Files\MiKTeX\tex/generic/pgf/frontendlayer/tikz/libraries\tikzlibra
ryfpu.code.tex
(C:\Program Files\MiKTeX\tex/generic/pgf/libraries\pgflibraryfpu.code.tex))
(C:\Program Files\MiKTeX\tex/generic/circuitikz\pgfcirc.defines.tex
\pgf@circ@count@a=\count425
\pgf@circ@count@b=\count426
\pgf@circ@count@c=\count427
\pgf@circ@res@up=\dimen355
\pgf@circ@res@down=\dimen356
\pgf@circ@res@zero=\dimen357
\pgf@circ@res@left=\dimen358
\pgf@circ@res@right=\dimen359
\pgf@circ@res@other=\dimen360
\pgf@circ@res@step=\dimen361
\pgf@circ@res@temp=\dimen362
\pgf@circ@Rlen=\dimen363
\pgf@circ@scaled@Rlen=\dimen364
\pgfstartlinewidth=\dimen365
)
(C:\Program Files\MiKTeX\tex/generic/circuitikz\pgfcircutils.tex
\ctikz@scratchbox=\box133
)
(C:\Program Files\MiKTeX\tex/generic/circuitikz\pgfcircpath.tex)
(C:\Program Files\MiKTeX\tex/generic/circuitikz\pgfcircshapes.tex)
(C:\Program Files\MiKTeX\tex/generic/circuitikz\pgfcircmonopoles.tex)
(C:\Program Files\MiKTeX\tex/generic/circuitikz\pgfcircbipoles.tex)
(C:\Program Files\MiKTeX\tex/generic/circuitikz\pgfcirctripoles.tex
\pgf@circ@res@count=\count428
)
(C:\Program Files\MiKTeX\tex/generic/circuitikz\pgfcircquadpoles.tex)
(C:\Program Files\MiKTeX\tex/generic/circuitikz\pgfcircmultipoles.tex)
(C:\Program Files\MiKTeX\tex/generic/circuitikz\pgfcirclabel.tex)
(C:\Program Files\MiKTeX\tex/generic/circuitikz\pgfcircvoltage.tex
\pgfcirc@labelshift=\dimen366
)
(C:\Program Files\MiKTeX\tex/generic/circuitikz\pgfcirccurrent.tex)
(C:\Program Files\MiKTeX\tex/generic/circuitikz\pgfcircflow.tex)))
\@input{./include/SETUP/NewCommands.aux}
\openout2 = `./include/SETUP/NewCommands.aux'.

(include/SETUP/NewCommands.tex
\c@definition=\count429
)
\glswrite=\write4
\glo@main@file=\write5
\openout5 = `main.glo'.

Package glossaries Info: Writing glossary file main.glo on input line 39.
\glo@acronym@file=\write6
\openout6 = `main.acn'.

Package glossaries Info: Writing glossary file main.acn on input line 39.
\glo@symbolslist@file=\write7
\openout7 = `main.syg'.

Package glossaries Info: Writing glossary file main.syg on input line 39.
\glo@hidden@file=\write8
\openout8 = `main.acnh'.

Package glossaries Info: Writing glossary file main.acnh on input line 39.
 (front/0_glossary.tex) (front/0_acronyms.tex)
(front/0_symbols.tex)
Package csquotes Info: Checking for multilingual support...
Package csquotes Info: ... found 'babel' package.
LaTeX Font Info:    Trying to load font information for T1+lmr on input line 44
.
 (C:\Program Files\MiKTeX\tex/latex/lm\t1lmr.fd
File: t1lmr.fd 2009/10/30 v1.6 Font defs for Latin Modern
) (main.aux (front/title.aux) (front/2_acknowledgements.aux) (front/3_abstract.
aux
(C:\Program Files\MiKTeX\tex/generic/babel/locale/en\babel-english.tex
Package babel Info: Importing basic data for english
(babel)             from babel-en.ini. Reported on input line 11.
))
(front/4_frontmatterlists.aux) (chapters/Introducao.aux)
(chapters/Desenvolvimento.aux) (chapters/Conclusao.aux) (chapters/appendixA.aux
))
\openout1 = `main.aux'.

LaTeX Font Info:    Checking defaults for OML/cmm/m/it on input line 44.
LaTeX Font Info:    ... okay on input line 44.
LaTeX Font Info:    Checking defaults for OMS/cmsy/m/n on input line 44.
LaTeX Font Info:    ... okay on input line 44.
LaTeX Font Info:    Checking defaults for OT1/cmr/m/n on input line 44.
LaTeX Font Info:    ... okay on input line 44.
LaTeX Font Info:    Checking defaults for T1/cmr/m/n on input line 44.
LaTeX Font Info:    ... okay on input line 44.
LaTeX Font Info:    Checking defaults for TS1/cmr/m/n on input line 44.
LaTeX Font Info:    ... okay on input line 44.
LaTeX Font Info:    Checking defaults for OMX/cmex/m/n on input line 44.
LaTeX Font Info:    ... okay on input line 44.
LaTeX Font Info:    Checking defaults for U/cmr/m/n on input line 44.
LaTeX Font Info:    ... okay on input line 44.
LaTeX Font Info:    Checking defaults for PD1/pdf/m/n on input line 44.
LaTeX Font Info:    ... okay on input line 44.
LaTeX Font Info:    Checking defaults for PU/pdf/m/n on input line 44.
LaTeX Font Info:    ... okay on input line 44.
 (C:\Program Files\MiKTeX\tex/context/base/mkii\supp-pdf.mkii
[Loading MPS to PDF converter (version 2006.09.02).]
\scratchcounter=\count430
\scratchdimen=\dimen367
\scratchbox=\box134
\nofMPsegments=\count431
\nofMParguments=\count432
\everyMPshowfont=\toks60
\MPscratchCnt=\count433
\MPscratchDim=\dimen368
\MPnumerator=\count434
\makeMPintoPDFobject=\count435
\everyMPtoPDFconversion=\toks61
) (C:\Program Files\MiKTeX\tex/latex/epstopdf-pkg\epstopdf-base.sty
Package: epstopdf-base 2020-01-24 v2.11 Base part for package epstopdf
Package epstopdf-base Info: Redefining graphics rule for `.eps' on input line 4
85.

(C:\Program Files\MiKTeX\tex/latex/00miktex\epstopdf-sys.cfg
File: epstopdf-sys.cfg 2021/03/18 v2.0 Configuration of epstopdf for MiKTeX
))
Package caption Info: Begin \AtBeginDocument code.
Package caption Info: float package is loaded.
Package caption Info: hyperref package is loaded.
Package caption Info: listings package is loaded.
Package caption Info: rotating package is loaded.
Package caption Info: supertabular package is loaded.
Package caption Info: End \AtBeginDocument code.
Package hyperref Info: Link coloring OFF on input line 44.

(C:\Program Files\MiKTeX\tex/latex/hyperref\nameref.sty
Package: nameref 2021-04-02 v2.47 Cross-referencing by name of section

(C:\Program Files\MiKTeX\tex/latex/refcount\refcount.sty
Package: refcount 2019/12/15 v3.6 Data extraction from label references (HO)
)
(C:\Program Files\MiKTeX\tex/generic/gettitlestring\gettitlestring.sty
Package: gettitlestring 2019/12/15 v1.6 Cleanup title references (HO)
)
\c@section@level=\count436
)
LaTeX Info: Redefining \ref on input line 44.
LaTeX Info: Redefining \pageref on input line 44.
LaTeX Info: Redefining \nameref on input line 44.

(main.out) (main.out)
\@outlinefile=\write9
\openout9 = `main.out'.

\c@lstlisting=\count437
Package scrhack Info: undefining \float@addtolists on input line 44.
Package tocbasic Info: usage of `tocbibind' detected on input line 44.


Package tocbasic Warning: `tocbibind' redefinition of `\listoffigures'
(tocbasic)                detected.
(tocbasic)                Note: Loading `tocbibind' without option `notlof'
(tocbasic)                can break several features of `tocbasic'.
(tocbasic)                Loading `tocbibind' before `tocbasic' would avoid
(tocbasic)                this warning message.


Package tocbasic Warning: `tocbibind' redefinition of `\listoftables'
(tocbasic)                detected.
(tocbasic)                Note: Loading `tocbibind' without option `notlot'
(tocbasic)                can break several features of `tocbasic'.
(tocbasic)                Loading `tocbibind' before `tocbasic' would avoid
(tocbasic)                this warning message.

Package translations Info: no dictionary file `translations-basic-dictionary-po
rtuges.trsl' found. on input line 44.

(C:\Program Files\MiKTeX\tex/latex/glossaries-english\glossaries-dictionary-Eng
lish.dict
Dictionary: glossaries-dictionary, Language: English 
)
Package scrbase Info: activating portuguese \reftocname on input line 44.
Package scrbase Info: activating portuguese \degreetemp on input line 44.
Package scrbase Info: activating portuguese \disclamertemp on input line 44.
Package scrbase Info: activating portuguese \studentlabel on input line 44.
Package scrbase Info: activating portuguese \nblabel on input line 44.
Package scrbase Info: activating portuguese \advisorlabel on input line 44.
Package scrbase Info: activating portuguese \coadvisorlabel on input line 44.
Package scrbase Info: activating portuguese \supervisorlabel on input line 44.
Package scrbase Info: activating portuguese \companylabel on input line 44.
Package scrbase Info: activating portuguese \acknowledgementname on input line 
44.
Package scrbase Info: activating portuguese \abstraclabel on input line 44.
Package scrbase Info: activating portuguese \keywordslabel on input line 44.
Package scrbase Info: activating portuguese \acronymsname on input line 44.
Package scrbase Info: activating portuguese \symbolsname on input line 44.
Package scrbase Info: activating portuguese \symbolsSymbol on input line 44.
Package scrbase Info: activating portuguese \symbolsDescription on input line 4
4.
Package scrbase Info: activating portuguese \symbolsUnits on input line 44.

*geometry* driver: auto-detecting
*geometry* detected driver: pdftex
*geometry* verbose mode - [ preamble ] result:
* driver: pdftex
* paper: a4paper
* layout: <same size as paper>
* layoutoffset:(h,v)=(0.0pt,0.0pt)
* bindingoffset: 14.22636pt
* modes: twoside 
* h-part:(L,W,R)=(85.35826pt, 398.33861pt, 99.58464pt)
* v-part:(T,H,B)=(99.58464pt, 660.10394pt, 85.35826pt)
* \paperwidth=597.50787pt
* \paperheight=845.04684pt
* \textwidth=398.33861pt
* \textheight=660.10394pt
* \oddsidemargin=27.31464pt
* \evensidemargin=27.31465pt
* \topmargin=-11.41278pt
* \headheight=18.85364pt
* \headsep=19.8738pt
* \topskip=11.0pt
* \footskip=27.46295pt
* \marginparwidth=106.0pt
* \marginparsep=7.0pt
* \columnsep=10.0pt
* \skip\footins=10.0pt plus 4.0pt minus 2.0pt
* \hoffset=0.0pt
* \voffset=0.0pt
* \mag=1000
* \@twocolumnfalse
* \@twosidetrue
* \@mparswitchtrue
* \@reversemarginfalse
* (1in=72.27pt=25.4mm, 1cm=28.453pt)

Package scrlayer Info: Setting magic \footheight to \baselineskip while
(scrlayer)             \begin{document} on input line 44.
babelbib: Use citation-dependent languages in bibliography
babelbib: Set bibliography fall-back language to portuguese
babelbib: english.bdf loaded because language english defined.
(C:\Program Files\MiKTeX\tex/latex/babelbib\english.bdf
File: english.bdf 2021/01/06 v1.34 babelbib: multilingual bibliographies
)
babelbib: portuguese.bdf loaded because language portuguese defined.
(C:\Program Files\MiKTeX\tex/latex/babelbib\portuguese.bdf
File: portuguese.bdf 2021/01/06 v1.34 babelbib: multilingual bibliographies

babelbib extension \bibsportuguese added to \extrasportuguese
babelbib extension \btxifchangecaseoff added to \extrasportuguese
)
\openout2 = `front/title.aux'.

 (front/title.tex
1: section
<front//ISEP_logo.jpg, id=142, 730.6497pt x 278.2395pt>
File: front//ISEP_logo.jpg Graphic file (type jpg)
<use front//ISEP_logo.jpg>
Package pdftex.def Info: front//ISEP_logo.jpg  used on input line 6.
(pdftex.def)             Requested size: 184.9429pt x 70.4258pt.
[1







\openout4 = `main.ist'.




{C:/Users/sergi/AppData/Local/MiKTeX/pdftex/config/pdftex.map} <./front//ISEP_l
ogo.jpg>] [2

]
LaTeX Font Info:    Trying to load font information for TS1+lmr on input line 7
.
 (C:\Program Files\MiKTeX\tex/latex/lm\ts1lmr.fd
File: ts1lmr.fd 2009/10/30 v1.6 Font defs for Latin Modern
)
LaTeX Font Info:    Trying to load font information for T1+lmtt on input line 7
.

(C:\Program Files\MiKTeX\tex/latex/lm\t1lmtt.fd
File: t1lmtt.fd 2009/10/30 v1.6 Font defs for Latin Modern
)
LaTeX Font Info:    Trying to load font information for OT1+lmr on input line 7
.

(C:\Program Files\MiKTeX\tex/latex/lm\ot1lmr.fd
File: ot1lmr.fd 2009/10/30 v1.6 Font defs for Latin Modern
)
LaTeX Font Info:    Trying to load font information for OML+lmm on input line 7
.

(C:\Program Files\MiKTeX\tex/latex/lm\omllmm.fd
File: omllmm.fd 2009/10/30 v1.6 Font defs for Latin Modern
)
LaTeX Font Info:    Trying to load font information for OMS+lmsy on input line 
7.

(C:\Program Files\MiKTeX\tex/latex/lm\omslmsy.fd
File: omslmsy.fd 2009/10/30 v1.6 Font defs for Latin Modern
)
LaTeX Font Info:    Trying to load font information for OMX+lmex on input line 
7.

(C:\Program Files\MiKTeX\tex/latex/lm\omxlmex.fd
File: omxlmex.fd 2009/10/30 v1.6 Font defs for Latin Modern
)
LaTeX Font Info:    External font `lmex10' loaded for size
(Font)              <12> on input line 7.
LaTeX Font Info:    External font `lmex10' loaded for size
(Font)              <8> on input line 7.
LaTeX Font Info:    External font `lmex10' loaded for size
(Font)              <6> on input line 7.
LaTeX Font Info:    Trying to load font information for U+msa on input line 7.

(C:\Program Files\MiKTeX\tex/latex/amsfonts\umsa.fd
File: umsa.fd 2013/01/14 v3.01 AMS symbols A
)
LaTeX Font Info:    Trying to load font information for U+msb on input line 7.

(C:\Program Files\MiKTeX\tex/latex/amsfonts\umsb.fd
File: umsb.fd 2013/01/14 v3.01 AMS symbols B
)
LaTeX Font Info:    Trying to load font information for U+rsfs on input line 7.


(C:\Program Files\MiKTeX\tex/latex/jknappen\ursfs.fd
File: ursfs.fd 1998/03/24 rsfs font definition file (jk)
)
File: front//ISEP_logo.jpg Graphic file (type jpg)
<use front//ISEP_logo.jpg>
Package pdftex.def Info: front//ISEP_logo.jpg  used on input line 7.
(pdftex.def)             Requested size: 184.9429pt x 70.4258pt.
 [3] [4

])
\openout2 = `front/2_acknowledgements.aux'.


(front/2_acknowledgements.tex
--------------------
 Agradecimentos
--------------------

Underfull \hbox (badness 10000) in paragraph at lines 5--8

 []

[5





] [6

])
\openout2 = `front/3_abstract.aux'.

 (front/3_abstract.tex
--------------------
 Resumo
--------------------

Underfull \hbox (badness 10000) in paragraph at lines 14--28

 []


Underfull \hbox (badness 10000) in paragraph at lines 14--28

 []


Underfull \hbox (badness 10000) in paragraph at lines 14--28

 []


Underfull \hbox (badness 10000) in paragraph at lines 14--28

 []


Underfull \hbox (badness 10000) in paragraph at lines 14--28

 []

1: section
LaTeX Font Info:    External font `lmex10' loaded for size
(Font)              <10.95> on input line 34.
pdfTeX warning (ext4): destination with the same identifier (name{page.i}) has 
been already used, duplicate ignored
<to be read again> 
                   \relax 
l.34 \begin{secondlangabstract}
                                [1





]pdfTeX warning (ext4): destination with the same identifier (name{page.ii}) ha
s been already used, duplicate ignored
<to be read again> 
                   \relax 
l.34 \begin{secondlangabstract}
                                [2

]
--------------------
 Abstract
--------------------

Underfull \hbox (badness 10000) in paragraph at lines 36--52

 []


Underfull \hbox (badness 10000) in paragraph at lines 36--52

 []


Underfull \hbox (badness 10000) in paragraph at lines 36--52

 []


Underfull \hbox (badness 10000) in paragraph at lines 36--52

 []

)
1: section
pdfTeX warning (ext4): destination with the same identifier (name{page.iii}) ha
s been already used, duplicate ignored
<to be read again> 
                   \relax 
l.52 \include{front/3_abstract}
                               			% Edit the file to write the document Abst...
[3

]
\openout2 = `front/4_frontmatterlists.aux'.

 (front/4_frontmatterlists.texpdfTeX warning (ext4): destination with the same 
identifier (name{page.iv}) has been already used, duplicate ignored
<to be read again> 
                   \relax 
l.5 \tableofcontents
                     	 [4




] (main.toc
1: section
pdfTeX warning (ext4): destination with the same identifier (name{page.v}) has 
been already used, duplicate ignored
<to be read again> 
                   \relax 
l.31 ...chapter}{Refer\^{e}ncias}{45}{chapter*.53}
                                                  % [5])
\tf@toc=\write10
\openout10 = `main.toc'.

pdfTeX warning (ext4): destination with the same identifier (name{page.vi}) has
 been already used, duplicate ignored
<to be read again> 
                   \relax 
l.9 \listoffigures
                   			% Prints the list of figures [6] (main.lof
1: section
[7

])
\tf@lof=\write11
\openout11 = `main.lof'.

 [8] (main.lot)
\tf@lot=\write12
\openout12 = `main.lot'.


1: section
[9

] [10

] (main.lol)
\tf@lol=\write13
\openout13 = `main.lol'.

 (main.gls) (main.acr
1: section
[11] [12

]))
1: section
[13

] [14



]
1: section
\openout2 = `chapters/Introducao.aux'.

(chapters/Introducao.tex
Cap\'{\i }tulo 1.
<./image/PESTA/fisica/mass-1.png, id=486, 450.9347pt x 304.13625pt>
File: ./image/PESTA/fisica/mass-1.png Graphic file (type png)
<use ./image/PESTA/fisica/mass-1.png>
Package pdftex.def Info: ./image/PESTA/fisica/mass-1.png  used on input line 9.

(pdftex.def)             Requested size: 398.33861pt x 268.6756pt.

Underfull \hbox (badness 10000) in paragraph at lines 2--12

 []

1: section
[1


]
Underfull \hbox (badness 10000) in paragraph at lines 13--22

 []


Underfull \hbox (badness 10000) in paragraph at lines 13--22

 []


Underfull \hbox (badness 10000) in paragraph at lines 13--22

 []


Underfull \hbox (badness 10000) in paragraph at lines 23--30

 []


Underfull \hbox (badness 10000) in paragraph at lines 23--30

 []

[2 <./image/PESTA/fisica/mass-1.png>]
Overfull \hbox (5.78955pt too wide) in paragraph at lines 71--74
[][]
 []

[3]
Underfull \hbox (badness 10000) in paragraph at lines 76--93

 []


Underfull \hbox (badness 10000) in paragraph at lines 76--93

 []


Underfull \hbox (badness 10000) in paragraph at lines 76--93

 []


Underfull \hbox (badness 10000) in paragraph at lines 76--93

 []


Underfull \hbox (badness 10000) in paragraph at lines 76--93

 []

[4] [5] [6

]
Cap\'{\i }tulo 2.
<./image/PESTA/general/balanca_1.jpg, id=515, 642.4pt x 481.8pt>
File: ./image/PESTA/general/balanca_1.jpg Graphic file (type jpg)
<use ./image/PESTA/general/balanca_1.jpg>
Package pdftex.def Info: ./image/PESTA/general/balanca_1.jpg  used on input lin
e 106.
(pdftex.def)             Requested size: 265.552pt x 199.16928pt.

Overfull \hbox (86.30086pt too wide) in paragraph at lines 106--107
 [][] 
 []

<./image/PESTA/general/balanca_4.jpg, id=516, 160.4394pt x 192.9609pt>
File: ./image/PESTA/general/balanca_4.jpg Graphic file (type jpg)
<use ./image/PESTA/general/balanca_4.jpg>
Package pdftex.def Info: ./image/PESTA/general/balanca_4.jpg  used on input lin
e 115.
(pdftex.def)             Requested size: 165.60695pt x 199.16928pt.
<./image/PESTA/general/Weigh_Scale_Salter_1.jpg, id=517, 803.0pt x 982.67125pt>

File: ./image/PESTA/general/Weigh_Scale_Salter_1.jpg Graphic file (type jpg)
<use ./image/PESTA/general/Weigh_Scale_Salter_1.jpg>
Package pdftex.def Info: ./image/PESTA/general/Weigh_Scale_Salter_1.jpg  used o
n input line 132.
(pdftex.def)             Requested size: 240.90186pt x 294.80365pt.

Underfull \hbox (badness 10000) in paragraph at lines 96--136

 []


Overfull \hbox (27.62631pt too wide) in paragraph at lines 96--136
[]$   $[]$ 
 []


Underfull \hbox (badness 10000) in paragraph at lines 96--136

 []


Underfull \hbox (badness 10000) in paragraph at lines 96--136

 []


Underfull \hbox (badness 10000) in paragraph at lines 96--136

 []


Underfull \hbox (badness 10000) in paragraph at lines 96--136

 []


Underfull \hbox (badness 10000) in paragraph at lines 96--136

 []

1: section
[7] [8 <./image/PESTA/general/balanca_1.jpg> <./image/PESTA/general/balanca_4.j
pg>]
<./image/PESTA/general/Public_Body_Scales_1.jpg, id=532, 383.18156pt x 248.4281
3pt>
File: ./image/PESTA/general/Public_Body_Scales_1.jpg Graphic file (type jpg)
<use ./image/PESTA/general/Public_Body_Scales_1.jpg>
Package pdftex.def Info: ./image/PESTA/general/Public_Body_Scales_1.jpg  used o
n input line 142.
(pdftex.def)             Requested size: 307.20636pt x 199.16928pt.
<./image/PESTA/general/Balanca_Mola_1.jpg, id=533, 97.8054pt x 204.5241pt>
File: ./image/PESTA/general/Balanca_Mola_1.jpg Graphic file (type jpg)
<use ./image/PESTA/general/Balanca_Mola_1.jpg>
Package pdftex.def Info: ./image/PESTA/general/Balanca_Mola_1.jpg  used on inpu
t line 144.
(pdftex.def)             Requested size: 95.24718pt x 199.16928pt.

Overfull \hbox (43.65428pt too wide) in paragraph at lines 137--150
\T1/lmr/m/n/10.95 culo \T1/lmr/m/it/10.95 XX\T1/lmr/m/n/10.95 . $[]$ 
 []


Underfull \hbox (badness 10000) in paragraph at lines 137--150

 []

[9 <./image/PESTA/general/Weigh_Scale_Salter_1.jpg>]
<./image/PESTA/general/Scale_1.jpg, id=539, 1330.9725pt x 1039.63406pt>
File: ./image/PESTA/general/Scale_1.jpg Graphic file (type jpg)
<use ./image/PESTA/general/Scale_1.jpg>
Package pdftex.def Info: ./image/PESTA/general/Scale_1.jpg  used on input line 
156.
(pdftex.def)             Requested size: 254.97922pt x 199.16928pt.

Underfull \hbox (badness 10000) in paragraph at lines 152--159

 []

[10 <./image/PESTA/general/Public_Body_Scales_1.jpg> <./image/PESTA/general/Bal
anca_Mola_1.jpg>]
<./image/PESTA/fisica/Hooke-1.jpg, id=547, 459.96844pt x 191.21437pt>
File: ./image/PESTA/fisica/Hooke-1.jpg Graphic file (type jpg)
<use ./image/PESTA/fisica/Hooke-1.jpg>
Package pdftex.def Info: ./image/PESTA/fisica/Hooke-1.jpg  used on input line 1
72.
(pdftex.def)             Requested size: 342.23123pt x 142.26378pt.
 [11 <./image/PESTA/general/Scale_1.jpg>])
Underfull \hbox (badness 10000) in paragraph at lines 195--58

 []


Underfull \hbox (badness 10000) in paragraph at lines 195--58

 []

[12 <./image/PESTA/fisica/Hooke-1.jpg>] [13]
\openout2 = `chapters/Desenvolvimento.aux'.

 (chapters/Desenvolvimento.tex
[14




]
Cap\'{\i }tulo 3.
<./image/PESTA/kit/Kit_Desenvolvimento_2.jpg, id=577, 3014.26125pt x 1704.3675p
t>
File: ./image/PESTA/kit/Kit_Desenvolvimento_2.jpg Graphic file (type jpg)
<use ./image/PESTA/kit/Kit_Desenvolvimento_2.jpg>
Package pdftex.def Info: ./image/PESTA/kit/Kit_Desenvolvimento_2.jpg  used on i
nput line 13.
(pdftex.def)             Requested size: 361.69574pt x 204.51527pt.

Underfull \hbox (badness 10000) in paragraph at lines 4--16

 []


Underfull \hbox (badness 10000) in paragraph at lines 4--16

 []


Underfull \hbox (badness 10000) in paragraph at lines 4--16

 []

<./image/PESTA/Diagrama/Diagrama-bloco-1.jpg, id=579, 963.6pt x 542.025pt>
File: ./image/PESTA/Diagrama/Diagrama-bloco-1.jpg Graphic file (type jpg)
<use ./image/PESTA/Diagrama/Diagrama-bloco-1.jpg>
Package pdftex.def Info: ./image/PESTA/Diagrama/Diagrama-bloco-1.jpg  used on i
nput line 26.
(pdftex.def)             Requested size: 481.79883pt x 271.01183pt.

Overfull \hbox (83.46022pt too wide) in paragraph at lines 26--27
 [][] 
 []

1: section
[15 <./image/PESTA/kit/Kit_Desenvolvimento_2.jpg>]
Underfull \hbox (badness 10000) in paragraph at lines 30--37

 []

<./image/PESTA/material/Load_Cell_1.jpg, id=586, 2337.73375pt x 1152.305pt>
File: ./image/PESTA/material/Load_Cell_1.jpg Graphic file (type jpg)
<use ./image/PESTA/material/Load_Cell_1.jpg>
Package pdftex.def Info: ./image/PESTA/material/Load_Cell_1.jpg  used on input 
line 44.
(pdftex.def)             Requested size: 350.64493pt x 172.83829pt.

Underfull \hbox (badness 10000) in paragraph at lines 38--47

 []

[16 <./image/PESTA/Diagrama/Diagrama-bloco-1.jpg>]
<./image/PESTA/general/strain_gauge_1.jpg, id=593, 630.10406pt x 381.67593pt>
File: ./image/PESTA/general/strain_gauge_1.jpg Graphic file (type jpg)
<use ./image/PESTA/general/strain_gauge_1.jpg>
Package pdftex.def Info: ./image/PESTA/general/strain_gauge_1.jpg  used on inpu
t line 57.
(pdftex.def)             Requested size: 187.88853pt x 113.81102pt.
<./image/PESTA/schematic/Wheatstone-1.png, id=595, 188.95593pt x 113.67468pt>
File: ./image/PESTA/schematic/Wheatstone-1.png Graphic file (type png)
<use ./image/PESTA/schematic/Wheatstone-1.png>
Package pdftex.def Info: ./image/PESTA/schematic/Wheatstone-1.png  used on inpu
t line 67.
(pdftex.def)             Requested size: 189.18611pt x 113.81102pt.
<./image/PESTA/schematic/Wheatstone-1.jpg, id=596, 315.42844pt x 262.73157pt>
File: ./image/PESTA/schematic/Wheatstone-1.jpg Graphic file (type jpg)
<use ./image/PESTA/schematic/Wheatstone-1.jpg>
Package pdftex.def Info: ./image/PESTA/schematic/Wheatstone-1.jpg  used on inpu
t line 80.
(pdftex.def)             Requested size: 170.8053pt x 142.26378pt.

Overfull \hbox (31.38437pt too wide) in paragraph at lines 80--81
[]  
 []


Overfull \hbox (13.91908pt too wide) in paragraph at lines 81--81
[]\T1/lmr/bx/n/10 Figura 3.6: 
 []

<./image/PESTA/material/Prato-1.jpg, id=600, 2876.54958pt x 916.09859pt>
File: ./image/PESTA/material/Prato-1.jpg Graphic file (type jpg)
<use ./image/PESTA/material/Prato-1.jpg>
Package pdftex.def Info: ./image/PESTA/material/Prato-1.jpg  used on input line
 116.
(pdftex.def)             Requested size: 460.25734pt x 146.57877pt.

Overfull \hbox (61.91873pt too wide) in paragraph at lines 116--117
 [][] 
 []


Underfull \hbox (badness 10000) in paragraph at lines 49--124

 []


Overfull \hbox (2.43332pt too wide) in paragraph at lines 49--124
[]$ $[]$ 
 []


Underfull \hbox (badness 10000) in paragraph at lines 49--124

 []


Underfull \hbox (badness 10000) in paragraph at lines 49--124

 []


Underfull \hbox (badness 10000) in paragraph at lines 49--124

 []


Underfull \hbox (badness 10000) in paragraph at lines 49--124

 []

[17 <./image/PESTA/material/Load_Cell_1.jpg> <./image/PESTA/general/strain_gaug
e_1.jpg> <./image/PESTA/schematic/Wheatstone-1.png>] [18 <./image/PESTA/schemat
ic/Wheatstone-1.jpg>]

Package hyperref Warning: Token not allowed in a PDF string (Unicode):
(hyperref)                removing `\acs' on input line 124.


Underfull \hbox (badness 10000) in paragraph at lines 125--147

 []


Underfull \hbox (badness 10000) in paragraph at lines 125--147

 []

<./image/PESTA/schematic/HX711_Schematic_1.jpg, id=620, 628.59843pt x 310.91156
pt>
File: ./image/PESTA/schematic/HX711_Schematic_1.jpg Graphic file (type jpg)
<use ./image/PESTA/schematic/HX711_Schematic_1.jpg>
Package pdftex.def Info: ./image/PESTA/schematic/HX711_Schematic_1.jpg  used on
 input line 152.
(pdftex.def)             Requested size: 220.01274pt x 108.82066pt.
<./image/PESTA/material/HX711_board_1.jpg, id=621, 2004.48875pt x 1071.00125pt>

File: ./image/PESTA/material/HX711_board_1.jpg Graphic file (type jpg)
<use ./image/PESTA/material/HX711_board_1.jpg>
Package pdftex.def Info: ./image/PESTA/material/HX711_board_1.jpg  used on inpu
t line 153.
(pdftex.def)             Requested size: 200.46062pt x 107.1064pt.
[19 <./image/PESTA/material/Prato-1.jpg>]
<./image/PESTA/comunicacao/Protocolo.png, id=626, 618.81187pt x 435.12563pt>
File: ./image/PESTA/comunicacao/Protocolo.png Graphic file (type png)
<use ./image/PESTA/comunicacao/Protocolo.png>
Package pdftex.def Info: ./image/PESTA/comunicacao/Protocolo.png  used on input
 line 163.
(pdftex.def)             Requested size: 371.29pt x 261.07738pt.
 [20 <./image/PESTA/schematic/HX711_Schematic_1.jpg> <./image/PESTA/material/HX
711_board_1.jpg>]
<./image/PESTA/graph/80SPS64GAIN/SPS_80.JPG, id=637, 731.73375pt x 534.99875pt>

File: ./image/PESTA/graph/80SPS64GAIN/SPS_80.JPG Graphic file (type jpg)
<use ./image/PESTA/graph/80SPS64GAIN/SPS_80.JPG>
Package pdftex.def Info: ./image/PESTA/graph/80SPS64GAIN/SPS_80.JPG  used on in
put line 181.
(pdftex.def)             Requested size: 402.4548pt x 294.25021pt.

Overfull \hbox (4.1162pt too wide) in paragraph at lines 181--182
 [][] 
 []


Underfull \hbox (badness 10000) in paragraph at lines 168--184

 []


Underfull \hbox (badness 10000) in paragraph at lines 168--184

 []

[21 <./image/PESTA/comunicacao/Protocolo.png>]
Overfull \hbox (2.43332pt too wide) in paragraph at lines 190--214
[]$[]$ $[]$ 
 []

<./image/PESTA/graph/80SPS128GAIN/Gain_128_example.JPG, id=646, 731.73375pt x 5
34.99875pt>
File: ./image/PESTA/graph/80SPS128GAIN/Gain_128_example.JPG Graphic file (type 
jpg)
<use ./image/PESTA/graph/80SPS128GAIN/Gain_128_example.JPG>
Package pdftex.def Info: ./image/PESTA/graph/80SPS128GAIN/Gain_128_example.JPG 
 used on input line 221.
(pdftex.def)             Requested size: 219.52182pt x 160.50085pt.

Overfull \hbox (48.23915pt too wide) in paragraph at lines 221--222
[]  
 []

<./image/PESTA/graph/80SPS64GAIN/Gain_64_example.JPG, id=647, 731.73375pt x 534
.99875pt>
File: ./image/PESTA/graph/80SPS64GAIN/Gain_64_example.JPG Graphic file (type jp
g)
<use ./image/PESTA/graph/80SPS64GAIN/Gain_64_example.JPG>
Package pdftex.def Info: ./image/PESTA/graph/80SPS64GAIN/Gain_64_example.JPG  u
sed on input line 231.
(pdftex.def)             Requested size: 219.52182pt x 160.50085pt.

Overfull \hbox (48.23915pt too wide) in paragraph at lines 231--232
[]  
 []


Underfull \hbox (badness 10000) in paragraph at lines 186--243

 []


Underfull \hbox (badness 10000) in paragraph at lines 186--243

 []

[22 <./image/PESTA/graph/80SPS64GAIN/SPS_80.JPG>]

Package hyperref Warning: Token not allowed in a PDF string (Unicode):
(hyperref)                removing `\acs' on input line 243.


LaTeX Warning: Reference `lcd-h' on page 23 undefined on input line 252.


LaTeX Warning: Reference `lcd-c' on page 23 undefined on input line 252.


Underfull \hbox (badness 10000) in paragraph at lines 246--285

 []


Underfull \hbox (badness 10000) in paragraph at lines 246--285

 []

[23 <./image/PESTA/graph/80SPS128GAIN/Gain_128_example.JPG> <./image/PESTA/grap
h/80SPS64GAIN/Gain_64_example.JPG>]
<./image/PESTA/material/4x20_LCD.jpg, id=670, 575.90157pt x 345.54094pt>
File: ./image/PESTA/material/4x20_LCD.jpg Graphic file (type jpg)
<use ./image/PESTA/material/4x20_LCD.jpg>
Package pdftex.def Info: ./image/PESTA/material/4x20_LCD.jpg  used on input lin
e 289.
(pdftex.def)             Requested size: 379.37563pt x 227.62204pt.
 [24]
<./image/PESTA/Diagrama/Harvard_architecture.jpg, id=685, 322.95656pt x 205.517
8pt>
File: ./image/PESTA/Diagrama/Harvard_architecture.jpg Graphic file (type jpg)
<use ./image/PESTA/Diagrama/Harvard_architecture.jpg>
Package pdftex.def Info: ./image/PESTA/Diagrama/Harvard_architecture.jpg  used 
on input line 314.
(pdftex.def)             Requested size: 322.95576pt x 205.5173pt.

Underfull \hbox (badness 10000) in paragraph at lines 296--317

 []


Underfull \hbox (badness 10000) in paragraph at lines 296--317

 []


Underfull \hbox (badness 10000) in paragraph at lines 296--317

 []


Underfull \hbox (badness 10000) in paragraph at lines 296--317

 []


Underfull \hbox (badness 10000) in paragraph at lines 296--317

 []


Underfull \hbox (badness 10000) in paragraph at lines 296--317

 []

[25 <./image/PESTA/material/4x20_LCD.jpg>]
<./image/PESTA/material/Atmega128_1.jpg, id=698, 450.18187pt x 477.28313pt>
File: ./image/PESTA/material/Atmega128_1.jpg Graphic file (type jpg)
<use ./image/PESTA/material/Atmega128_1.jpg>
Package pdftex.def Info: ./image/PESTA/material/Atmega128_1.jpg  used on input 
line 329.
(pdftex.def)             Requested size: 225.09038pt x 238.64098pt.

Underfull \hbox (badness 10000) in paragraph at lines 318--332

 []

[26 <./image/PESTA/Diagrama/Harvard_architecture.jpg>]
<./image/PESTA/boards/Boards-2.jpg, id=707, 2160.07pt x 1781.65625pt>
File: ./image/PESTA/boards/Boards-2.jpg Graphic file (type jpg)
<use ./image/PESTA/boards/Boards-2.jpg>
Package pdftex.def Info: ./image/PESTA/boards/Boards-2.jpg  used on input line 
345.
(pdftex.def)             Requested size: 388.79582pt x 320.6843pt.

Underfull \hbox (badness 10000) in paragraph at lines 336--348

 []

[27 <./image/PESTA/material/Atmega128_1.jpg>]
<./image/PESTA/programador/Atmel_ice.png, id=731, 271.76532pt x 219.82124pt>
File: ./image/PESTA/programador/Atmel_ice.png Graphic file (type png)
<use ./image/PESTA/programador/Atmel_ice.png>
Package pdftex.def Info: ./image/PESTA/programador/Atmel_ice.png  used on input
 line 394.
(pdftex.def)             Requested size: 203.82349pt x 164.86551pt.

Overfull \hbox (4.65419pt too wide) in paragraph at lines 394--395
[]  
 []

<./image/PESTA/programador/isp_6pin.png, id=734, 371.13657pt x 146.04562pt>
File: ./image/PESTA/programador/isp_6pin.png Graphic file (type png)
<use ./image/PESTA/programador/isp_6pin.png>
Package pdftex.def Info: ./image/PESTA/programador/isp_6pin.png  used on input 
line 404.
(pdftex.def)             Requested size: 167.0099pt x 65.71991pt.
<./image/PESTA/programador/isp_8e10pin.png, id=735, 347.04657pt x 197.98969pt>
File: ./image/PESTA/programador/isp_8e10pin.png Graphic file (type png)
<use ./image/PESTA/programador/isp_8e10pin.png>
Package pdftex.def Info: ./image/PESTA/programador/isp_8e10pin.png  used on inp
ut line 405.
(pdftex.def)             Requested size: 173.52286pt x 98.9946pt.

Underfull \hbox (badness 10000) in paragraph at lines 350--412

 []


Underfull \hbox (badness 10000) in paragraph at lines 350--412

 []


Overfull \hbox (19.09302pt too wide) in paragraph at lines 350--412
[]$   $[]$ 
 []


Underfull \hbox (badness 10000) in paragraph at lines 350--412

 []

[28 <./image/PESTA/boards/Boards-2.jpg>] [29]
<./image/PESTA/material/DCDC_converter.jpg, id=747, 357.58594pt x 380.92313pt>
File: ./image/PESTA/material/DCDC_converter.jpg Graphic file (type jpg)
<use ./image/PESTA/material/DCDC_converter.jpg>
Package pdftex.def Info: ./image/PESTA/material/DCDC_converter.jpg  used on inp
ut line 420.
(pdftex.def)             Requested size: 178.79253pt x 190.46109pt.

Overfull \hbox (2.43332pt too wide) in paragraph at lines 414--453
[]$ $[]$ 
 []

[30 <./image/PESTA/programador/Atmel_ice.png> <./image/PESTA/programador/isp_6p
in.png> <./image/PESTA/programador/isp_8e10pin.png> <./image/PESTA/material/DCD
C_converter.jpg>]
Overfull \hbox (67.71259pt too wide) in paragraph at lines 461--484
[][]
 []


Underfull \hbox (badness 10000) in paragraph at lines 454--484

 []


Underfull \hbox (badness 10000) in paragraph at lines 454--484

 []

[31] [32

]
Cap\'{\i }tulo 4.
<./image/PESTA/IDE/Microchip-Studio.png, id=770, 376.40625pt x 254.45062pt>
File: ./image/PESTA/IDE/Microchip-Studio.png Graphic file (type png)
<use ./image/PESTA/IDE/Microchip-Studio.png>
Package pdftex.def Info: ./image/PESTA/IDE/Microchip-Studio.png  used on input 
line 494.
(pdftex.def)             Requested size: 225.84547pt x 152.67154pt.

Overfull \hbox (6.75803pt too wide) in paragraph at lines 494--495
[][] 
 []


Underfull \hbox (badness 10000) in paragraph at lines 500--506

 []


Underfull \hbox (badness 10000) in paragraph at lines 500--506

 []


Underfull \hbox (badness 10000) in paragraph at lines 500--506

 []


Underfull \hbox (badness 10000) in paragraph at lines 500--506

 []


Underfull \hbox (badness 10000) in paragraph at lines 500--506

 []

<./image/PESTA/IDE/Work-Space.png, id=773, 1028.34187pt x 547.2947pt>
File: ./image/PESTA/IDE/Work-Space.png Graphic file (type png)
<use ./image/PESTA/IDE/Work-Space.png>
Package pdftex.def Info: ./image/PESTA/IDE/Work-Space.png  used on input line 5
10.
(pdftex.def)             Requested size: 398.33861pt x 211.99933pt.

Overfull \hbox (2.43332pt too wide) in paragraph at lines 489--513
[]$ $[]$ 
 []


Underfull \hbox (badness 10000) in paragraph at lines 489--513

 []

1: section
[33 <./image/PESTA/IDE/Microchip-Studio.png>]
<./image/PESTA/flowchart/Main-Program-1.jpg, id=778, 390.70969pt x 469.755pt>
File: ./image/PESTA/flowchart/Main-Program-1.jpg Graphic file (type jpg)
<use ./image/PESTA/flowchart/Main-Program-1.jpg>
Package pdftex.def Info: ./image/PESTA/flowchart/Main-Program-1.jpg  used on in
put line 521.
(pdftex.def)             Requested size: 390.70872pt x 469.75386pt.

Underfull \hbox (badness 10000) in paragraph at lines 515--524

 []


Underfull \hbox (badness 10000) in paragraph at lines 515--524

 []

[34 <./image/PESTA/IDE/Work-Space.png>]
<./image/PESTA/flowchart/Generic-structure-1.jpg, id=783, 705.38531pt x 280.799
06pt>
File: ./image/PESTA/flowchart/Generic-structure-1.jpg Graphic file (type jpg)
<use ./image/PESTA/flowchart/Generic-structure-1.jpg>
Package pdftex.def Info: ./image/PESTA/flowchart/Generic-structure-1.jpg  used 
on input line 537.
(pdftex.def)             Requested size: 398.33894pt x 227.62166pt.

Underfull \hbox (badness 10000) in paragraph at lines 526--540

 []


Underfull \hbox (badness 10000) in paragraph at lines 526--540

 []


Underfull \hbox (badness 10000) in paragraph at lines 526--540

 []


Underfull \hbox (badness 10000) in paragraph at lines 526--540

 []


Underfull \hbox (badness 10000) in paragraph at lines 526--540

 []


Underfull \hbox (badness 10000) in paragraph at lines 526--540

 []

[35 <./image/PESTA/flowchart/Main-Program-1.jpg>]
<./image/PESTA/flowchart/Interrupt-1.jpg, id=790, 130.98938pt x 187.45032pt>
File: ./image/PESTA/flowchart/Interrupt-1.jpg Graphic file (type jpg)
<use ./image/PESTA/flowchart/Interrupt-1.jpg>
Package pdftex.def Info: ./image/PESTA/flowchart/Interrupt-1.jpg  used on input
 line 548.
(pdftex.def)             Requested size: 111.34148pt x 159.33351pt.

Underfull \hbox (badness 2617) in paragraph at lines 549--549
 []\T1/lmr/bx/n/10 Figura 4.5: |[][]\T1/lmr/m/n/10 ADC[] 
 []

<./image/PESTA/flowchart/Interrupt-2.jpg, id=793, 133.24782pt x 187.45032pt>
File: ./image/PESTA/flowchart/Interrupt-2.jpg Graphic file (type jpg)
<use ./image/PESTA/flowchart/Interrupt-2.jpg>
Package pdftex.def Info: ./image/PESTA/flowchart/Interrupt-2.jpg  used on input
 line 556.
(pdftex.def)             Requested size: 113.26117pt x 159.33351pt.

Overfull \hbox (2.43332pt too wide) in paragraph at lines 545--561
[]$[]$ $[]$ 
 []

<./image/PESTA/Code/Livrarias.jpg, id=794, 172.39406pt x 228.855pt>
File: ./image/PESTA/Code/Livrarias.jpg Graphic file (type jpg)
<use ./image/PESTA/Code/Livrarias.jpg>
Package pdftex.def Info: ./image/PESTA/Code/Livrarias.jpg  used on input line 5
69.
(pdftex.def)             Requested size: 155.15321pt x 205.96759pt.

Overfull \hbox (2.43332pt too wide) in paragraph at lines 542--591
[]$ $[]$ 
 []


Underfull \hbox (badness 10000) in paragraph at lines 542--591

 []


Underfull \hbox (badness 10000) in paragraph at lines 542--591

 []

[36 <./image/PESTA/flowchart/Generic-structure-1.jpg> <./image/PESTA/flowchart/
Interrupt-1.jpg> <./image/PESTA/flowchart/Interrupt-2.jpg>]
Package hyperref Info: bookmark level for unknown lstlisting defaults to 0 on i
nput line 591.

(input/code/hx_query.c) [37 <./image/PESTA/Code/Livrarias.jpg>]
(input/code/HX711_read_raw.c) [38]
Underfull \hbox (badness 10000) in paragraph at lines 602--608

 []

(input/code/Jump_menu.c [39]) [40]
Cap\'{\i }tulo 5.

Underfull \hbox (badness 10000) in paragraph at lines 615--626

 []


Underfull \hbox (badness 10000) in paragraph at lines 615--626

 []

)
Underfull \hbox (badness 10000) in paragraph at lines 627--59

 []


Underfull \hbox (badness 10000) in paragraph at lines 627--59

 []


Underfull \hbox (badness 10000) in paragraph at lines 627--59

 []


Underfull \hbox (badness 10000) in paragraph at lines 627--59

 []


Underfull \hbox (badness 10000) in paragraph at lines 627--59

 []

1: section
[41

] [42]
\openout2 = `chapters/Conclusao.aux'.

 (chapters/Conclusao.tex
Cap\'{\i }tulo 6.

Underfull \hbox (badness 10000) in paragraph at lines 6--32

 []


Underfull \hbox (badness 10000) in paragraph at lines 6--32

 []


Underfull \hbox (badness 10000) in paragraph at lines 6--32

 []


Underfull \hbox (badness 10000) in paragraph at lines 6--32

 []


Underfull \hbox (badness 10000) in paragraph at lines 6--32

 []


Underfull \hbox (badness 10000) in paragraph at lines 6--32

 []


Underfull \hbox (badness 10000) in paragraph at lines 6--32

 []

1: section
[43




]

LaTeX Warning: Reference `anexo-code' on page 44 undefined on input line 39.

)
Underfull \hbox (badness 10000) in paragraph at lines 33--60

 []


Overfull \hbox (4.83731pt too wide) in paragraph at lines 33--60
\T1/lmr/m/n/10.95 O pro-jeto esta dis-po-n-vel no \T1/lmr/bx/it/10.95 GITHUB \
T1/lmr/m/it/10.95 link\T1/lmr/m/n/10.95 : []$\T1/lmtt/m/n/10.95 https : / / git
hub . com / sergio1020881 /
 []


Underfull \hbox (badness 10000) in paragraph at lines 33--60

 []

[44] (main.bbl (main.brf)
\tf@brf=\write14
\openout14 = `main.brf'.

)
1: section
[45



]
\openout2 = `chapters/appendixA.aux'.

 (chapters/appendixA.tex (input/anexo/Definition_1.tex [46


]
Anexo A.

Overfull \hbox (42.26962pt too wide) in paragraph at lines 3--34
[] []
 []

)
Overfull \hbox (59.26962pt too wide) in paragraph at lines 35--10
[][] []
 []

1: section
[47] [48] (input/anexo/Physic_1.tex
Anexo B.

Underfull \hbox (badness 10000) in paragraph at lines 26--26

 []


Underfull \hbox (badness 10000) in paragraph at lines 26--26

 []


Underfull \hbox (badness 10000) in paragraph at lines 26--26

 []


Underfull \hbox (badness 10000) in paragraph at lines 26--26

 []


Underfull \hbox (badness 10000) in paragraph at lines 26--26

 []


Underfull \hbox (badness 10000) in paragraph at lines 53--53

 []


Underfull \hbox (badness 10000) in paragraph at lines 53--53

 []


Underfull \hbox (badness 10000) in paragraph at lines 53--53

 []


Underfull \hbox (badness 10000) in paragraph at lines 53--53

 []

LaTeX Font Info:    External font `lmex10' loaded for size
(Font)              <14.4> on input line 61.
LaTeX Font Info:    External font `lmex10' loaded for size
(Font)              <10> on input line 61.
LaTeX Font Info:    External font `lmex10' loaded for size
(Font)              <7> on input line 61.
<./image/General/Einstein.jpg, id=976, 255.95625pt x 179.16937pt>
File: ./image/General/Einstein.jpg Graphic file (type jpg)
<use ./image/General/Einstein.jpg>
Package pdftex.def Info: ./image/General/Einstein.jpg  used on input line 70.
(pdftex.def)             Requested size: 153.57492pt x 107.50244pt.
)
Overfull \hbox (23.91205pt too wide) in paragraph at lines 26--15
[]   [] 
 []


Overfull \hbox (2.43332pt too wide) in paragraph at lines 26--15
[]$ $[]$ 
 []


Overfull \hbox (2.43332pt too wide) in paragraph at lines 26--15
[]$ $[]$ 
 []

1: section
[49

 <./image/General/Einstein.jpg>] [50]
LaTeX Font Info:    External font `lmex10' loaded for size
(Font)              <9> on input line 16.
LaTeX Font Info:    External font `lmex10' loaded for size
(Font)              <5> on input line 16.
) [51] (main.aux (front/title.aux)
(front/2_acknowledgements.aux) (front/3_abstract.aux)
(front/4_frontmatterlists.aux) (chapters/Introducao.aux)
(chapters/Desenvolvimento.aux) (chapters/Conclusao.aux) (chapters/appendixA.aux
))

LaTeX Warning: There were undefined references.

Package rerunfilecheck Info: File `main.out' has not changed.
(rerunfilecheck)             Checksum: AAF1438C715D52353E8EEA573C509EDD;4297.
Package rerunfilecheck Info: File `main.brf' has not changed.
(rerunfilecheck)             Checksum: 5081698EB05F446537E46BB9E043C1E0;789.
 ) 
Here is how much of TeX's memory you used:
 62585 strings out of 479081
 1414552 string characters out of 2862515
 2285757 words of memory out of 3000000
 78879 multiletter control sequences out of 15000+600000
 541855 words of font info for 122 fonts, out of 8000000 for 9000
 1141 hyphenation exceptions out of 8191
 110i,22n,108p,1075b,2572s stack positions out of 5000i,500n,10000p,200000b,80000s
pdfTeX warning (dest): name{Hfootnote.1} has been referenced but does not exi
st, replaced by a fixed one

pdfTeX warning (dest): name{glo:atmel-ice} has been referenced but does not exi
st, replaced by a fixed one

{C:/Program Files/MiKTeX/fonts/enc/dvips/lm/lm-mathit.enc}{C:/Program Files/MiK
TeX/fonts/enc/dvips/lm/lm-rm.enc}{C:/Program Files/MiKTeX/fonts/enc/dvips/lm/lm
-ec.enc}{C:/Program Files/MiKTeX/fonts/enc/dvips/lm/lm-mathsy.enc}{C:/Program F
iles/MiKTeX/fonts/enc/dvips/lm/lm-ts1.enc}{C:/Program Files/MiKTeX/fonts/enc/dv
ips/lm/lm-mathex.enc}<C:/Program Files/MiKTeX/fonts/type1/public/eurosym/feymr1
0.pfb><C:/Program Files/MiKTeX/fonts/type1/public/lm/lmbx10.pfb><C:/Program Fil
es/MiKTeX/fonts/type1/public/lm/lmbx12.pfb><C:/Program Files/MiKTeX/fonts/type1
/public/lm/lmbxi10.pfb><C:/Program Files/MiKTeX/fonts/type1/public/lm/lmcsc10.p
fb><C:/Program Files/MiKTeX/fonts/type1/public/lm/lmex10.pfb><C:/Program Files/
MiKTeX/fonts/type1/public/lm/lmmi10.pfb><C:/Program Files/MiKTeX/fonts/type1/pu
blic/lm/lmmi12.pfb><C:/Program Files/MiKTeX/fonts/type1/public/lm/lmmi7.pfb><C:
/Program Files/MiKTeX/fonts/type1/public/lm/lmmi8.pfb><C:/Program Files/MiKTeX/
fonts/type1/public/lm/lmr10.pfb><C:/Program Files/MiKTeX/fonts/type1/public/lm/
lmr12.pfb><C:/Program Files/MiKTeX/fonts/type1/public/lm/lmr6.pfb><C:/Program F
iles/MiKTeX/fonts/type1/public/lm/lmr7.pfb><C:/Program Files/MiKTeX/fonts/type1
/public/lm/lmr8.pfb><C:/Program Files/MiKTeX/fonts/type1/public/lm/lmr9.pfb><C:
/Program Files/MiKTeX/fonts/type1/public/lm/lmri10.pfb><C:/Program Files/MiKTeX
/fonts/type1/public/lm/lmri12.pfb><C:/Program Files/MiKTeX/fonts/type1/public/l
m/lmri8.pfb><C:/Program Files/MiKTeX/fonts/type1/public/lm/lmri9.pfb><C:/Progra
m Files/MiKTeX/fonts/type1/public/lm/lmro10.pfb><C:/Program Files/MiKTeX/fonts/
type1/public/lm/lmsy10.pfb><C:/Program Files/MiKTeX/fonts/type1/public/lm/lmsy6
.pfb><C:/Program Files/MiKTeX/fonts/type1/public/lm/lmsy8.pfb><C:/Program Files
/MiKTeX/fonts/type1/public/lm/lmtt10.pfb><C:/Program Files/MiKTeX/fonts/type1/p
ublic/lm/lmtt12.pfb><C:/Program Files/MiKTeX/fonts/type1/public/lm/lmtt9.pfb>
Output written on main.pdf (71 pages, 8077185 bytes).
PDF statistics:
 1165 PDF objects out of 1200 (max. 8388607)
 294 named destinations out of 1000 (max. 500000)
 475 words of extra memory for PDF output out of 10000 (max. 10000000)

