\BOOKMARK [0][-]{cover.0}{\376\377\000F\000r\000o\000n\000t}{}% 1
\BOOKMARK [0][-]{acknowl.0}{\376\377\000A\000g\000r\000a\000d\000e\000c\000i\000m\000e\000n\000t\000o\000s}{}% 2
\BOOKMARK [0][-]{abstract1.0}{\376\377\000R\000e\000s\000u\000m\000o}{}% 3
\BOOKMARK [0][-]{abstract2.0}{\376\377\000A\000b\000s\000t\000r\000a\000c\000t}{}% 4
\BOOKMARK [0][-]{toc.0}{\376\377\000\315\000n\000d\000i\000c\000e}{}% 5
\BOOKMARK [0][-]{chapter*.9}{\376\377\000L\000i\000s\000t\000a\000\040\000d\000e\000\040\000F\000i\000g\000u\000r\000a\000s}{}% 6
\BOOKMARK [0][-]{chapter*.10}{\376\377\000L\000i\000s\000t\000a\000\040\000d\000e\000\040\000T\000a\000b\000e\000l\000a\000s}{}% 7
\BOOKMARK [0][-]{chapter*.11}{\376\377\000L\000i\000s\000t\000a\000g\000e\000n\000s}{}% 8
\BOOKMARK [0][-]{section*.12}{\376\377\000L\000i\000s\000t\000a\000\040\000d\000e\000\040\000A\000c\000r\000\363\000n\000i\000m\000o\000s}{}% 9
\BOOKMARK [0][-]{chapter.1}{\376\377\000I\000n\000t\000r\000o\000d\000u\000\347\000\343\000o}{}% 10
\BOOKMARK [1][-]{section.1.1}{\376\377\000O\000b\000j\000e\000t\000i\000v\000o\000s}{chapter.1}% 11
\BOOKMARK [1][-]{section.1.2}{\376\377\000C\000a\000l\000e\000n\000d\000a\000r\000i\000z\000a\000\347\000\343\000o}{chapter.1}% 12
\BOOKMARK [1][-]{section.1.3}{\376\377\000O\000r\000g\000a\000n\000i\000z\000a\000\347\000\343\000o\000\040\000d\000o\000\040\000R\000e\000l\000a\000t\000\363\000r\000i\000o}{chapter.1}% 13
\BOOKMARK [0][-]{chapter.2}{\376\377\000E\000v\000o\000l\000u\000\347\000\343\000o\000\040\000d\000a\000\040\000b\000a\000l\000a\000n\000\347\000a}{}% 14
\BOOKMARK [1][-]{section.2.1}{\376\377\000O\000\040\000a\000p\000a\000r\000e\000c\000i\000m\000e\000n\000t\000o\000\040\000e\000\040\000a\000\040\000e\000v\000o\000l\000u\000\347\000\343\000o\000\040\000d\000a\000\040\000b\000a\000l\000a\000n\000\347\000a}{chapter.2}% 15
\BOOKMARK [1][-]{section.2.2}{\376\377\000A\000\040\000b\000a\000l\000a\000n\000\347\000a\000\040\000e\000l\000e\000t\000r\000\363\000n\000i\000c\000a}{chapter.2}% 16
\BOOKMARK [0][-]{chapter.3}{\376\377\000D\000e\000s\000e\000n\000v\000o\000l\000v\000i\000m\000e\000n\000t\000o\000\040\000d\000o\000\040\000p\000r\000o\000j\000e\000t\000o}{}% 17
\BOOKMARK [1][-]{section.3.1}{\376\377\000C\000\351\000l\000u\000l\000a\000\040\000d\000e\000\040\000c\000a\000r\000g\000a}{chapter.3}% 18
\BOOKMARK [1][-]{section.3.2}{\376\377\000A\000m\000p\000l\000i\000f\000i\000c\000a\000d\000o\000r\000\040\000d\000e\000\040\000s\000i\000n\000a\000l\000\040\000e\000\040\000a\000d\000c}{chapter.3}% 19
\BOOKMARK [1][-]{section.3.3}{\376\377\000D\000i\000s\000p\000l\000a\000y\000\040\000l\000c\000d}{chapter.3}% 20
\BOOKMARK [1][-]{section.3.4}{\376\377\000M\000i\000c\000r\000o\000c\000o\000n\000t\000r\000o\000l\000a\000d\000o\000r}{chapter.3}% 21
\BOOKMARK [1][-]{section.3.5}{\376\377\000F\000o\000n\000t\000e\000\040\000d\000e\000\040\000A\000l\000i\000m\000e\000n\000t\000a\000\347\000\343\000o}{chapter.3}% 22
\BOOKMARK [1][-]{section.3.6}{\376\377\000O\000r\000\347\000a\000m\000e\000n\000t\000o\000\040\000d\000o\000\040\000m\000a\000t\000e\000r\000i\000a\000l}{chapter.3}% 23
\BOOKMARK [0][-]{chapter.4}{\376\377\000S\000o\000f\000t\000w\000a\000r\000e}{}% 24
\BOOKMARK [1][-]{section.4.1}{\376\377\000S\000o\000f\000t\000w\000a\000r\000e}{chapter.4}% 25
\BOOKMARK [0][-]{chapter.5}{\376\377\000V\000a\000l\000i\000d\000a\000\347\000\343\000o\000\040\000d\000o\000\040\000p\000r\000o\000j\000e\000t\000o\000\040\000i\000m\000p\000l\000e\000m\000e\000n\000t\000a\000d\000o}{}% 26
\BOOKMARK [1][-]{section.5.1}{\376\377\000T\000e\000s\000t\000a\000g\000e\000m\000\040\000e\000\040\000v\000a\000l\000i\000d\000a\000\347\000\343\000o\000\040\000d\000o\000\040\000s\000i\000s\000t\000e\000m\000a\000\040\000i\000m\000p\000l\000e\000m\000e\000n\000t\000a\000d\000o}{chapter.5}% 27
\BOOKMARK [1][-]{section.5.2}{\376\377\000A\000l\000g\000u\000m\000a\000s\000\040\000c\000o\000n\000s\000i\000d\000e\000r\000a\000\347\000\365\000e\000s\000\040\000a\000c\000e\000r\000c\000a\000\040\000d\000o\000\040\000f\000u\000n\000c\000i\000o\000n\000a\000m\000e\000n\000t\000o\000\040\000d\000o\000\040\000s\000i\000s\000t\000e\000m\000a}{chapter.5}% 28
\BOOKMARK [0][-]{chapter.6}{\376\377\000C\000o\000n\000c\000l\000u\000s\000\365\000e\000s}{}% 29
\BOOKMARK [0][-]{section*.51}{\376\377\000R\000e\000f\000e\000r\000\352\000n\000c\000i\000a\000s}{}% 30
\BOOKMARK [0][-]{chapter*.52}{\376\377\000R\000e\000f\000e\000r\000\352\000n\000c\000i\000a\000s}{}% 31
\BOOKMARK [0][-]{appendix.A}{\376\377\000m\000a\000i\000n}{}% 32
\BOOKMARK [0][-]{appendix.B}{\376\377\000l\000c\000d\000.\000h}{}% 33
\BOOKMARK [0][-]{appendix.C}{\376\377\000l\000c\000d\000.\000c}{}% 34
\BOOKMARK [0][-]{appendix.D}{\376\377\000h\000x\0007\0001\0001\000.\000h}{}% 35
\BOOKMARK [0][-]{appendix.E}{\376\377\000h\000x\0007\0001\0001\000.\000c}{}% 36
\BOOKMARK [0][-]{appendix.F}{\376\377\000D\000e\000f\000i\000n\000i\000\347\000\365\000e\000s}{}% 37
\BOOKMARK [0][-]{appendix.G}{\376\377\000F\000\355\000s\000i\000c\000a}{}% 38
