\BOOKMARK [0][-]{cover.0}{Front}{}% 1
\BOOKMARK [0][-]{acknowl.0}{Agradecimentos}{}% 2
\BOOKMARK [0][-]{abstract1.0}{Resumo}{}% 3
\BOOKMARK [0][-]{abstract2.0}{Abstract}{}% 4
\BOOKMARK [0][-]{toc.0}{\315ndice}{}% 5
\BOOKMARK [0][-]{chapter*.10}{Lista de Figuras}{}% 6
\BOOKMARK [0][-]{chapter*.11}{Lista de Tabelas}{}% 7
\BOOKMARK [0][-]{chapter*.12}{Listagens}{}% 8
\BOOKMARK [0][-]{chapter.1}{Introdu\347\343o}{}% 9
\BOOKMARK [1][-]{section.1.1}{Contextualiza\347\343o}{chapter.1}% 10
\BOOKMARK [1][-]{section.1.2}{Descri\347\343o do Projeto}{chapter.1}% 11
\BOOKMARK [2][-]{subsection.1.2.1}{Objetivos}{section.1.2}% 12
\BOOKMARK [1][-]{section.1.3}{Calendariza\347\343o}{chapter.1}% 13
\BOOKMARK [1][-]{section.1.4}{Organiza\347\343o do Relat\363rio}{chapter.1}% 14
\BOOKMARK [0][-]{chapter.2}{Como Usar o Template LaTeX para Relat\363rios de PESTA}{}% 15
\BOOKMARK [1][-]{section.2.1}{Introdu\347\343o ao LaTeX}{chapter.2}% 16
\BOOKMARK [1][-]{section.2.2}{Como Usar o Template}{chapter.2}% 17
\BOOKMARK [2][-]{subsection.2.2.1}{Diret\363rios}{section.2.2}% 18
\BOOKMARK [2][-]{subsection.2.2.2}{Ficheiros}{section.2.2}% 19
\BOOKMARK [2][-]{subsection.2.2.3}{Edi\347\343o do ficheiro main.tex}{section.2.2}% 20
\BOOKMARK [1][-]{section.2.3}{Formatos e Regras}{chapter.2}% 21
\BOOKMARK [2][-]{subsection.2.3.1}{Gloss\341rio, acr\363nimos e s\355mbolos}{section.2.3}% 22
\BOOKMARK [2][-]{subsection.2.3.2}{Refer\352ncias}{section.2.3}% 23
\BOOKMARK [2][-]{subsection.2.3.3}{Listas}{section.2.3}% 24
\BOOKMARK [2][-]{subsection.2.3.4}{Figuras}{section.2.3}% 25
\BOOKMARK [2][-]{subsection.2.3.5}{Tabelas}{section.2.3}% 26
\BOOKMARK [2][-]{subsection.2.3.6}{Listagens de c\363digo}{section.2.3}% 27
\BOOKMARK [2][-]{subsection.2.3.7}{Equa\347\365es}{section.2.3}% 28
\BOOKMARK [2][-]{subsection.2.3.8}{Teoremas}{section.2.3}% 29
\BOOKMARK [1][-]{section.2.4}{Notas Adicionais}{chapter.2}% 30
\BOOKMARK [0][-]{chapter.3}{Conclus\365es}{}% 31
\BOOKMARK [1][-]{section.3.1}{Trabalho Futuro}{chapter.3}% 32
\BOOKMARK [0][-]{section*.18}{Refer\352ncias}{}% 33
\BOOKMARK [0][-]{appendix.A}{T\355tulo do Anexo}{}% 34
\BOOKMARK [1][-]{section.A.1}{Sec\347\343o}{appendix.A}% 35
\BOOKMARK [1][-]{section.A.2}{Mais uma sec\347\343o do Anexo A}{appendix.A}% 36
