\BOOKMARK [0][-]{chapter*.3}{Lista de Figuras}{}% 1
\BOOKMARK [0][-]{chapter*.4}{Lista de Tabelas}{}% 2
\BOOKMARK [0][-]{chapter*.5}{Listagens}{}% 3
\BOOKMARK [0][-]{chapter.1}{Introdu\347\343o}{}% 4
\BOOKMARK [1][-]{section.1.1}{Objetivos}{chapter.1}% 5
\BOOKMARK [1][-]{section.1.2}{Calendariza\347\343o}{chapter.1}% 6
\BOOKMARK [1][-]{section.1.3}{Organiza\347\343o do Relat\363rio}{chapter.1}% 7
\BOOKMARK [0][-]{chapter.2}{Hist\363ria da Balan\347a}{}% 8
\BOOKMARK [0][-]{chapter.3}{Balan\347a Digital}{}% 9
\BOOKMARK [1][-]{section.3.1}{sensor}{chapter.3}% 10
\BOOKMARK [1][-]{section.3.2}{Amplificador de sinal}{chapter.3}% 11
\BOOKMARK [1][-]{section.3.3}{Display LCD}{chapter.3}% 12
\BOOKMARK [1][-]{section.3.4}{Micro-controlador}{chapter.3}% 13
\BOOKMARK [1][-]{section.3.5}{Fonte de Alimenta\347\343o}{chapter.3}% 14
\BOOKMARK [0][-]{chapter.4}{Software}{}% 15
\BOOKMARK [1][-]{section.4.1}{Valida\347\343o}{chapter.4}% 16
\BOOKMARK [2][-]{subsection.4.1.1}{Material}{section.4.1}% 17
\BOOKMARK [2][-]{subsection.4.1.2}{Testar}{section.4.1}% 18
\BOOKMARK [0][-]{chapter.5}{Conclus\365es}{}% 19
\BOOKMARK [1][-]{section.5.1}{Trabalho Futuro}{chapter.5}% 20
\BOOKMARK [0][-]{chapter*.39}{Refer\352ncias}{}% 21
\BOOKMARK [0][-]{section*.40}{Appendices}{}% 22
\BOOKMARK [0][-]{appendix.1.A}{Anexo Defini\347\365es}{}% 23
\BOOKMARK [0][-]{appendix.1.B}{Anexo F\355sica}{}% 24
