This is pdfTeX, Version 3.14159265-2.6-1.40.21 (MiKTeX 20.6.29) (preloaded format=pdflatex 2020.9.25)  21 MAY 2021 21:41
entering extended mode
**./Relatorio.tex
(Relatorio.tex
LaTeX2e <2020-02-02> patch level 5
L3 programming layer <2020-06-18>
\@input{./include/PREAMBLE/PREAMBLEREPORT.aux}
\openout2 = `./include/PREAMBLE/PREAMBLEREPORT.aux'.

(include/PREAMBLE/PREAMBLEREPORT.tex
("C:\Program Files\MiKTeX\tex/latex/base\report.cls"
Document Class: report 2019/12/20 v1.4l Standard LaTeX document class
("C:\Program Files\MiKTeX\tex/latex/base\size12.clo"
File: size12.clo 2019/12/20 v1.4l Standard LaTeX file (size option)
)
\c@part=\count167
\c@chapter=\count168
\c@section=\count169
\c@subsection=\count170
\c@subsubsection=\count171
\c@paragraph=\count172
\c@subparagraph=\count173
\c@figure=\count174
\c@table=\count175
\abovecaptionskip=\skip47
\belowcaptionskip=\skip48
\bibindent=\dimen134
)
("C:\Program Files\MiKTeX\tex/latex/titlepic\titlepic.sty"
Package: titlepic 2017/03/14 1.2 Package to display a picture on the title page

)
("C:\Program Files\MiKTeX\tex/latex/base\inputenc.sty"
Package: inputenc 2018/08/11 v1.3c Input encoding file
\inpenc@prehook=\toks15
\inpenc@posthook=\toks16
)
("C:\Program Files\MiKTeX\tex/latex/base\fontenc.sty"
Package: fontenc 2020/02/11 v2.0o Standard LaTeX package
)
("C:\Program Files\MiKTeX\tex/latex/geometry\geometry.sty"
Package: geometry 2020/01/02 v5.9 Page Geometry

("C:\Program Files\MiKTeX\tex/latex/graphics\keyval.sty"
Package: keyval 2014/10/28 v1.15 key=value parser (DPC)
\KV@toks@=\toks17
)
("C:\Program Files\MiKTeX\tex/generic/iftex\ifvtex.sty"
Package: ifvtex 2019/10/25 v1.7 ifvtex legacy package. Use iftex instead.

("C:\Program Files\MiKTeX\tex/generic/iftex\iftex.sty"
Package: iftex 2020/03/06 v1.0d TeX engine tests
))
\Gm@cnth=\count176
\Gm@cntv=\count177
\c@Gm@tempcnt=\count178
\Gm@bindingoffset=\dimen135
\Gm@wd@mp=\dimen136
\Gm@odd@mp=\dimen137
\Gm@even@mp=\dimen138
\Gm@layoutwidth=\dimen139
\Gm@layoutheight=\dimen140
\Gm@layouthoffset=\dimen141
\Gm@layoutvoffset=\dimen142
\Gm@dimlist=\toks18

("C:\Program Files\MiKTeX\tex/latex/geometry\geometry.cfg"))
("C:\Program Files\MiKTeX\tex/latex/tocbibind\tocbibind.sty"
Package: tocbibind 2010/10/13 v1.5k extra ToC listings
Package tocbibind Info: The document has chapter divisions on input line 50.


Package tocbibind Note: Using chapter style headings, unless overridden.

) ("C:\Program Files\MiKTeX\tex/latex/graphics\graphics.sty"
Package: graphics 2019/11/30 v1.4a Standard LaTeX Graphics (DPC,SPQR)

("C:\Program Files\MiKTeX\tex/latex/graphics\trig.sty"
Package: trig 2016/01/03 v1.10 sin cos tan (DPC)
)
("C:\Program Files\MiKTeX\tex/latex/graphics-cfg\graphics.cfg"
File: graphics.cfg 2016/06/04 v1.11 sample graphics configuration
)
Package graphics Info: Driver file: pdftex.def on input line 105.

("C:\Program Files\MiKTeX\tex/latex/graphics-def\pdftex.def"
File: pdftex.def 2018/01/08 v1.0l Graphics/color driver for pdftex
))
("C:\Program Files\MiKTeX\tex/latex/graphics\graphicx.sty"
Package: graphicx 2019/11/30 v1.2a Enhanced LaTeX Graphics (DPC,SPQR)
\Gin@req@height=\dimen143
\Gin@req@width=\dimen144
)
("C:\Program Files\MiKTeX\tex/latex/realboxes\realboxes.sty"
Package: realboxes 2011/08/08 v0.2 Change box commands to read there content as
 real boxes

("C:\Program Files\MiKTeX\tex/latex/collectbox\collectbox.sty"
Package: collectbox 2012/05/17 v0.4b Collect macro arguments as boxes
\collectedbox=\box45
)
("C:\Program Files\MiKTeX\tex/latex/adjustbox\adjcalc.sty"
Package: adjcalc 2012/05/16 v1.1 Provides advanced setlength with multiple back
-ends (calc, etex, pgfmath)

("C:\Program Files\MiKTeX\tex/latex/xkeyval\xkeyval.sty"
Package: xkeyval 2014/12/03 v2.7a package option processing (HA)

("C:\Program Files\MiKTeX\tex/generic/xkeyval\xkeyval.tex"
("C:\Program Files\MiKTeX\tex/generic/xkeyval\xkvutils.tex"
\XKV@toks=\toks19
\XKV@tempa@toks=\toks20
)
\XKV@depth=\count179
File: xkeyval.tex 2014/12/03 v2.7a key=value parser (HA)
))))
("C:\Program Files\MiKTeX\tex/latex/caption\caption.sty"
Package: caption 2020/09/02 v3.5a Customizing captions (AR)

("C:\Program Files\MiKTeX\tex/latex/caption\caption3.sty"
Package: caption3 2020/08/30 v2.0 caption3 kernel (AR)
\captionmargin=\dimen145
\captionmargin@=\dimen146
\captionwidth=\dimen147
\caption@tempdima=\dimen148
\caption@indent=\dimen149
\caption@parindent=\dimen150
\caption@hangindent=\dimen151
Package caption Info: Standard document class detected.
)
\c@caption@flags=\count180
\c@continuedfloat=\count181
)
("C:\Program Files\MiKTeX\tex/latex/lm\lmodern.sty"
Package: lmodern 2009/10/30 v1.6 Latin Modern Fonts
LaTeX Font Info:    Overwriting symbol font `operators' in version `normal'
(Font)                  OT1/cmr/m/n --> OT1/lmr/m/n on input line 22.
LaTeX Font Info:    Overwriting symbol font `letters' in version `normal'
(Font)                  OML/cmm/m/it --> OML/lmm/m/it on input line 23.
LaTeX Font Info:    Overwriting symbol font `symbols' in version `normal'
(Font)                  OMS/cmsy/m/n --> OMS/lmsy/m/n on input line 24.
LaTeX Font Info:    Overwriting symbol font `largesymbols' in version `normal'
(Font)                  OMX/cmex/m/n --> OMX/lmex/m/n on input line 25.
LaTeX Font Info:    Overwriting symbol font `operators' in version `bold'
(Font)                  OT1/cmr/bx/n --> OT1/lmr/bx/n on input line 26.
LaTeX Font Info:    Overwriting symbol font `letters' in version `bold'
(Font)                  OML/cmm/b/it --> OML/lmm/b/it on input line 27.
LaTeX Font Info:    Overwriting symbol font `symbols' in version `bold'
(Font)                  OMS/cmsy/b/n --> OMS/lmsy/b/n on input line 28.
LaTeX Font Info:    Overwriting symbol font `largesymbols' in version `bold'
(Font)                  OMX/cmex/m/n --> OMX/lmex/m/n on input line 29.
LaTeX Font Info:    Overwriting math alphabet `\mathbf' in version `normal'
(Font)                  OT1/cmr/bx/n --> OT1/lmr/bx/n on input line 31.
LaTeX Font Info:    Overwriting math alphabet `\mathsf' in version `normal'
(Font)                  OT1/cmss/m/n --> OT1/lmss/m/n on input line 32.
LaTeX Font Info:    Overwriting math alphabet `\mathit' in version `normal'
(Font)                  OT1/cmr/m/it --> OT1/lmr/m/it on input line 33.
LaTeX Font Info:    Overwriting math alphabet `\mathtt' in version `normal'
(Font)                  OT1/cmtt/m/n --> OT1/lmtt/m/n on input line 34.
LaTeX Font Info:    Overwriting math alphabet `\mathbf' in version `bold'
(Font)                  OT1/cmr/bx/n --> OT1/lmr/bx/n on input line 35.
LaTeX Font Info:    Overwriting math alphabet `\mathsf' in version `bold'
(Font)                  OT1/cmss/bx/n --> OT1/lmss/bx/n on input line 36.
LaTeX Font Info:    Overwriting math alphabet `\mathit' in version `bold'
(Font)                  OT1/cmr/bx/it --> OT1/lmr/bx/it on input line 37.
LaTeX Font Info:    Overwriting math alphabet `\mathtt' in version `bold'
(Font)                  OT1/cmtt/m/n --> OT1/lmtt/m/n on input line 38.
)
("C:\Program Files\MiKTeX\tex/latex/hyphenat\hyphenat.sty"
Package: hyphenat 2009/09/02 v2.3c hyphenation utilities
\langwohyphens=\language79
LaTeX Info: Redefining \_ on input line 43.
)
("C:\Program Files\MiKTeX\tex/latex/graphics\color.sty"
Package: color 2019/11/23 v1.2a Standard LaTeX Color (DPC)

("C:\Program Files\MiKTeX\tex/latex/graphics-cfg\color.cfg"
File: color.cfg 2016/01/02 v1.6 sample color configuration
)
Package color Info: Driver file: pdftex.def on input line 147.
)
("C:\Program Files\MiKTeX\tex/latex/colortbl\colortbl.sty"
Package: colortbl 2020/01/04 v1.0e Color table columns (DPC)

("C:\Program Files\MiKTeX\tex/latex/tools\array.sty"
Package: array 2019/08/31 v2.4l Tabular extension package (FMi)
\col@sep=\dimen152
\ar@mcellbox=\box46
\extrarowheight=\dimen153
\NC@list=\toks21
\extratabsurround=\skip49
\backup@length=\skip50
\ar@cellbox=\box47
)
\everycr=\toks22
\minrowclearance=\skip51
)
("C:\Program Files\MiKTeX\tex/latex/xcolor\xcolor.sty"
Package: xcolor 2016/05/11 v2.12 LaTeX color extensions (UK)

("C:\Program Files\MiKTeX\tex/latex/graphics-cfg\color.cfg"
File: color.cfg 2016/01/02 v1.6 sample color configuration
)
Package xcolor Info: Package option `usenames' ignored on input line 216.
Package xcolor Info: Driver file: pdftex.def on input line 225.
LaTeX Info: Redefining \color on input line 709.
\rownum=\count182
Package xcolor Info: Model `cmy' substituted by `cmy0' on input line 1348.
Package xcolor Info: Model `hsb' substituted by `rgb' on input line 1352.
Package xcolor Info: Model `RGB' extended on input line 1364.
Package xcolor Info: Model `HTML' substituted by `rgb' on input line 1366.
Package xcolor Info: Model `Hsb' substituted by `hsb' on input line 1367.
Package xcolor Info: Model `tHsb' substituted by `hsb' on input line 1368.
Package xcolor Info: Model `HSB' substituted by `hsb' on input line 1369.
Package xcolor Info: Model `Gray' substituted by `gray' on input line 1370.
Package xcolor Info: Model `wave' substituted by `hsb' on input line 1371.

("C:\Program Files\MiKTeX\tex/latex/graphics\dvipsnam.def"
File: dvipsnam.def 2016/06/17 v3.0m Driver-dependent file (DPC,SPQR)
)
("C:\Program Files\MiKTeX\tex/latex/xcolor\svgnam.def"
File: svgnam.def 2016/05/11 v2.12 Predefined colors according to SVG 1.1 (UK)
))
("C:\Program Files\MiKTeX\tex/latex/hyperref\hyperref.sty"
Package: hyperref 2020-05-15 v7.00e Hypertext links for LaTeX

("C:\Program Files\MiKTeX\tex/generic/ltxcmds\ltxcmds.sty"
Package: ltxcmds 2019/12/15 v1.24 LaTeX kernel commands for general use (HO)
)
("C:\Program Files\MiKTeX\tex/generic/pdftexcmds\pdftexcmds.sty"
Package: pdftexcmds 2020-06-27 v0.33 Utility functions of pdfTeX for LuaTeX (HO
)

("C:\Program Files\MiKTeX\tex/generic/infwarerr\infwarerr.sty"
Package: infwarerr 2019/12/03 v1.5 Providing info/warning/error messages (HO)
)
Package pdftexcmds Info: \pdf@primitive is available.
Package pdftexcmds Info: \pdf@ifprimitive is available.
Package pdftexcmds Info: \pdfdraftmode found.
)
("C:\Program Files\MiKTeX\tex/generic/kvsetkeys\kvsetkeys.sty"
Package: kvsetkeys 2019/12/15 v1.18 Key value parser (HO)
)
("C:\Program Files\MiKTeX\tex/generic/kvdefinekeys\kvdefinekeys.sty"
Package: kvdefinekeys 2019-12-19 v1.6 Define keys (HO)
)
("C:\Program Files\MiKTeX\tex/generic/pdfescape\pdfescape.sty"
Package: pdfescape 2019/12/09 v1.15 Implements pdfTeX's escape features (HO)
)
("C:\Program Files\MiKTeX\tex/latex/hycolor\hycolor.sty"
Package: hycolor 2020-01-27 v1.10 Color options for hyperref/bookmark (HO)
)
("C:\Program Files\MiKTeX\tex/latex/letltxmacro\letltxmacro.sty"
Package: letltxmacro 2019/12/03 v1.6 Let assignment for LaTeX macros (HO)
)
("C:\Program Files\MiKTeX\tex/latex/auxhook\auxhook.sty"
Package: auxhook 2019-12-17 v1.6 Hooks for auxiliary files (HO)
)
("C:\Program Files\MiKTeX\tex/latex/kvoptions\kvoptions.sty"
Package: kvoptions 2019/11/29 v3.13 Key value format for package options (HO)
)
\@linkdim=\dimen154
\Hy@linkcounter=\count183
\Hy@pagecounter=\count184

("C:\Program Files\MiKTeX\tex/latex/hyperref\pd1enc.def"
File: pd1enc.def 2020-05-15 v7.00e Hyperref: PDFDocEncoding definition (HO)
Now handling font encoding PD1 ...
... no UTF-8 mapping file for font encoding PD1
)
("C:\Program Files\MiKTeX\tex/generic/intcalc\intcalc.sty"
Package: intcalc 2019/12/15 v1.3 Expandable calculations with integers (HO)
)
("C:\Program Files\MiKTeX\tex/generic/etexcmds\etexcmds.sty"
Package: etexcmds 2019/12/15 v1.7 Avoid name clashes with e-TeX commands (HO)
)
\Hy@SavedSpaceFactor=\count185
Package hyperref Info: Hyper figures OFF on input line 4464.
Package hyperref Info: Link nesting OFF on input line 4469.
Package hyperref Info: Hyper index ON on input line 4472.
Package hyperref Info: Plain pages OFF on input line 4479.
Package hyperref Info: Backreferencing OFF on input line 4484.
Package hyperref Info: Implicit mode ON; LaTeX internals redefined.
Package hyperref Info: Bookmarks ON on input line 4717.
\c@Hy@tempcnt=\count186

("C:\Program Files\MiKTeX\tex/latex/url\url.sty"
\Urlmuskip=\muskip16
Package: url 2013/09/16  ver 3.4  Verb mode for urls, etc.
)
LaTeX Info: Redefining \url on input line 5076.
\XeTeXLinkMargin=\dimen155

("C:\Program Files\MiKTeX\tex/generic/bitset\bitset.sty"
Package: bitset 2019/12/09 v1.3 Handle bit-vector datatype (HO)

("C:\Program Files\MiKTeX\tex/generic/bigintcalc\bigintcalc.sty"
Package: bigintcalc 2019/12/15 v1.5 Expandable calculations on big integers (HO
)
))
\Fld@menulength=\count187
\Field@Width=\dimen156
\Fld@charsize=\dimen157
Package hyperref Info: Hyper figures OFF on input line 6347.
Package hyperref Info: Link nesting OFF on input line 6352.
Package hyperref Info: Hyper index ON on input line 6355.
Package hyperref Info: backreferencing OFF on input line 6362.
Package hyperref Info: Link coloring OFF on input line 6367.
Package hyperref Info: Link coloring with OCG OFF on input line 6372.
Package hyperref Info: PDF/A mode OFF on input line 6377.
LaTeX Info: Redefining \ref on input line 6417.
LaTeX Info: Redefining \pageref on input line 6421.

("C:\Program Files\MiKTeX\tex/generic/atbegshi\atbegshi.sty"
Package: atbegshi 2019/12/05 v1.19 At begin shipout hook (HO)
)
\Hy@abspage=\count188
\c@Item=\count189
\c@Hfootnote=\count190
)
Package hyperref Info: Driver (autodetected): hpdftex.

("C:\Program Files\MiKTeX\tex/latex/hyperref\hpdftex.def"
File: hpdftex.def 2020-05-15 v7.00e Hyperref driver for pdfTeX

("C:\Program Files\MiKTeX\tex/latex/atveryend\atveryend.sty"
Package: atveryend 2019-12-11 v1.11 Hooks at the very end of document (HO)
Package atveryend Info: \enddocument detected (standard20110627).
)
\Fld@listcount=\count191
\c@bookmark@seq@number=\count192

("C:\Program Files\MiKTeX\tex/latex/rerunfilecheck\rerunfilecheck.sty"
Package: rerunfilecheck 2019/12/05 v1.9 Rerun checks for auxiliary files (HO)

("C:\Program Files\MiKTeX\tex/generic/uniquecounter\uniquecounter.sty"
Package: uniquecounter 2019/12/15 v1.4 Provide unlimited unique counter (HO)
)
Package uniquecounter Info: New unique counter `rerunfilecheck' on input line 2
86.
)
\Hy@SectionHShift=\skip52
)
("C:\Program Files\MiKTeX\tex/latex/glossaries/base\glossaries.sty"
Package: glossaries 2020/03/19 v4.46 (NLCT)

("C:\Program Files\MiKTeX\tex/latex/base\ifthen.sty"
Package: ifthen 2014/09/29 v1.1c Standard LaTeX ifthen package (DPC)
)
("C:\Program Files\MiKTeX\tex/latex/mfirstuc\mfirstuc.sty"
Package: mfirstuc 2017/11/14 v2.06 (NLCT)

("C:\Program Files\MiKTeX\tex/latex/etoolbox\etoolbox.sty"
Package: etoolbox 2019/09/21 v2.5h e-TeX tools for LaTeX (JAW)
\etb@tempcnta=\count193
)
\@glsmfirst=\toks23
\@glsmrest=\toks24
)
("C:\Program Files\MiKTeX\tex/latex/textcase\textcase.sty"
Package: textcase 2019/09/14 v1.00 Text only upper/lower case changing (DPC)
)
("C:\Program Files\MiKTeX\tex/latex/xfor\xfor.sty"
Package: xfor 2009/02/05 v1.05 (NLCT)
)
("C:\Program Files\MiKTeX\tex/latex/datatool\datatool-base.sty"
Package: datatool-base 2019/09/27 v2.32 (NLCT)

("C:\Program Files\MiKTeX\tex/latex/amsmath\amsmath.sty"
Package: amsmath 2020/01/20 v2.17e AMS math features
\@mathmargin=\skip53

For additional information on amsmath, use the `?' option.
("C:\Program Files\MiKTeX\tex/latex/amsmath\amstext.sty"
Package: amstext 2000/06/29 v2.01 AMS text

("C:\Program Files\MiKTeX\tex/latex/amsmath\amsgen.sty"
File: amsgen.sty 1999/11/30 v2.0 generic functions
\@emptytoks=\toks25
\ex@=\dimen158
))
("C:\Program Files\MiKTeX\tex/latex/amsmath\amsbsy.sty"
Package: amsbsy 1999/11/29 v1.2d Bold Symbols
\pmbraise@=\dimen159
)
("C:\Program Files\MiKTeX\tex/latex/amsmath\amsopn.sty"
Package: amsopn 2016/03/08 v2.02 operator names
)
\inf@bad=\count194
LaTeX Info: Redefining \frac on input line 227.
\uproot@=\count195
\leftroot@=\count196
LaTeX Info: Redefining \overline on input line 389.
\classnum@=\count197
\DOTSCASE@=\count198
LaTeX Info: Redefining \ldots on input line 486.
LaTeX Info: Redefining \dots on input line 489.
LaTeX Info: Redefining \cdots on input line 610.
\Mathstrutbox@=\box48
\strutbox@=\box49
\big@size=\dimen160
LaTeX Font Info:    Redeclaring font encoding OML on input line 733.
LaTeX Font Info:    Redeclaring font encoding OMS on input line 734.
\macc@depth=\count199
\c@MaxMatrixCols=\count266
\dotsspace@=\muskip17
\c@parentequation=\count267
\dspbrk@lvl=\count268
\tag@help=\toks26
\row@=\count269
\column@=\count270
\maxfields@=\count271
\andhelp@=\toks27
\eqnshift@=\dimen161
\alignsep@=\dimen162
\tagshift@=\dimen163
\tagwidth@=\dimen164
\totwidth@=\dimen165
\lineht@=\dimen166
\@envbody=\toks28
\multlinegap=\skip54
\multlinetaggap=\skip55
\mathdisplay@stack=\toks29
LaTeX Info: Redefining \[ on input line 2859.
LaTeX Info: Redefining \] on input line 2860.
)
("C:\Program Files\MiKTeX\tex/latex/substr\substr.sty"
Package: substr 2009/10/20 v1.2 Handle substrings
\c@su@anzahl=\count272
)
("C:\Program Files\MiKTeX\tex/latex/datatool\datatool-fp.sty"
Package: datatool-fp 2019/09/27 v2.32 (NLCT)

("C:\Program Files\MiKTeX\tex/latex/fp\fp.sty"
Package: fp 1995/04/02

`Fixed Point Package', Version 0.8, April 2, 1995 (C) Michael Mehlich
("C:\Program Files\MiKTeX\tex/latex/fp\defpattern.sty"
Package: defpattern 1994/10/12
\actioncount=\count273
)
("C:\Program Files\MiKTeX\tex/latex/fp\fp-basic.sty"
Package: fp-basic 1996/05/13
\FP@xs=\count274
\FP@xia=\count275
\FP@xib=\count276
\FP@xfa=\count277
\FP@xfb=\count278
\FP@rega=\count279
\FP@regb=\count280
\FP@regs=\count281
\FP@times=\count282
)
("C:\Program Files\MiKTeX\tex/latex/fp\fp-addons.sty"
Package: fp-addons 1995/03/15
)
("C:\Program Files\MiKTeX\tex/latex/fp\fp-snap.sty"
Package: fp-snap 1995/04/05
)
("C:\Program Files\MiKTeX\tex/latex/fp\fp-exp.sty"
Package: fp-exp 1995/04/03
)
("C:\Program Files\MiKTeX\tex/latex/fp\fp-trigo.sty"
Package: fp-trigo 1995/04/14
)
("C:\Program Files\MiKTeX\tex/latex/fp\fp-pas.sty"
Package: fp-pas 1994/08/29
)
("C:\Program Files\MiKTeX\tex/latex/fp\fp-random.sty"
Package: fp-random 1995/02/23
\FPseed=\count283
)
("C:\Program Files\MiKTeX\tex/latex/fp\fp-eqn.sty"
Package: fp-eqn 1995/04/03
)
("C:\Program Files\MiKTeX\tex/latex/fp\fp-upn.sty"
Package: fp-upn 1996/10/21
)
("C:\Program Files\MiKTeX\tex/latex/fp\fp-eval.sty"
Package: fp-eval 1995/04/03
)))
\@dtl@toks=\toks30
\@dtl@tmpcount=\count284
\dtl@tmplength=\skip56
\dtl@sortresult=\count285
\@dtl@numgrpsepcount=\count286
\@dtl@datatype=\count287
\dtl@codeA=\count288
\dtl@codeB=\count289
\@dtl@foreach@level=\count290
)
("C:\Program Files\MiKTeX\tex/latex/glossaries/base\glossaries-compatible-307.s
ty"
Package: glossaries-compatible-307 2020/03/19 v4.46 (NLCT)
)
\gls@level=\count291
\@gls@tmpb=\toks31
\gls@tmplen=\skip57
\glskeylisttok=\toks32
\glslabeltok=\toks33
\glsshorttok=\toks34
\glslongtok=\toks35
 ("C:\Program Files\MiKTeX\tex/latex/glossaries/styles\glossary-hypernav.sty"
Package: glossary-hypernav 2020/03/19 v4.46 (NLCT)
) ("C:\Program Files\MiKTeX\tex/latex/glossaries/styles\glossary-list.sty"
Package: glossary-list 2020/03/19 v4.46 (NLCT)
\glslistdottedwidth=\skip58
)
("C:\Program Files\MiKTeX\tex/latex/glossaries/styles\glossary-long.sty"
Package: glossary-long 2020/03/19 v4.46 (NLCT)

("C:\Program Files\MiKTeX\tex/latex/tools\longtable.sty"
Package: longtable 2020/01/07 v4.13 Multi-page Table package (DPC)
\LTleft=\skip59
\LTright=\skip60
\LTpre=\skip61
\LTpost=\skip62
\LTchunksize=\count292
\LTcapwidth=\dimen167
\LT@head=\box50
\LT@firsthead=\box51
\LT@foot=\box52
\LT@lastfoot=\box53
\LT@cols=\count293
\LT@rows=\count294
\c@LT@tables=\count295
\c@LT@chunks=\count296
\LT@p@ftn=\toks36
)
\glsdescwidth=\skip63
\glspagelistwidth=\skip64
)
("C:\Program Files\MiKTeX\tex/latex/glossaries/styles\glossary-super.sty"
Package: glossary-super 2020/03/19 v4.46 (NLCT)

("C:\Program Files\MiKTeX\tex/latex/supertabular\supertabular.sty"
Package: supertabular 2020/02/02 v4.1g the supertabular environment
\c@tracingst=\count297
\ST@wd=\dimen168
\ST@rightskip=\skip65
\ST@leftskip=\skip66
\ST@parfillskip=\skip67
\ST@pageleft=\dimen169
\ST@headht=\dimen170
\ST@tailht=\dimen171
\ST@pagesofar=\dimen172
\ST@pboxht=\dimen173
\ST@lineht=\dimen174
\ST@prevht=\dimen175
\ST@toadd=\dimen176
\ST@dimen=\dimen177
\ST@pbox=\box54
))
("C:\Program Files\MiKTeX\tex/latex/glossaries/styles\glossary-tree.sty"
Package: glossary-tree 2020/03/19 v4.46 (NLCT)
\glstreeindent=\skip68
))
("C:\Program Files\MiKTeX\tex/generic/babel\babel.sty"
Package: babel 2020/06/10 3.45 The Babel package

("C:\Program Files\MiKTeX\tex/generic/babel\babel.def"
File: babel.def 2020/06/10 3.45 Babel common definitions
\babel@savecnt=\count298
\U@D=\dimen178
\l@babelnohyphens=\language80

("C:\Program Files\MiKTeX\tex/generic/babel\txtbabel.def")
\bbl@readstream=\read2
)
\bbl@dirlevel=\count299

*************************************
* Local config file bblopts.cfg used
*
("C:\Program Files\MiKTeX\tex/latex/arabi\bblopts.cfg"
File: bblopts.cfg 2005/09/08 v0.1 add Arabic and Farsi to "declared" options of
 babel
)
("C:\Program Files\MiKTeX\tex/latex/babel-portuges\portuguese.ldf"
Language: portuges 2020/05/04 v1.2r Portuguese support from the babel system
Package babel Info: Making " an active character on input line 143.
))
("C:\Program Files\MiKTeX\tex/latex/koma-script\scrbase.sty"
Package: scrbase 2020/09/21 v3.32 KOMA-Script package (KOMA-Script-independent 
basics and keyval usage)

("C:\Program Files\MiKTeX\tex/latex/koma-script\scrlfile.sty"
Package: scrlfile 2020/09/21 v3.32 KOMA-Script package (file load hooks)

("C:\Program Files\MiKTeX\tex/latex/koma-script\scrlfile-patcholdlatex.sty"
Package: scrlfile-patcholdlatex 2020/09/21 v3.32 KOMA-Script package (patching 
old LaTeX kernels)

("C:\Program Files\MiKTeX\tex/latex/koma-script\scrlogo.sty"
Package: scrlogo 2020/09/21 v3.32 KOMA-Script package (logo)
))
("C:\Program Files\MiKTeX\tex/latex/l3packages/xparse\xparse.sty"
("C:\Program Files\MiKTeX\tex/latex/l3kernel\expl3.sty"
Package: expl3 2020-06-18 L3 programming layer (loader) 

("C:\Program Files\MiKTeX\tex/latex/l3backend\l3backend-pdfmode.def"
File: l3backend-pdfmode.def 2020-06-29 L3 backend support: PDF mode
\l__kernel_color_stack_int=\count300
\l__pdf_internal_box=\box55
))
Package: xparse 2020-05-15 L3 Experimental document command parser

("C:\Program Files\MiKTeX\tex/latex/l3packages/xparse\xparse-generic.tex"
\l__xparse_current_arg_int=\count301
\g__xparse_grabber_int=\count302
\l__xparse_m_args_int=\count303
\l__xparse_v_nesting_int=\count304
))))
("C:\Program Files\MiKTeX\tex/latex/babelbib\babelbib.sty"
Package: babelbib 2019/03/11 v1.32 babelbib: multilingual bibliographies (HH)
\c@btxromaniannumeral=\count305
)
("C:\Program Files\MiKTeX\tex/latex/appendix\appendix.sty"
Package: appendix 2020/02/08 v1.2c extra appendix facilities
\c@@pps=\count306
\c@@ppsavesec=\count307
\c@@ppsaveapp=\count308
)
("C:\Program Files\MiKTeX\tex/latex/caption\subcaption.sty"
Package: subcaption 2020/08/23 v1.3g Sub-captions (AR)
\c@subfigure=\count309
\c@subtable=\count310
)
("C:\Program Files\MiKTeX\tex/latex/tools\verbatim.sty"
Package: verbatim 2019/11/10 v1.5r LaTeX2e package for verbatim enhancements
\every@verbatim=\toks37
\verbatim@line=\toks38
\verbatim@in@stream=\read3
)
("C:\Program Files\MiKTeX\tex/latex/pgfgantt\pgfgantt.sty"
Package: pgfgantt 2018/01/10 v5.0 Draw Gantt diagrams with TikZ

("C:\Program Files\MiKTeX\tex/latex/pgf/frontendlayer\tikz.sty"
("C:\Program Files\MiKTeX\tex/latex/pgf/basiclayer\pgf.sty"
("C:\Program Files\MiKTeX\tex/latex/pgf/utilities\pgfrcs.sty"
("C:\Program Files\MiKTeX\tex/generic/pgf/utilities\pgfutil-common.tex"
\pgfutil@everybye=\toks39
\pgfutil@tempdima=\dimen179
\pgfutil@tempdimb=\dimen180

("C:\Program Files\MiKTeX\tex/generic/pgf/utilities\pgfutil-common-lists.tex"))
("C:\Program Files\MiKTeX\tex/generic/pgf/utilities\pgfutil-latex.def"
\pgfutil@abb=\box56

("C:\Program Files\MiKTeX\tex/latex/ms\everyshi.sty"
Package: everyshi 2001/05/15 v3.00 EveryShipout Package (MS)
))
("C:\Program Files\MiKTeX\tex/generic/pgf/utilities\pgfrcs.code.tex"
("C:\Program Files\MiKTeX\tex/generic/pgf\pgf.revision.tex")
Package: pgfrcs 2020/01/08 v3.1.5b (3.1.5b)
))
Package: pgf 2020/01/08 v3.1.5b (3.1.5b)

("C:\Program Files\MiKTeX\tex/latex/pgf/basiclayer\pgfcore.sty"
("C:\Program Files\MiKTeX\tex/latex/pgf/systemlayer\pgfsys.sty"
("C:\Program Files\MiKTeX\tex/generic/pgf/systemlayer\pgfsys.code.tex"
Package: pgfsys 2020/01/08 v3.1.5b (3.1.5b)

("C:\Program Files\MiKTeX\tex/generic/pgf/utilities\pgfkeys.code.tex"
\pgfkeys@pathtoks=\toks40
\pgfkeys@temptoks=\toks41

("C:\Program Files\MiKTeX\tex/generic/pgf/utilities\pgfkeysfiltered.code.tex"
\pgfkeys@tmptoks=\toks42
))
\pgf@x=\dimen181
\pgf@y=\dimen182
\pgf@xa=\dimen183
\pgf@ya=\dimen184
\pgf@xb=\dimen185
\pgf@yb=\dimen186
\pgf@xc=\dimen187
\pgf@yc=\dimen188
\pgf@xd=\dimen189
\pgf@yd=\dimen190
\w@pgf@writea=\write3
\r@pgf@reada=\read4
\c@pgf@counta=\count311
\c@pgf@countb=\count312
\c@pgf@countc=\count313
\c@pgf@countd=\count314
\t@pgf@toka=\toks43
\t@pgf@tokb=\toks44
\t@pgf@tokc=\toks45
\pgf@sys@id@count=\count315
("C:\Program Files\MiKTeX\tex/generic/pgf/systemlayer\pgf.cfg"
File: pgf.cfg 2020/01/08 v3.1.5b (3.1.5b)
)
Driver file for pgf: pgfsys-pdftex.def

("C:\Program Files\MiKTeX\tex/generic/pgf/systemlayer\pgfsys-pdftex.def"
File: pgfsys-pdftex.def 2020/01/08 v3.1.5b (3.1.5b)

("C:\Program Files\MiKTeX\tex/generic/pgf/systemlayer\pgfsys-common-pdf.def"
File: pgfsys-common-pdf.def 2020/01/08 v3.1.5b (3.1.5b)
))) ("C:\Program Files\MiKTeX\tex/generic/pgf/systemlayer\pgfsyssoftpath.code.t
ex"
File: pgfsyssoftpath.code.tex 2020/01/08 v3.1.5b (3.1.5b)
\pgfsyssoftpath@smallbuffer@items=\count316
\pgfsyssoftpath@bigbuffer@items=\count317
) ("C:\Program Files\MiKTeX\tex/generic/pgf/systemlayer\pgfsysprotocol.code.tex
"
File: pgfsysprotocol.code.tex 2020/01/08 v3.1.5b (3.1.5b)
)) ("C:\Program Files\MiKTeX\tex/generic/pgf/basiclayer\pgfcore.code.tex"
Package: pgfcore 2020/01/08 v3.1.5b (3.1.5b)

("C:\Program Files\MiKTeX\tex/generic/pgf/math\pgfmath.code.tex"
("C:\Program Files\MiKTeX\tex/generic/pgf/math\pgfmathcalc.code.tex"
("C:\Program Files\MiKTeX\tex/generic/pgf/math\pgfmathutil.code.tex")
("C:\Program Files\MiKTeX\tex/generic/pgf/math\pgfmathparser.code.tex"
\pgfmath@dimen=\dimen191
\pgfmath@count=\count318
\pgfmath@box=\box57
\pgfmath@toks=\toks46
\pgfmath@stack@operand=\toks47
\pgfmath@stack@operation=\toks48
)
("C:\Program Files\MiKTeX\tex/generic/pgf/math\pgfmathfunctions.code.tex"
("C:\Program Files\MiKTeX\tex/generic/pgf/math\pgfmathfunctions.basic.code.tex"
)
("C:\Program Files\MiKTeX\tex/generic/pgf/math\pgfmathfunctions.trigonometric.c
ode.tex")
("C:\Program Files\MiKTeX\tex/generic/pgf/math\pgfmathfunctions.random.code.tex
")
("C:\Program Files\MiKTeX\tex/generic/pgf/math\pgfmathfunctions.comparison.code
.tex")
("C:\Program Files\MiKTeX\tex/generic/pgf/math\pgfmathfunctions.base.code.tex")
("C:\Program Files\MiKTeX\tex/generic/pgf/math\pgfmathfunctions.round.code.tex"
) ("C:\Program Files\MiKTeX\tex/generic/pgf/math\pgfmathfunctions.misc.code.tex
")
("C:\Program Files\MiKTeX\tex/generic/pgf/math\pgfmathfunctions.integerarithmet
ics.code.tex")))
("C:\Program Files\MiKTeX\tex/generic/pgf/math\pgfmathfloat.code.tex"
\c@pgfmathroundto@lastzeros=\count319
))
("C:\Program Files\MiKTeX\tex/generic/pgf/math\pgfint.code.tex")
("C:\Program Files\MiKTeX\tex/generic/pgf/basiclayer\pgfcorepoints.code.tex"
File: pgfcorepoints.code.tex 2020/01/08 v3.1.5b (3.1.5b)
\pgf@picminx=\dimen192
\pgf@picmaxx=\dimen193
\pgf@picminy=\dimen194
\pgf@picmaxy=\dimen195
\pgf@pathminx=\dimen196
\pgf@pathmaxx=\dimen197
\pgf@pathminy=\dimen198
\pgf@pathmaxy=\dimen199
\pgf@xx=\dimen256
\pgf@xy=\dimen257
\pgf@yx=\dimen258
\pgf@yy=\dimen259
\pgf@zx=\dimen260
\pgf@zy=\dimen261
)
("C:\Program Files\MiKTeX\tex/generic/pgf/basiclayer\pgfcorepathconstruct.code.
tex"
File: pgfcorepathconstruct.code.tex 2020/01/08 v3.1.5b (3.1.5b)
\pgf@path@lastx=\dimen262
\pgf@path@lasty=\dimen263
)
("C:\Program Files\MiKTeX\tex/generic/pgf/basiclayer\pgfcorepathusage.code.tex"
File: pgfcorepathusage.code.tex 2020/01/08 v3.1.5b (3.1.5b)
\pgf@shorten@end@additional=\dimen264
\pgf@shorten@start@additional=\dimen265
) ("C:\Program Files\MiKTeX\tex/generic/pgf/basiclayer\pgfcorescopes.code.tex"
File: pgfcorescopes.code.tex 2020/01/08 v3.1.5b (3.1.5b)
\pgfpic=\box58
\pgf@hbox=\box59
\pgf@layerbox@main=\box60
\pgf@picture@serial@count=\count320
)
("C:\Program Files\MiKTeX\tex/generic/pgf/basiclayer\pgfcoregraphicstate.code.t
ex"
File: pgfcoregraphicstate.code.tex 2020/01/08 v3.1.5b (3.1.5b)
\pgflinewidth=\dimen266
)
("C:\Program Files\MiKTeX\tex/generic/pgf/basiclayer\pgfcoretransformations.cod
e.tex"
File: pgfcoretransformations.code.tex 2020/01/08 v3.1.5b (3.1.5b)
\pgf@pt@x=\dimen267
\pgf@pt@y=\dimen268
\pgf@pt@temp=\dimen269
)
("C:\Program Files\MiKTeX\tex/generic/pgf/basiclayer\pgfcorequick.code.tex"
File: pgfcorequick.code.tex 2020/01/08 v3.1.5b (3.1.5b)
)
("C:\Program Files\MiKTeX\tex/generic/pgf/basiclayer\pgfcoreobjects.code.tex"
File: pgfcoreobjects.code.tex 2020/01/08 v3.1.5b (3.1.5b)
)
("C:\Program Files\MiKTeX\tex/generic/pgf/basiclayer\pgfcorepathprocessing.code
.tex"
File: pgfcorepathprocessing.code.tex 2020/01/08 v3.1.5b (3.1.5b)
)
("C:\Program Files\MiKTeX\tex/generic/pgf/basiclayer\pgfcorearrows.code.tex"
File: pgfcorearrows.code.tex 2020/01/08 v3.1.5b (3.1.5b)
\pgfarrowsep=\dimen270
)
("C:\Program Files\MiKTeX\tex/generic/pgf/basiclayer\pgfcoreshade.code.tex"
File: pgfcoreshade.code.tex 2020/01/08 v3.1.5b (3.1.5b)
\pgf@max=\dimen271
\pgf@sys@shading@range@num=\count321
\pgf@shadingcount=\count322
)
("C:\Program Files\MiKTeX\tex/generic/pgf/basiclayer\pgfcoreimage.code.tex"
File: pgfcoreimage.code.tex 2020/01/08 v3.1.5b (3.1.5b)

("C:\Program Files\MiKTeX\tex/generic/pgf/basiclayer\pgfcoreexternal.code.tex"
File: pgfcoreexternal.code.tex 2020/01/08 v3.1.5b (3.1.5b)
\pgfexternal@startupbox=\box61
)) ("C:\Program Files\MiKTeX\tex/generic/pgf/basiclayer\pgfcorelayers.code.tex"
File: pgfcorelayers.code.tex 2020/01/08 v3.1.5b (3.1.5b)
)
("C:\Program Files\MiKTeX\tex/generic/pgf/basiclayer\pgfcoretransparency.code.t
ex"
File: pgfcoretransparency.code.tex 2020/01/08 v3.1.5b (3.1.5b)
)
("C:\Program Files\MiKTeX\tex/generic/pgf/basiclayer\pgfcorepatterns.code.tex"
File: pgfcorepatterns.code.tex 2020/01/08 v3.1.5b (3.1.5b)
) ("C:\Program Files\MiKTeX\tex/generic/pgf/basiclayer\pgfcorerdf.code.tex"
File: pgfcorerdf.code.tex 2020/01/08 v3.1.5b (3.1.5b)
)))
("C:\Program Files\MiKTeX\tex/generic/pgf/modules\pgfmoduleshapes.code.tex"
File: pgfmoduleshapes.code.tex 2020/01/08 v3.1.5b (3.1.5b)
\pgfnodeparttextbox=\box62
)
("C:\Program Files\MiKTeX\tex/generic/pgf/modules\pgfmoduleplot.code.tex"
File: pgfmoduleplot.code.tex 2020/01/08 v3.1.5b (3.1.5b)
)
("C:\Program Files\MiKTeX\tex/latex/pgf/compatibility\pgfcomp-version-0-65.sty"
Package: pgfcomp-version-0-65 2020/01/08 v3.1.5b (3.1.5b)
\pgf@nodesepstart=\dimen272
\pgf@nodesepend=\dimen273
) ("C:\Program Files\MiKTeX\tex/latex/pgf/compatibility\pgfcomp-version-1-18.st
y"
Package: pgfcomp-version-1-18 2020/01/08 v3.1.5b (3.1.5b)
)) ("C:\Program Files\MiKTeX\tex/latex/pgf/utilities\pgffor.sty"
("C:\Program Files\MiKTeX\tex/latex/pgf/utilities\pgfkeys.sty"
("C:\Program Files\MiKTeX\tex/generic/pgf/utilities\pgfkeys.code.tex"))
("C:\Program Files\MiKTeX\tex/latex/pgf/math\pgfmath.sty"
("C:\Program Files\MiKTeX\tex/generic/pgf/math\pgfmath.code.tex"))
("C:\Program Files\MiKTeX\tex/generic/pgf/utilities\pgffor.code.tex"
Package: pgffor 2020/01/08 v3.1.5b (3.1.5b)

("C:\Program Files\MiKTeX\tex/generic/pgf/math\pgfmath.code.tex")
\pgffor@iter=\dimen274
\pgffor@skip=\dimen275
\pgffor@stack=\toks49
\pgffor@toks=\toks50
))
("C:\Program Files\MiKTeX\tex/generic/pgf/frontendlayer/tikz\tikz.code.tex"
Package: tikz 2020/01/08 v3.1.5b (3.1.5b)

("C:\Program Files\MiKTeX\tex/generic/pgf/libraries\pgflibraryplothandlers.code
.tex"
File: pgflibraryplothandlers.code.tex 2020/01/08 v3.1.5b (3.1.5b)
\pgf@plot@mark@count=\count323
\pgfplotmarksize=\dimen276
)
\tikz@lastx=\dimen277
\tikz@lasty=\dimen278
\tikz@lastxsaved=\dimen279
\tikz@lastysaved=\dimen280
\tikz@lastmovetox=\dimen281
\tikz@lastmovetoy=\dimen282
\tikzleveldistance=\dimen283
\tikzsiblingdistance=\dimen284
\tikz@figbox=\box63
\tikz@figbox@bg=\box64
\tikz@tempbox=\box65
\tikz@tempbox@bg=\box66
\tikztreelevel=\count324
\tikznumberofchildren=\count325
\tikznumberofcurrentchild=\count326
\tikz@fig@count=\count327

("C:\Program Files\MiKTeX\tex/generic/pgf/modules\pgfmodulematrix.code.tex"
File: pgfmodulematrix.code.tex 2020/01/08 v3.1.5b (3.1.5b)
\pgfmatrixcurrentrow=\count328
\pgfmatrixcurrentcolumn=\count329
\pgf@matrix@numberofcolumns=\count330
)
\tikz@expandcount=\count331

("C:\Program Files\MiKTeX\tex/generic/pgf/frontendlayer/tikz/libraries\tikzlibr
arytopaths.code.tex"
File: tikzlibrarytopaths.code.tex 2020/01/08 v3.1.5b (3.1.5b)
)))
("C:\Program Files\MiKTeX\tex/generic/pgf/frontendlayer/tikz/libraries\tikzlibr
aryarrows.code.tex"
File: tikzlibraryarrows.code.tex 2020/01/08 v3.1.5b (3.1.5b)

("C:\Program Files\MiKTeX\tex/generic/pgf/libraries\pgflibraryarrows.code.tex"
File: pgflibraryarrows.code.tex 2020/01/08 v3.1.5b (3.1.5b)
\arrowsize=\dimen285
))
("C:\Program Files\MiKTeX\tex/generic/pgf/frontendlayer/tikz/libraries\tikzlibr
arybackgrounds.code.tex"
File: tikzlibrarybackgrounds.code.tex 2020/01/08 v3.1.5b (3.1.5b)
\pgf@layerbox@background=\box67
\pgf@layerboxsaved@background=\box68
)
("C:\Program Files\MiKTeX\tex/generic/pgf/frontendlayer/tikz/libraries\tikzlibr
arycalc.code.tex"
File: tikzlibrarycalc.code.tex 2020/01/08 v3.1.5b (3.1.5b)
)
("C:\Program Files\MiKTeX\tex/generic/pgf/frontendlayer/tikz/libraries\tikzlibr
arypatterns.code.tex"
File: tikzlibrarypatterns.code.tex 2020/01/08 v3.1.5b (3.1.5b)

("C:\Program Files\MiKTeX\tex/generic/pgf/libraries\pgflibrarypatterns.code.tex
"
File: pgflibrarypatterns.code.tex 2020/01/08 v3.1.5b (3.1.5b)
))
("C:\Program Files\MiKTeX\tex/generic/pgf/frontendlayer/tikz/libraries\tikzlibr
arypositioning.code.tex"
File: tikzlibrarypositioning.code.tex 2020/01/08 v3.1.5b (3.1.5b)
)
("C:\Program Files\MiKTeX\tex/generic/pgf/frontendlayer/tikz/libraries\tikzlibr
aryshapes.geometric.code.tex"
File: tikzlibraryshapes.geometric.code.tex 2020/01/08 v3.1.5b (3.1.5b)

("C:\Program Files\MiKTeX\tex/generic/pgf/libraries/shapes\pgflibraryshapes.geo
metric.code.tex"
File: pgflibraryshapes.geometric.code.tex 2020/01/08 v3.1.5b (3.1.5b)
))
("C:\Program Files\MiKTeX\tex/latex/pgf/utilities\pgfcalendar.sty"
("C:\Program Files\MiKTeX\tex/generic/pgf/utilities\pgfcalendar.code.tex"
File: pgfcalendar.code.tex 2020/01/08 v3.1.5b (3.1.5b)

("C:\Program Files\MiKTeX\tex/generic/pgf/math\pgfint.code.tex")
\pgfcalendarcurrentjulian=\count332
\pgf@cal@easter@Y=\count333
\pgf@cal@easter@G=\count334
\pgf@cal@easter@C=\count335
\pgf@cal@easter@X=\count336
\pgf@cal@easter@Z=\count337
\pgf@cal@easter@D=\count338
\pgf@cal@easter@E=\count339
\pgf@cal@easter@N=\count340
\pgf@cal@easter@M=\count341
\pgf@cal@easter@julianday=\count342
))
\gtt@currentline=\count343
\gtt@lasttitleline=\count344
\gtt@currgrid=\count345
\gtt@chartwidth=\count346
\gtt@lasttitleslot=\count347
\gtt@elementid=\count348
\gtt@today@slot=\count349
\gtt@startjulian=\count350
\gtt@endjulian=\count351
\gtt@chartid=\count352
\gtt@vrule@slot=\count353
\gtt@calendar@slots=\count354
\gtt@calendar@weeknumber=\count355
\gtt@calendar@startofweek=\count356
\gtt@left@slot=\count357
\gtt@right@slot=\count358
)
("C:\Program Files\MiKTeX\tex/latex/listings\listings.sty"
\lst@mode=\count359
\lst@gtempboxa=\box69
\lst@token=\toks51
\lst@length=\count360
\lst@currlwidth=\dimen286
\lst@column=\count361
\lst@pos=\count362
\lst@lostspace=\dimen287
\lst@width=\dimen288
\lst@newlines=\count363
\lst@lineno=\count364
\lst@maxwidth=\dimen289

("C:\Program Files\MiKTeX\tex/latex/listings\lstmisc.sty"
File: lstmisc.sty 2020/03/24 1.8d (Carsten Heinz)
\c@lstnumber=\count365
\lst@skipnumbers=\count366
\lst@framebox=\box70
)
("C:\Program Files\MiKTeX\tex/latex/listings\listings.cfg"
File: listings.cfg 2020/03/24 1.8d listings configuration
))
Package: listings 2020/03/24 1.8d (Carsten Heinz)

("C:\Program Files\MiKTeX\tex/latex/datetime2\datetime2.sty"
Package: datetime2 2021/03/21 v1.5.7 (NLCT) date and time formats

("C:\Program Files\MiKTeX\tex/latex/tracklang\tracklang.sty"
Package: tracklang 2020/06/30 v1.5 (NLCT) Track Languages

("C:\Program Files\MiKTeX\tex/generic/tracklang\tracklang.tex"))
("C:\Program Files\MiKTeX\tex/latex/datetime2-portuges\datetime2-portuges.ldf"
File: datetime2-portuges.ldf 2018/08/21 v1.1

("C:\Program Files\MiKTeX\tex/generic/iftex\ifxetex.sty"
Package: ifxetex 2019/10/25 v0.7 ifxetex legacy package. Use iftex instead.
)
("C:\Program Files\MiKTeX\tex/generic/iftex\ifluatex.sty"
Package: ifluatex 2019/10/25 v1.5 ifluatex legacy package. Use iftex instead.
)
("C:\Program Files\MiKTeX\tex/latex/datetime2-portuges\datetime2-portuges-ascii
.ldf"
File: datetime2-portuges-ascii.ldf 2018/08/21 v1.1
))
("C:\Program Files\MiKTeX\tex/latex/datetime2-english\datetime2-en-US.ldf"
File: datetime2-en-US.ldf 2019/10/21 v1.05 (NLCT)

("C:\Program Files\MiKTeX\tex/latex/datetime2-english\datetime2-english-base.ld
f"
File: datetime2-english-base.ldf 2019/10/21 v1.05 (NLCT)
)) ("C:\Program Files\MiKTeX\tex/latex/datetime2\datetime2-calc.sty"
Package: datetime2-calc 2021/03/21 v1.5.7 (NLCT)
\@dtm@julianday=\count367
))
("C:\Program Files\MiKTeX\tex/latex/tools\multicol.sty"
Package: multicol 2019/12/09 v1.8y multicolumn formatting (FMi)
\c@tracingmulticols=\count368
\mult@box=\box71
\multicol@leftmargin=\dimen290
\c@unbalance=\count369
\c@collectmore=\count370
\doublecol@number=\count371
\multicoltolerance=\count372
\multicolpretolerance=\count373
\full@width=\dimen291
\page@free=\dimen292
\premulticols=\dimen293
\postmulticols=\dimen294
\multicolsep=\skip69
\multicolbaselineskip=\skip70
\partial@page=\box72
\last@line=\box73
\maxbalancingoverflow=\dimen295
\mult@rightbox=\box74
\mult@grightbox=\box75
\mult@gfirstbox=\box76
\mult@firstbox=\box77
\@tempa=\box78
\@tempa=\box79
\@tempa=\box80
\@tempa=\box81
\@tempa=\box82
\@tempa=\box83
\@tempa=\box84
\@tempa=\box85
\@tempa=\box86
\@tempa=\box87
\@tempa=\box88
\@tempa=\box89
\@tempa=\box90
\@tempa=\box91
\@tempa=\box92
\@tempa=\box93
\@tempa=\box94
\@tempa=\box95
\@tempa=\box96
\@tempa=\box97
\@tempa=\box98
\@tempa=\box99
\@tempa=\box100
\@tempa=\box101
\@tempa=\box102
\@tempa=\box103
\@tempa=\box104
\@tempa=\box105
\@tempa=\box106
\@tempa=\box107
\@tempa=\box108
\@tempa=\box109
\@tempa=\box110
\@tempa=\box111
\@tempa=\box112
\@tempa=\box113
\@tempa=\box114
\c@minrows=\count374
\c@columnbadness=\count375
\c@finalcolumnbadness=\count376
\last@try=\dimen296
\multicolovershoot=\dimen297
\multicolundershoot=\dimen298
\mult@nat@firstbox=\box115
\colbreak@box=\box116
\mc@col@check@num=\count377
)
("C:\Program Files\MiKTeX\tex/latex/makecell\makecell.sty"
Package: makecell 2009/08/03 V0.1e Managing of Tab Column Heads and Cells
\rotheadsize=\dimen299
\c@nlinenum=\count378
\TeXr@lab=\toks52
)
("C:\Program Files\MiKTeX\tex/latex/tools\tabularx.sty"
Package: tabularx 2020/01/15 v2.11c `tabularx' package (DPC)
\TX@col@width=\dimen300
\TX@old@table=\dimen301
\TX@old@col=\dimen302
\TX@target=\dimen303
\TX@delta=\dimen304
\TX@cols=\count379
\TX@ftn=\toks53
)
("C:\Program Files\MiKTeX\tex/latex/adjustbox\adjustbox.sty"
Package: adjustbox 2020/08/19 v1.3 Adjusting TeX boxes (trim, clip, ...)

("C:\Program Files\MiKTeX\tex/latex/adjustbox\trimclip.sty"
Package: trimclip 2020/08/19 v1.2 Trim and clip general TeX material
\tc@llx=\dimen305
\tc@lly=\dimen306
\tc@urx=\dimen307
\tc@ury=\dimen308
Package trimclip Info: Using driver 'tc-pdftex.def'.

("C:\Program Files\MiKTeX\tex/latex/adjustbox\tc-pdftex.def"
File: tc-pdftex.def 2019/01/04 v2.2 Clipping driver for pdftex
))
\adjbox@Width=\dimen309
\adjbox@Height=\dimen310
\adjbox@Depth=\dimen311
\adjbox@Totalheight=\dimen312
\adjbox@pwidth=\dimen313
\adjbox@pheight=\dimen314
\adjbox@pdepth=\dimen315
\adjbox@ptotalheight=\dimen316

("C:\Program Files\MiKTeX\tex/latex/ifoddpage\ifoddpage.sty"
Package: ifoddpage 2016/04/23 v1.1 Conditionals for odd/even page detection
\c@checkoddpage=\count380
)
("C:\Program Files\MiKTeX\tex/latex/varwidth\varwidth.sty"
Package: varwidth 2009/03/30 ver 0.92;  Variable-width minipages
\@vwid@box=\box117
\sift@deathcycles=\count381
\@vwid@loff=\dimen317
\@vwid@roff=\dimen318
))
("C:\Program Files\MiKTeX\tex/latex/eurosym\eurosym.sty"
Package: eurosym 1998/08/06 v1.1 European currency symbol ``Euro''
\@eurobox=\box118
)
("C:\Program Files\MiKTeX\tex/latex/float\float.sty"
Package: float 2001/11/08 v1.3d Float enhancements (AL)
\c@float@type=\count382
\float@exts=\toks54
\float@box=\box119
\@float@everytoks=\toks55
\@floatcapt=\box120
)
("C:\Program Files\MiKTeX\tex/latex/amsfonts\amsfonts.sty"
Package: amsfonts 2013/01/14 v3.01 Basic AMSFonts support
\symAMSa=\mathgroup4
\symAMSb=\mathgroup5
LaTeX Font Info:    Redeclaring math symbol \hbar on input line 98.
LaTeX Font Info:    Overwriting math alphabet `\mathfrak' in version `bold'
(Font)                  U/euf/m/n --> U/euf/b/n on input line 106.
)
("C:\Program Files\MiKTeX\tex/latex/amsfonts\amssymb.sty"
Package: amssymb 2013/01/14 v3.01 AMS font symbols
)
("C:\Program Files\MiKTeX\tex/latex/jknappen\mathrsfs.sty"
Package: mathrsfs 1996/01/01 Math RSFS package v1.0 (jk)
\symrsfs=\mathgroup6
)
("C:\Program Files\MiKTeX\tex/latex/paralist\paralist.sty"
Package: paralist 2017/01/22 v2.7 Extended list environments
\pltopsep=\skip71
\plpartopsep=\skip72
\plitemsep=\skip73
\plparsep=\skip74
\pl@lab=\toks56
)
("C:\Program Files\MiKTeX\tex/latex/enumitem\enumitem.sty"
Package: enumitem 2019/06/20 v3.9 Customized lists
\labelindent=\skip75
\enit@outerparindent=\dimen319
\enit@toks=\toks57
\enit@inbox=\box121
\enit@count@id=\count383
\enitdp@description=\count384
)
("C:\Program Files\MiKTeX\tex/latex/tools\enumerate.sty"
Package: enumerate 2015/07/23 v3.00 enumerate extensions (DPC)
\@enLab=\toks58
)
("C:\Program Files\MiKTeX\tex/latex/multirow\multirow.sty"
Package: multirow 2019/05/31 v2.5 Span multiple rows of a table
\multirow@colwidth=\skip76
\multirow@cntb=\count385
\multirow@dima=\skip77
\bigstrutjot=\dimen320
)
("C:\Program Files\MiKTeX\tex/latex/graphics\lscape.sty"
Package: lscape 2000/10/22 v3.01 Landscape Pages (DPC)
)
("C:\Program Files\MiKTeX\tex/latex/koma-script\scrhack.sty"
Package: scrhack 2020/09/21 v3.32 KOMA-Script package (hacking other packages)

("C:\Program Files\MiKTeX\tex/latex/koma-script\scrkbase.sty"
Package: scrkbase 2020/09/21 v3.32 KOMA-Script package (KOMA-Script-dependent b
asics and keyval usage)
)
("C:\Program Files\MiKTeX\tex/latex/xpatch\xpatch.sty"
Package: xpatch 2020/03/25 v0.3a Extending etoolbox patching commands
)
Package scrhack Info: hyperref hack deactivated because of
(scrhack)             detection of hyperref version, that doesn't
(scrhack)             need that hack, on input line 162.
Package scrhack Info: loading float hack on input line 169.

("C:\Program Files\MiKTeX\tex/latex/koma-script\float.hak"
File: float.hak 2020/09/21 v3.32 KOMA-Script scrhack part (hacking package floa
t)

("C:\Program Files\MiKTeX\tex/latex/koma-script\tocbasic.sty"
Package: tocbasic 2020/09/21 v3.32 KOMA-Script package (handling toc-files)
\scr@dte@tocline@numberwidth=\skip78
\scr@dte@tocline@numbox=\box122
)
Package scrhack Info: redefining \newfloat on input line 163.
Package scrhack Info: redefining \listof on input line 163.
Package scrhack Info: undefining \float@addtolists on input line 163.
)
Package scrhack Info: loading listings hack on input line 183.

("C:\Program Files\MiKTeX\tex/latex/koma-script\listings.hak"
File: listings.hak 2020/09/21 v3.32 KOMA-Script scrhack part (hacking package l
istings)
Package tocbasic Info: setting babel extension for `lol' on input line 143.
Package scrhack Info: redefining \lstlistoflistings on input line 143.
)
Package scrhack Info: loading lscape hack on input line 205.

("C:\Program Files\MiKTeX\tex/latex/koma-script\lscape.hak"
File: lscape.hak 2020/09/21 v3.32 KOMA-Script scrhack part (hacking package lsc
ape)
Package scrhack Info: \landscape patched to make \textheight change optional on
 input line 90.
\scrh@LT@textheight=\skip79
))
("C:\Program Files\MiKTeX\tex/latex/booktabs\booktabs.sty"
Package: booktabs 2020/01/12 v1.61803398 Publication quality tables
\heavyrulewidth=\dimen321
\lightrulewidth=\dimen322
\cmidrulewidth=\dimen323
\belowrulesep=\dimen324
\belowbottomsep=\dimen325
\aboverulesep=\dimen326
\abovetopsep=\dimen327
\cmidrulesep=\dimen328
\cmidrulekern=\dimen329
\defaultaddspace=\dimen330
\@cmidla=\count386
\@cmidlb=\count387
\@aboverulesep=\dimen331
\@belowrulesep=\dimen332
\@thisruleclass=\count388
\@lastruleclass=\count389
\@thisrulewidth=\dimen333
)
("C:\Program Files\MiKTeX\tex/latex/csquotes\csquotes.sty"
Package: csquotes 2021-01-04 v5.2k context-sensitive quotations (JAW)
\csq@reset=\count390
\csq@gtype=\count391
\csq@glevel=\count392
\csq@qlevel=\count393
\csq@maxlvl=\count394
\csq@tshold=\count395
\csq@ltx@everypar=\toks59

("C:\Program Files\MiKTeX\tex/latex/csquotes\csquotes.def"
File: csquotes.def 2021-01-04 v5.2k csquotes generic definitions (JAW)
)
Package csquotes Info: Trying to load configuration file 'csquotes.cfg'...
Package csquotes Info: ... configuration file loaded successfully.

("C:\Program Files\MiKTeX\tex/latex/csquotes\csquotes.cfg"
File: csquotes.cfg 
)
Package csquotes Info: Enabling multilingual quotes.
)
("C:\Program Files\MiKTeX\tex/latex/tools\calc.sty"
Package: calc 2017/05/25 v4.3 Infix arithmetic (KKT,FJ)
\calc@Acount=\count396
\calc@Bcount=\count397
\calc@Adimen=\dimen334
\calc@Bdimen=\dimen335
\calc@Askip=\skip80
\calc@Bskip=\skip81
LaTeX Info: Redefining \setlength on input line 80.
LaTeX Info: Redefining \addtolength on input line 81.
\calc@Ccount=\count398
\calc@Cskip=\skip82
)
("C:\Program Files\MiKTeX\tex/latex/siunitx\siunitx.sty"
Package: siunitx 2020/02/25 v2.8b A comprehensive (SI) units package

("C:\Program Files\MiKTeX\tex/latex/l3packages/l3keys2e\l3keys2e.sty"
Package: l3keys2e 2020-05-15 LaTeX2e option processing using LaTeX3 keys
)
\l__siunitx_tmp_box=\box123
\l__siunitx_tmp_dim=\dimen336
\l__siunitx_tmp_int=\count399
\l__siunitx_number_mantissa_length_int=\count400
\l__siunitx_number_uncert_length_int=\count401
\l__siunitx_round_int=\count402
\l__siunitx_process_decimal_int=\count403
\l__siunitx_process_uncertainty_int=\count404
\l__siunitx_process_fixed_int=\count405
\l__siunitx_process_integer_min_int=\count406
\l__siunitx_process_precision_int=\count407
\l__siunitx_group_min_int=\count408
\l__siunitx_angle_marker_box=\box124
\l__siunitx_angle_unit_box=\box125
\l__siunitx_angle_marker_dim=\dimen337
\l__siunitx_angle_unit_dim=\dimen338
\l__siunitx_unit_int=\count409
\l__siunitx_unit_denominator_int=\count410
\l__siunitx_unit_numerator_int=\count411
\l__siunitx_unit_prefix_int=\count412
\l__siunitx_unit_prefix_base_int=\count413
\l__siunitx_unit_prefix_gram_int=\count414
\l__siunitx_number_product_int=\count415
\c__siunitx_one_fill_skip=\skip83
\l__siunitx_table_unit_align_skip=\skip84
\l__siunitx_table_exponent_dim=\dimen339
\l__siunitx_table_integer_dim=\dimen340
\l__siunitx_table_mantissa_dim=\dimen341
\l__siunitx_table_marker_dim=\dimen342
\l__siunitx_table_result_dim=\dimen343
\l__siunitx_table_uncert_dim=\dimen344
\l__siunitx_table_fill_pre_dim=\dimen345
\l__siunitx_table_fill_post_dim=\dimen346
\l__siunitx_table_fill_mid_dim=\dimen347
\l__siunitx_table_pre_box=\box126
\l__siunitx_table_post_box=\box127
\l__siunitx_table_mantissa_box=\box128
\l__siunitx_table_result_box=\box129
\l__siunitx_table_number_align_skip=\skip85
\l__siunitx_table_text_align_skip=\skip86

("C:\Program Files\MiKTeX\tex/latex/translator\translator.sty"
Package: translator 2020-08-03 v1.12c Easy translation of strings in LaTeX
LaTeX Info: Redefining \translate on input line 184.
))
("C:\Program Files\MiKTeX\tex/latex/setspace\setspace.sty"
Package: setspace 2011/12/19 v6.7a set line spacing
)
Package scrhack Info: loading setspace hack on input line 71.

("C:\Program Files\MiKTeX\tex/latex/koma-script\setspace.hak"
File: setspace.hak 2020/09/21 v3.32 KOMA-Script scrhack part (hacking package s
etspace)
)
("C:\Program Files\MiKTeX\tex/latex/lipsum\lipsum.sty"
Package: lipsum 2019/01/02 v2.2 150 paragraphs of Lorem Ipsum dummy text

("C:\Program Files\MiKTeX\tex/latex/lipsum\lipsum.ltd.tex"
File: lipsum.ltd.tex 2019/01/02 v2.2 The Lorem ipsum dummy text
))
("C:\Program Files\MiKTeX\tex/latex/moreverb\moreverb.sty"
Package: moreverb 2008/06/03 v2.3a `more' verbatim facilities
\tab@position=\count416
\tab@size=\count417
\listing@line=\count418
)
("C:\Program Files\MiKTeX\tex/latex/graphics\rotating.sty"
Package: rotating 2016/08/11 v2.16d rotated objects in LaTeX
\c@r@tfl@t=\count419
\rotFPtop=\skip87
\rotFPbot=\skip88
\rot@float@box=\box130
\rot@mess@toks=\toks60
)
("C:\Program Files\MiKTeX\tex/latex/romannum\romannum.sty"
Package: romannum 2009/09/03 v1.0b roman numerals

("C:\Program Files\MiKTeX\tex/latex/stdclsdv\stdclsdv.sty"
Package: stdclsdv 2009/09/04 v1.1a Sectional divisions
))
\@indexfile=\write4
\openout4 = `Relatorio.idx'.


Writing index file Relatorio.idx

Package babelbib Warning: Command \selectbiblanguage used without package
(babelbib)                option fixlanguage. Ignored on input line 84.

babelbib: Set bibliography fall-back language to english
)
\@input{./include/SETUP/ISEPTitleSettings.aux}
\openout2 = `./include/SETUP/ISEPTitleSettings.aux'.

(include/SETUP/ISEPTitleSettings.tex
\myheight=\skip89
\mydepth=\skip90
)
\@input{./include/SETUP/NewCommands.aux}
\openout2 = `./include/SETUP/NewCommands.aux'.

(include/SETUP/NewCommands.tex
("C:\Program Files\MiKTeX\tex/latex/listings\lstlang1.sty"
File: lstlang1.sty 2020/03/24 1.8d listings language file
)
("C:\Program Files\MiKTeX\tex/latex/listings\lstmisc.sty"
File: lstmisc.sty 2020/03/24 1.8d (Carsten Heinz)
)
\c@theorem=\count420
\c@lemma=\count421
\c@definition=\count422
\c@notation=\count423
)
\@input{./include/SETUP/Glossary.aux}
\openout2 = `./include/SETUP/Glossary.aux'.

(include/SETUP/Glossary.tex
\glswrite=\write5
\glo@main@file=\write6
\openout6 = `Relatorio.glo'.

Package glossaries Info: Writing glossary file Relatorio.glo on input line 2.
\glo@acronym@file=\write7
\openout7 = `Relatorio.acn'.

Package glossaries Info: Writing glossary file Relatorio.acn on input line 2.
)
Package csquotes Info: Checking for multilingual support...
Package csquotes Info: ... found 'babel' package.
 (Relatorio.aux (include/SETUP/Acknowledgement.aux) (include/SETUP/Abstract_1.a
ux) (include/SETUP/Abstract_2.aux)
(include/SETUP/ContentFigureTableListingGlossary.aux))
\openout1 = `Relatorio.aux'.

LaTeX Font Info:    Checking defaults for OML/cmm/m/it on input line 15.
LaTeX Font Info:    ... okay on input line 15.
LaTeX Font Info:    Checking defaults for OMS/cmsy/m/n on input line 15.
LaTeX Font Info:    ... okay on input line 15.
LaTeX Font Info:    Checking defaults for OT1/cmr/m/n on input line 15.
LaTeX Font Info:    ... okay on input line 15.
LaTeX Font Info:    Checking defaults for T1/cmr/m/n on input line 15.
LaTeX Font Info:    ... okay on input line 15.
LaTeX Font Info:    Checking defaults for TS1/cmr/m/n on input line 15.
LaTeX Font Info:    ... okay on input line 15.
LaTeX Font Info:    Checking defaults for OMX/cmex/m/n on input line 15.
LaTeX Font Info:    ... okay on input line 15.
LaTeX Font Info:    Checking defaults for U/cmr/m/n on input line 15.
LaTeX Font Info:    ... okay on input line 15.
LaTeX Font Info:    Checking defaults for PD1/pdf/m/n on input line 15.
LaTeX Font Info:    ... okay on input line 15.
LaTeX Font Info:    Trying to load font information for T1+lmr on input line 15
.

("C:\Program Files\MiKTeX\tex/latex/lm\t1lmr.fd"
File: t1lmr.fd 2009/10/30 v1.6 Font defs for Latin Modern
)
*geometry* driver: auto-detecting
*geometry* detected driver: pdftex
*geometry* verbose mode - [ preamble ] result:
* driver: pdftex
* paper: a4paper
* layout: <same size as paper>
* layoutoffset:(h,v)=(0.0pt,0.0pt)
* modes: 
* h-part:(L,W,R)=(85.35826pt, 441.01773pt, 71.13188pt)
* v-part:(T,H,B)=(71.13188pt, 702.78308pt, 71.13188pt)
* \paperwidth=597.50787pt
* \paperheight=845.04684pt
* \textwidth=441.01773pt
* \textheight=702.78308pt
* \oddsidemargin=13.08827pt
* \evensidemargin=13.08827pt
* \topmargin=-38.1381pt
* \headheight=12.0pt
* \headsep=25.0pt
* \topskip=12.0pt
* \footskip=30.0pt
* \marginparwidth=35.0pt
* \marginparsep=10.0pt
* \columnsep=10.0pt
* \skip\footins=10.8pt plus 4.0pt minus 2.0pt
* \hoffset=0.0pt
* \voffset=0.0pt
* \mag=1000
* \@twocolumnfalse
* \@twosidefalse
* \@mparswitchfalse
* \@reversemarginfalse
* (1in=72.27pt=25.4mm, 1cm=28.453pt)

("C:\Program Files\MiKTeX\tex/context/base/mkii\supp-pdf.mkii"
[Loading MPS to PDF converter (version 2006.09.02).]
\scratchcounter=\count424
\scratchdimen=\dimen348
\scratchbox=\box131
\nofMPsegments=\count425
\nofMParguments=\count426
\everyMPshowfont=\toks61
\MPscratchCnt=\count427
\MPscratchDim=\dimen349
\MPnumerator=\count428
\makeMPintoPDFobject=\count429
\everyMPtoPDFconversion=\toks62
) ("C:\Program Files\MiKTeX\tex/latex/epstopdf-pkg\epstopdf-base.sty"
Package: epstopdf-base 2020-01-24 v2.11 Base part for package epstopdf
Package epstopdf-base Info: Redefining graphics rule for `.eps' on input line 4
85.
)
Package caption Info: Begin \AtBeginDocument code.
Package caption Info: float package is loaded.
Package caption Info: hyperref package is loaded.
Package caption Info: listings package is loaded.
Package caption Info: longtable package is loaded.

("C:\Program Files\MiKTeX\tex/latex/caption\ltcaption.sty"
Package: ltcaption 2020/05/30 v1.4b longtable captions (AR)
)
Package caption Info: rotating package is loaded.
Package caption Info: supertabular package is loaded.
Package caption Info: End \AtBeginDocument code.
\AtBeginShipoutBox=\box132
Package hyperref Info: Link coloring OFF on input line 15.

("C:\Program Files\MiKTeX\tex/latex/hyperref\nameref.sty"
Package: nameref 2019/09/16 v2.46 Cross-referencing by name of section

("C:\Program Files\MiKTeX\tex/latex/refcount\refcount.sty"
Package: refcount 2019/12/15 v3.6 Data extraction from label references (HO)
)
("C:\Program Files\MiKTeX\tex/generic/gettitlestring\gettitlestring.sty"
Package: gettitlestring 2019/12/15 v1.6 Cleanup title references (HO)
)
\c@section@level=\count430
)
LaTeX Info: Redefining \ref on input line 15.
LaTeX Info: Redefining \pageref on input line 15.
LaTeX Info: Redefining \nameref on input line 15.

(Relatorio.out) (Relatorio.out)
\@outlinefile=\write8
\openout8 = `Relatorio.out'.


babelbib: Use citation-dependent languages in bibliography
babelbib: Bibliography fall-back language unchanged (english)
("C:\Program Files\MiKTeX\tex/latex/babelbib\portuguese.bdf"
File: portuguese.bdf 2019/03/11 v1.32 babelbib: multilingual bibliographies (HH
)

babelbib extension \bibsportuguese added to \extrasportuguese
babelbib extension \btxifchangecaseoff added to \extrasportuguese
) ABD: EveryShipout initializing macros
\c@lstlisting=\count431
Package scrhack Info: undefining \float@addtolists on input line 15.

("C:\Program Files\MiKTeX\tex/latex/translator\translator-basic-dictionary-Engl
ish.dict"
Dictionary: translator-basic-dictionary, Language: English 
) ("C:\Program Files\MiKTeX\tex/latex/siunitx\siunitx-abbreviations.cfg"
File: siunitx-abbreviations.cfg 2017/11/26 v2.7k siunitx: Abbreviated units
)
Package scrbase Info: activating portuguese \degreetemp on input line 15.
Package scrbase Info: activating portuguese \disclamertemp on input line 15.
Package scrbase Info: activating portuguese \studentlabel on input line 15.
Package scrbase Info: activating portuguese \nblabel on input line 15.
Package scrbase Info: activating portuguese \advisorlabel on input line 15.
Package scrbase Info: activating portuguese \coadvisorlabel on input line 15.
Package scrbase Info: activating portuguese \supervisorlabel on input line 15.
Package scrbase Info: activating portuguese \companylabel on input line 15.
LaTeX Font Info:    Trying to load font information for OT1+lmr on input line 1
5.
 ("C:\Program Files\MiKTeX\tex/latex/lm\ot1lmr.fd"
File: ot1lmr.fd 2009/10/30 v1.6 Font defs for Latin Modern
)
LaTeX Font Info:    Trying to load font information for OML+lmm on input line 1
5.

("C:\Program Files\MiKTeX\tex/latex/lm\omllmm.fd"
File: omllmm.fd 2009/10/30 v1.6 Font defs for Latin Modern
)
LaTeX Font Info:    Trying to load font information for OMS+lmsy on input line 
15.

("C:\Program Files\MiKTeX\tex/latex/lm\omslmsy.fd"
File: omslmsy.fd 2009/10/30 v1.6 Font defs for Latin Modern
)
LaTeX Font Info:    Trying to load font information for OMX+lmex on input line 
15.

("C:\Program Files\MiKTeX\tex/latex/lm\omxlmex.fd"
File: omxlmex.fd 2009/10/30 v1.6 Font defs for Latin Modern
)
LaTeX Font Info:    External font `lmex10' loaded for size
(Font)              <12> on input line 15.
LaTeX Font Info:    External font `lmex10' loaded for size
(Font)              <8> on input line 15.
LaTeX Font Info:    External font `lmex10' loaded for size
(Font)              <6> on input line 15.
LaTeX Font Info:    Trying to load font information for U+msa on input line 15.


("C:\Program Files\MiKTeX\tex/latex/amsfonts\umsa.fd"
File: umsa.fd 2013/01/14 v3.01 AMS symbols A
)
LaTeX Font Info:    Trying to load font information for U+msb on input line 15.


("C:\Program Files\MiKTeX\tex/latex/amsfonts\umsb.fd"
File: umsb.fd 2013/01/14 v3.01 AMS symbols B
)
LaTeX Font Info:    Trying to load font information for U+rsfs on input line 15
.

("C:\Program Files\MiKTeX\tex/latex/jknappen\ursfs.fd"
File: ursfs.fd 1998/03/24 rsfs font definition file (jk)
)
LaTeX Font Info:    Trying to load font information for OT1+lmss on input line 
15.

("C:\Program Files\MiKTeX\tex/latex/lm\ot1lmss.fd"
File: ot1lmss.fd 2009/10/30 v1.6 Font defs for Latin Modern
)
LaTeX Font Info:    Trying to load font information for OT1+lmtt on input line 
15.

("C:\Program Files\MiKTeX\tex/latex/lm\ot1lmtt.fd"
File: ot1lmtt.fd 2009/10/30 v1.6 Font defs for Latin Modern
)
<./image/Logo/ISEP_logo.jpg, id=114, 730.6497pt x 278.2395pt>
File: ./image/Logo/ISEP_logo.jpg Graphic file (type jpg)
<use ./image/Logo/ISEP_logo.jpg>
Package pdftex.def Info: ./image/Logo/ISEP_logo.jpg  used on input line 17.
(pdftex.def)             Requested size: 184.9429pt x 70.4258pt.
 [1



\providecommand\@newglossary[4]{}
\@newglossary{main}{glg}{gls}{glo}
\@newglossary{acronym}{alg}{acr}{acn}
\providecommand \oddpage@label [2]{}






\providecommand\@glsorder[1]{}
\providecommand\@istfilename[1]{}
\@istfilename{Relatorio.ist}
\@glsorder{word}
\openout5 = `Relatorio.ist'.


{C:/Users/sergi/AppData/Local/MiKTeX/pdftex/config/pdftex.map} <./image/Logo/IS
EP_logo.jpg>]
LaTeX Font Info:    Trying to load font information for TS1+lmr on input line 1
8.
 ("C:\Program Files\MiKTeX\tex/latex/lm\ts1lmr.fd"
File: ts1lmr.fd 2009/10/30 v1.6 Font defs for Latin Modern
)
LaTeX Font Info:    Trying to load font information for T1+lmtt on input line 1
8.

("C:\Program Files\MiKTeX\tex/latex/lm\t1lmtt.fd"
File: t1lmtt.fd 2009/10/30 v1.6 Font defs for Latin Modern
)
LaTeX Font Info:    External font `lmex10' loaded for size
(Font)              <14.4> on input line 18.
LaTeX Font Info:    External font `lmex10' loaded for size
(Font)              <10> on input line 18.
LaTeX Font Info:    External font `lmex10' loaded for size
(Font)              <7> on input line 18.
File: ./image/Logo/ISEP_logo.jpg Graphic file (type jpg)
<use ./image/Logo/ISEP_logo.jpg>
Package pdftex.def Info: ./image/Logo/ISEP_logo.jpg  used on input line 18.
(pdftex.def)             Requested size: 184.9429pt x 70.4258pt.
pdfTeX warning (ext4): destination with the same identifier (name{page.i}) has 
been already used, duplicate ignored
<to be read again> 
                   \relax 
l.19 	\cleardoublepage
                       [1

] (input/Inic.tex
\openout2 = `./include/SETUP/Acknowledgement.aux'.

 (include/SETUP/Acknowledgement.tex)
Underfull \hbox (badness 10000) in paragraph at lines 3--10

 []

[0



]pdfTeX warning (ext4): destination with the same identifier (name{page.}) has 
been already used, duplicate ignored
<to be read again> 
                   \relax 
l.14 \include{./include/SETUP/Abstract_1}
                                          [0

]
\openout2 = `./include/SETUP/Abstract_1.aux'.

 (include/SETUP/Abstract_1.tex
Underfull \hbox (badness 10000) in paragraph at lines 3--16

 []


Underfull \hbox (badness 10000) in paragraph at lines 3--16

 []


Underfull \hbox (badness 10000) in paragraph at lines 3--16

 []

pdfTeX warning (ext4): destination with the same identifier (name{page.i}) has 
been already used, duplicate ignored
<to be read again> 
                   \relax 
l.18 \end{abstract}
                    [1

])pdfTeX warning (ext4): destination with the same identifier (name{page.}) has
 been already used, duplicate ignored
<to be read again> 
                   \relax 
l.17 \include{./include/SETUP/Abstract_2}
                                          [0

]
\openout2 = `./include/SETUP/Abstract_2.aux'.

 (include/SETUP/Abstract_2.tex
Underfull \hbox (badness 10000) in paragraph at lines 4--19

 []


Underfull \hbox (badness 10000) in paragraph at lines 4--19

 []


Underfull \hbox (badness 10000) in paragraph at lines 4--19

 []


Underfull \hbox (badness 10000) in paragraph at lines 4--19

 []

pdfTeX warning (ext4): destination with the same identifier (name{page.i}) has 
been already used, duplicate ignored
<to be read again> 
                   \relax 
l.21 \end{abstract}
                    [1

])pdfTeX warning (ext4): destination with the same identifier (name{page.}) has
 been already used, duplicate ignored
<to be read again> 
                   \relax 
l.20 ...e/SETUP/ContentFigureTableListingGlossary}
                                                   [0

]
\openout2 = `./include/SETUP/ContentFigureTableListingGlossary.aux'.


(include/SETUP/ContentFigureTableListingGlossary.tex (Relatorio.toc)
\tf@toc=\write9
\openout9 = `Relatorio.toc'.

pdfTeX warning (ext4): destination with the same identifier (name{page.i}) has 
been already used, duplicate ignored
<to be read again> 
                   \relax 
l.4 \cleardoublepage
                    	 [1


] (Relatorio.lof)
\tf@lof=\write10
\openout10 = `Relatorio.lof'.

 [2


] (Relatorio.lot)
\tf@lot=\write11
\openout11 = `Relatorio.lot'.

 [3


]
(Relatorio.lol)
\tf@lol=\write12
\openout12 = `Relatorio.lol'.

 [4


] (Relatorio.acr
Underfull \hbox (badness 5119) in paragraph at lines 14--14
[]|\T1/lmr/m/it/12 Electrically Era-sa-ble Pro-gram-ma-ble Read-
 []

) [5




]) [6

]) (input/page/Introducao.tex
Cap\'{\i }tulo 1.
<./image/PESTA/fisica/mass.jpg, id=311, 282.05376pt x 179.67125pt>
File: ./image/PESTA/fisica/mass.jpg Graphic file (type jpg)
<use ./image/PESTA/fisica/mass.jpg>
Package pdftex.def Info: ./image/PESTA/fisica/mass.jpg  used on input line 7.
(pdftex.def)             Requested size: 312.68741pt x 199.16928pt.

Underfull \hbox (badness 10000) in paragraph at lines 2--10

 []


Underfull \hbox (badness 10000) in paragraph at lines 11--16

 []


Underfull \hbox (badness 10000) in paragraph at lines 11--16

 []

[1


 <./image/PESTA/fisica/mass.jpg>]
Underfull \hbox (badness 10000) in paragraph at lines 18--25

 []


Underfull \hbox (badness 10000) in paragraph at lines 18--25

 []

[2]
Underfull \hbox (badness 10000) in paragraph at lines 27--72

 []


Underfull \hbox (badness 10000) in paragraph at lines 27--72

 []

[3]
Underfull \hbox (badness 10000) in paragraph at lines 75--79

 []

[4]
Cap\'{\i }tulo 2.
<./image/PESTA/general/balanca_1.jpg, id=331, 642.4pt x 481.8pt>
File: ./image/PESTA/general/balanca_1.jpg Graphic file (type jpg)
<use ./image/PESTA/general/balanca_1.jpg>
Package pdftex.def Info: ./image/PESTA/general/balanca_1.jpg  used on input lin
e 91.
(pdftex.def)             Requested size: 265.552pt x 199.16928pt.

Overfull \hbox (67.09538pt too wide) in paragraph at lines 91--92
 [][] 
 []

<./image/PESTA/general/balanca_4.jpg, id=332, 160.4394pt x 192.9609pt>
File: ./image/PESTA/general/balanca_4.jpg Graphic file (type jpg)
<use ./image/PESTA/general/balanca_4.jpg>
Package pdftex.def Info: ./image/PESTA/general/balanca_4.jpg  used on input lin
e 100.
(pdftex.def)             Requested size: 165.60695pt x 199.16928pt.
<./image/PESTA/general/Weigh_Scale_Salter_1.jpg, id=333, 803.0pt x 982.67125pt>

File: ./image/PESTA/general/Weigh_Scale_Salter_1.jpg Graphic file (type jpg)
<use ./image/PESTA/general/Weigh_Scale_Salter_1.jpg>
Package pdftex.def Info: ./image/PESTA/general/Weigh_Scale_Salter_1.jpg  used o
n input line 116.
(pdftex.def)             Requested size: 162.75365pt x 199.16928pt.

Underfull \hbox (badness 10000) in paragraph at lines 81--120

 []


Overfull \hbox (23.71361pt too wide) in paragraph at lines 81--120
[]$   $[]$ 
 []


Underfull \hbox (badness 10000) in paragraph at lines 81--120

 []


Underfull \hbox (badness 10000) in paragraph at lines 81--120

 []


Underfull \hbox (badness 10000) in paragraph at lines 81--120

 []


Underfull \hbox (badness 10000) in paragraph at lines 81--120

 []

[5

 <./image/PESTA/general/balanca_1.jpg> <./image/PESTA/general/balanca_4.jpg>]
<./image/PESTA/general/Public_Body_Scales_1.jpg, id=346, 383.18156pt x 248.4281
3pt>
File: ./image/PESTA/general/Public_Body_Scales_1.jpg Graphic file (type jpg)
<use ./image/PESTA/general/Public_Body_Scales_1.jpg>
Package pdftex.def Info: ./image/PESTA/general/Public_Body_Scales_1.jpg  used o
n input line 128.
(pdftex.def)             Requested size: 307.20636pt x 199.16928pt.
<./image/PESTA/general/Balanca_Mola_1.jpg, id=347, 97.8054pt x 204.5241pt>
File: ./image/PESTA/general/Balanca_Mola_1.jpg Graphic file (type jpg)
<use ./image/PESTA/general/Balanca_Mola_1.jpg>
Package pdftex.def Info: ./image/PESTA/general/Balanca_Mola_1.jpg  used on inpu
t line 130.
(pdftex.def)             Requested size: 95.24718pt x 199.16928pt.

Underfull \hbox (badness 10000) in paragraph at lines 121--135

 []

[6 <./image/PESTA/general/Weigh_Scale_Salter_1.jpg> <./image/PESTA/general/Publ
ic_Body_Scales_1.jpg> <./image/PESTA/general/Balanca_Mola_1.jpg>]
<./image/PESTA/general/Scale_1.jpg, id=352, 1330.9725pt x 1039.63406pt>
File: ./image/PESTA/general/Scale_1.jpg Graphic file (type jpg)
<use ./image/PESTA/general/Scale_1.jpg>
Package pdftex.def Info: ./image/PESTA/general/Scale_1.jpg  used on input line 
140.
(pdftex.def)             Requested size: 254.97922pt x 199.16928pt.

Underfull \hbox (badness 10000) in paragraph at lines 136--143

 []

)
Underfull \hbox (badness 10000) in paragraph at lines 158--28

 []

[7 <./image/PESTA/general/Scale_1.jpg>] (input/page/Desenvolvimento.tex
Cap\'{\i }tulo 3.
<./image/PESTA/kit/Kit_Desenvolvimento_2.jpg, id=362, 3014.26125pt x 1704.3675p
t>
File: ./image/PESTA/kit/Kit_Desenvolvimento_2.jpg Graphic file (type jpg)
<use ./image/PESTA/kit/Kit_Desenvolvimento_2.jpg>
Package pdftex.def Info: ./image/PESTA/kit/Kit_Desenvolvimento_2.jpg  used on i
nput line 9.
(pdftex.def)             Requested size: 361.69574pt x 204.51527pt.

Underfull \hbox (badness 10000) in paragraph at lines 3--12

 []

<./image/PESTA/Diagrama/Diagrama_bloco_3.jpg, id=364, 1063.72406pt x 708.39656p
t>
File: ./image/PESTA/Diagrama/Diagrama_bloco_3.jpg Graphic file (type jpg)
<use ./image/PESTA/Diagrama/Diagrama_bloco_3.jpg>
Package pdftex.def Info: ./image/PESTA/Diagrama/Diagrama_bloco_3.jpg  used on i
nput line 16.
(pdftex.def)             Requested size: 287.20934pt x 191.26962pt.
<./image/PESTA/material/Load_Cell_1.jpg, id=366, 2337.73375pt x 1152.305pt>
File: ./image/PESTA/material/Load_Cell_1.jpg Graphic file (type jpg)
<use ./image/PESTA/material/Load_Cell_1.jpg>
Package pdftex.def Info: ./image/PESTA/material/Load_Cell_1.jpg  used on input 
line 26.
(pdftex.def)             Requested size: 350.64493pt x 172.83829pt.

Underfull \hbox (badness 10000) in paragraph at lines 21--29

 []

[8

 <./image/PESTA/kit/Kit_Desenvolvimento_2.jpg> <./image/PESTA/Diagrama/Diagrama
_bloco_3.jpg>]
<./image/PESTA/general/strain_gauge_1.jpg, id=373, 630.10406pt x 381.67593pt>
File: ./image/PESTA/general/strain_gauge_1.jpg Graphic file (type jpg)
<use ./image/PESTA/general/strain_gauge_1.jpg>
Package pdftex.def Info: ./image/PESTA/general/strain_gauge_1.jpg  used on inpu
t line 38.
(pdftex.def)             Requested size: 234.85587pt x 142.26378pt.

Overfull \hbox (14.347pt too wide) in paragraph at lines 38--39
[]  
 []

<./image/PESTA/schematic/Wheatstone_2.jpg, id=375, 313.17pt x 210.03468pt>
File: ./image/PESTA/schematic/Wheatstone_2.jpg Graphic file (type jpg)
<use ./image/PESTA/schematic/Wheatstone_2.jpg>
Package pdftex.def Info: ./image/PESTA/schematic/Wheatstone_2.jpg  used on inpu
t line 47.
(pdftex.def)             Requested size: 212.12129pt x 142.26378pt.
<./image/PESTA/schematic/Wheatstone_1.jpg, id=376, 315.42844pt x 262.73157pt>
File: ./image/PESTA/schematic/Wheatstone_1.jpg Graphic file (type jpg)
<use ./image/PESTA/schematic/Wheatstone_1.jpg>
Package pdftex.def Info: ./image/PESTA/schematic/Wheatstone_1.jpg  used on inpu
t line 57.
(pdftex.def)             Requested size: 170.8053pt x 142.26378pt.

Underfull \hbox (badness 10000) in paragraph at lines 69--71

 []


Underfull \hbox (badness 10000) in paragraph at lines 31--74

 []


Overfull \hbox (2.61107pt too wide) in paragraph at lines 31--74
[]$ $[]$ 
 []


Overfull \hbox (2.61105pt too wide) in paragraph at lines 31--74
[]$ $[]$ 
 []

[9 <./image/PESTA/material/Load_Cell_1.jpg> <./image/PESTA/general/strain_gauge
_1.jpg> <./image/PESTA/schematic/Wheatstone_2.jpg>] [10 <./image/PESTA/schemati
c/Wheatstone_1.jpg>]
<./image/PESTA/material/Prato.jpg, id=393, 2836.5975pt x 903.375pt>
File: ./image/PESTA/material/Prato.jpg Graphic file (type jpg)
<use ./image/PESTA/material/Prato.jpg>
Package pdftex.def Info: ./image/PESTA/material/Prato.jpg  used on input line 8
0.
(pdftex.def)             Requested size: 453.86488pt x 144.54295pt.

Overfull \hbox (12.84715pt too wide) in paragraph at lines 80--81
 [][] 
 []

[11 <./image/PESTA/material/Prato.jpg>]
<./image/PESTA/schematic/HX711_Schematic_1.jpg, id=400, 628.59843pt x 310.91156
pt>
File: ./image/PESTA/schematic/HX711_Schematic_1.jpg Graphic file (type jpg)
<use ./image/PESTA/schematic/HX711_Schematic_1.jpg>
Package pdftex.def Info: ./image/PESTA/schematic/HX711_Schematic_1.jpg  used on
 input line 96.
(pdftex.def)             Requested size: 220.01274pt x 108.82066pt.
<./image/PESTA/material/HX711_board_1.jpg, id=401, 2004.48875pt x 1071.00125pt>

File: ./image/PESTA/material/HX711_board_1.jpg Graphic file (type jpg)
<use ./image/PESTA/material/HX711_board_1.jpg>
Package pdftex.def Info: ./image/PESTA/material/HX711_board_1.jpg  used on inpu
t line 97.
(pdftex.def)             Requested size: 200.46062pt x 107.1064pt.

Underfull \hbox (badness 10000) in paragraph at lines 87--100

 []


Underfull \hbox (badness 10000) in paragraph at lines 87--100

 []


Underfull \hbox (badness 10000) in paragraph at lines 87--100

 []


Underfull \hbox (badness 10000) in paragraph at lines 102--120

 []


Underfull \hbox (badness 10000) in paragraph at lines 102--120

 []

<./image/PESTA/graph/80SPS64GAIN/SPS_80.JPG, id=404, 731.73375pt x 534.99875pt>

File: ./image/PESTA/graph/80SPS64GAIN/SPS_80.JPG Graphic file (type jpg)
<use ./image/PESTA/graph/80SPS64GAIN/SPS_80.JPG>
Package pdftex.def Info: ./image/PESTA/graph/80SPS64GAIN/SPS_80.JPG  used on in
put line 131.
(pdftex.def)             Requested size: 402.4548pt x 294.25021pt.

Underfull \hbox (badness 10000) in paragraph at lines 122--134

 []


Underfull \hbox (badness 10000) in paragraph at lines 122--134

 []

[12 <./image/PESTA/schematic/HX711_Schematic_1.jpg> <./image/PESTA/material/HX7
11_board_1.jpg>]
Underfull \hbox (badness 10000) in paragraph at lines 161--163

 []

<./image/PESTA/graph/80SPS128GAIN/Gain_128_example.JPG, id=412, 731.73375pt x 5
34.99875pt>
File: ./image/PESTA/graph/80SPS128GAIN/Gain_128_example.JPG Graphic file (type 
jpg)
<use ./image/PESTA/graph/80SPS128GAIN/Gain_128_example.JPG>
Package pdftex.def Info: ./image/PESTA/graph/80SPS128GAIN/Gain_128_example.JPG 
 used on input line 169.
(pdftex.def)             Requested size: 182.93298pt x 133.74936pt.
<./image/PESTA/graph/80SPS64GAIN/Gain_64_example.JPG, id=413, 731.73375pt x 534
.99875pt>
File: ./image/PESTA/graph/80SPS64GAIN/Gain_64_example.JPG Graphic file (type jp
g)
<use ./image/PESTA/graph/80SPS64GAIN/Gain_64_example.JPG>
Package pdftex.def Info: ./image/PESTA/graph/80SPS64GAIN/Gain_64_example.JPG  u
sed on input line 179.
(pdftex.def)             Requested size: 182.93298pt x 133.74936pt.

Underfull \hbox (badness 10000) in paragraph at lines 136--192

 []


Overfull \hbox (2.61105pt too wide) in paragraph at lines 136--192
[]$ $[]$ 
 []


Overfull \hbox (33.67488pt too wide) in paragraph at lines 136--192
[]$   $[]$ 
 []


Underfull \hbox (badness 10000) in paragraph at lines 136--192

 []


Underfull \hbox (badness 10000) in paragraph at lines 136--192

 []


Underfull \hbox (badness 10000) in paragraph at lines 136--192

 []

[13 <./image/PESTA/graph/80SPS64GAIN/SPS_80.JPG>]
Package hyperref Info: bookmark level for unknown lstlisting defaults to 0 on i
nput line 192.
 (input/code/hx_query.c)
[14 <./image/PESTA/graph/80SPS128GAIN/Gain_128_example.JPG> <./image/PESTA/grap
h/80SPS64GAIN/Gain_64_example.JPG>] (input/code/HX711_read_raw.c) [15]
Underfull \hbox (badness 10000) in paragraph at lines 207--243

 []


Underfull \hbox (badness 10000) in paragraph at lines 207--243

 []

<./image/PESTA/material/4x20_LCD.jpg, id=485, 575.90157pt x 345.54094pt>
File: ./image/PESTA/material/4x20_LCD.jpg Graphic file (type jpg)
<use ./image/PESTA/material/4x20_LCD.jpg>
Package pdftex.def Info: ./image/PESTA/material/4x20_LCD.jpg  used on input lin
e 247.
(pdftex.def)             Requested size: 287.95007pt x 172.77003pt.
[16 <./image/PESTA/material/4x20_LCD.jpg>]
<./image/PESTA/Diagrama/Harvard_architecture.jpg, id=495, 322.95656pt x 205.517
8pt>
File: ./image/PESTA/Diagrama/Harvard_architecture.jpg Graphic file (type jpg)
<use ./image/PESTA/Diagrama/Harvard_architecture.jpg>
Package pdftex.def Info: ./image/PESTA/Diagrama/Harvard_architecture.jpg  used 
on input line 274.
(pdftex.def)             Requested size: 322.95576pt x 205.5173pt.

Underfull \hbox (badness 10000) in paragraph at lines 253--277

 []


Underfull \hbox (badness 10000) in paragraph at lines 253--277

 []


Underfull \hbox (badness 10000) in paragraph at lines 253--277

 []


Underfull \hbox (badness 10000) in paragraph at lines 253--277

 []


Underfull \hbox (badness 10000) in paragraph at lines 253--277

 []


Underfull \hbox (badness 10000) in paragraph at lines 253--277

 []


Underfull \hbox (badness 10000) in paragraph at lines 253--277

 []

[17 <./image/PESTA/Diagrama/Harvard_architecture.jpg>]
<./image/PESTA/material/Atmega128_1.jpg, id=507, 450.18187pt x 477.28313pt>
File: ./image/PESTA/material/Atmega128_1.jpg Graphic file (type jpg)
<use ./image/PESTA/material/Atmega128_1.jpg>
Package pdftex.def Info: ./image/PESTA/material/Atmega128_1.jpg  used on input 
line 289.
(pdftex.def)             Requested size: 315.12515pt x 334.0959pt.

Underfull \hbox (badness 10000) in paragraph at lines 280--292

 []


Underfull \hbox (badness 10000) in paragraph at lines 280--292

 []


Underfull \hbox (badness 10000) in paragraph at lines 280--292

 []


Underfull \hbox (badness 10000) in paragraph at lines 280--292

 []


Underfull \hbox (badness 10000) in paragraph at lines 280--292

 []


Overfull \hbox (22.6005pt too wide) in paragraph at lines 294--297
[]$\T1/lmtt/m/n/12 https : / / drive . google . com / file / d / 1wgOGf8WwYY0Oz
DhRca9ypXz-[]iBO55YOF / view ? usp =
 []

[18 <./image/PESTA/material/Atmega128_1.jpg>]
Underfull \hbox (badness 10000) in paragraph at lines 298--329

 []


Underfull \hbox (badness 10000) in paragraph at lines 298--329

 []


Underfull \hbox (badness 10000) in paragraph at lines 298--329

 []

[19]
<./image/PESTA/programador/Atmel_ice.png, id=527, 271.76532pt x 219.82124pt>
File: ./image/PESTA/programador/Atmel_ice.png Graphic file (type png)
<use ./image/PESTA/programador/Atmel_ice.png>
Package pdftex.def Info: ./image/PESTA/programador/Atmel_ice.png  used on input
 line 336.
(pdftex.def)             Requested size: 203.82349pt x 164.86551pt.
<./image/PESTA/programador/isp_6pin.png, id=529, 371.13657pt x 146.04562pt>
File: ./image/PESTA/programador/isp_6pin.png Graphic file (type png)
<use ./image/PESTA/programador/isp_6pin.png>
Package pdftex.def Info: ./image/PESTA/programador/isp_6pin.png  used on input 
line 346.
(pdftex.def)             Requested size: 167.0099pt x 65.71991pt.
<./image/PESTA/programador/isp_8e10pin.png, id=530, 347.04657pt x 197.98969pt>
File: ./image/PESTA/programador/isp_8e10pin.png Graphic file (type png)
<use ./image/PESTA/programador/isp_8e10pin.png>
Package pdftex.def Info: ./image/PESTA/programador/isp_8e10pin.png  used on inp
ut line 348.
(pdftex.def)             Requested size: 173.52286pt x 98.9946pt.

Overfull \hbox (19.4485pt too wide) in paragraph at lines 330--353
[]$   $[]$ 
 []

<./image/PESTA/material/DCDC_converter.jpg, id=531, 357.58594pt x 380.92313pt>
File: ./image/PESTA/material/DCDC_converter.jpg Graphic file (type jpg)
<use ./image/PESTA/material/DCDC_converter.jpg>
Package pdftex.def Info: ./image/PESTA/material/DCDC_converter.jpg  used on inp
ut line 358.
(pdftex.def)             Requested size: 178.79253pt x 190.46109pt.

Overfull \hbox (2.61107pt too wide) in paragraph at lines 354--388
$[]$ $[]$
 []

[20 <./image/PESTA/programador/Atmel_ice.png> <./image/PESTA/programador/isp_6p
in.png> <./image/PESTA/programador/isp_8e10pin.png> <./image/PESTA/material/DCD
C_converter.jpg>]
Cap\'{\i }tulo 4.
<./image/PESTA/flowchart/Main_Program_1.jpg, id=543, 620.3175pt x 724.20563pt>
File: ./image/PESTA/flowchart/Main_Program_1.jpg Graphic file (type jpg)
<use ./image/PESTA/flowchart/Main_Program_1.jpg>
Package pdftex.def Info: ./image/PESTA/flowchart/Main_Program_1.jpg  used on in
put line 394.
(pdftex.def)             Requested size: 372.19337pt x 434.52673pt.

Underfull \hbox (badness 10000) in paragraph at lines 389--397

 []


Underfull \hbox (badness 10000) in paragraph at lines 389--397

 []

<./image/PESTA/flowchart/Generic_structure.jpg, id=544, 1095.3422pt x 442.65375
pt>
File: ./image/PESTA/flowchart/Generic_structure.jpg Graphic file (type jpg)
<use ./image/PESTA/flowchart/Generic_structure.jpg>
Package pdftex.def Info: ./image/PESTA/flowchart/Generic_structure.jpg  used on
 input line 407.
(pdftex.def)             Requested size: 438.12912pt x 177.05835pt.

Underfull \hbox (badness 10000) in paragraph at lines 399--410

 []


Underfull \hbox (badness 10000) in paragraph at lines 399--410

 []


Underfull \hbox (badness 10000) in paragraph at lines 399--410

 []

[21

 <./image/PESTA/flowchart/Main_Program_1.jpg>]
<./image/PESTA/flowchart/Interrupt_1.jpg, id=550, 73.77562pt x 120.45pt>
File: ./image/PESTA/flowchart/Interrupt_1.jpg Graphic file (type jpg)
<use ./image/PESTA/flowchart/Interrupt_1.jpg>
Package pdftex.def Info: ./image/PESTA/flowchart/Interrupt_1.jpg  used on input
 line 419.
(pdftex.def)             Requested size: 51.64256pt x 84.3144pt.
<./image/PESTA/flowchart/Interrupt_2.jpg, id=551, 73.77562pt x 120.45pt>
File: ./image/PESTA/flowchart/Interrupt_2.jpg Graphic file (type jpg)
<use ./image/PESTA/flowchart/Interrupt_2.jpg>
Package pdftex.def Info: ./image/PESTA/flowchart/Interrupt_2.jpg  used on input
 line 427.
(pdftex.def)             Requested size: 51.64256pt x 84.3144pt.

Overfull \hbox (2.61107pt too wide) in paragraph at lines 416--432
[]$[]$ $[]$ 
 []

<./image/PESTA/Code/Livrarias.jpg, id=552, 172.39406pt x 228.855pt>
File: ./image/PESTA/Code/Livrarias.jpg Graphic file (type jpg)
<use ./image/PESTA/Code/Livrarias.jpg>
Package pdftex.def Info: ./image/PESTA/Code/Livrarias.jpg  used on input line 4
41.
(pdftex.def)             Requested size: 155.15321pt x 205.96759pt.

Underfull \hbox (badness 1297) in paragraph at lines 448--455
\T1/lmr/m/n/12 li-vra-ria para os tem-po-ri-za-do-res, ou-tra para as
 []


Underfull \hbox (badness 3128) in paragraph at lines 448--455
\T1/lmr/m/it/12 Read-Only Me-mory \T1/lmr/m/n/12 (EE-PROM)[], de-pois cri-ado
 []


Underfull \hbox (badness 1436) in paragraph at lines 448--455
\T1/lmr/m/n/12 de ul-tra-pas-sar a bar-reira r-dua e do-lo-rosa de
 []


Underfull \hbox (badness 10000) in paragraph at lines 448--455

 []


Underfull \hbox (badness 10000) in paragraph at lines 448--455

 []


Underfull \hbox (badness 10000) in paragraph at lines 448--455

 []


Underfull \hbox (badness 10000) in paragraph at lines 412--461

 []


Underfull \hbox (badness 10000) in paragraph at lines 412--461

 []


Overfull \hbox (2.61105pt too wide) in paragraph at lines 412--461
[]$ $[]$ 
 []


Underfull \hbox (badness 10000) in paragraph at lines 412--461

 []

[22 <./image/PESTA/flowchart/Generic_structure.jpg> <./image/PESTA/flowchart/In
terrupt_1.jpg> <./image/PESTA/flowchart/Interrupt_2.jpg>] [23 <./image/PESTA/Co
de/Livrarias.jpg>]
Underfull \hbox (badness 10000) in paragraph at lines 464--473

 []


Underfull \hbox (badness 10000) in paragraph at lines 464--473

 []


Underfull \hbox (badness 10000) in paragraph at lines 464--473

 []


Underfull \hbox (badness 10000) in paragraph at lines 464--473

 []


Overfull \hbox (27.2337pt too wide) in paragraph at lines 480--503
[][]
 []


Underfull \hbox (badness 10000) in paragraph at lines 474--503

 []


Underfull \hbox (badness 10000) in paragraph at lines 474--503

 []

[24])
Underfull \hbox (badness 10000) in paragraph at lines 507--30

 []


Underfull \hbox (badness 10000) in paragraph at lines 507--30

 []


Underfull \hbox (badness 10000) in paragraph at lines 507--30

 []


Underfull \hbox (badness 10000) in paragraph at lines 507--30

 []


Underfull \hbox (badness 10000) in paragraph at lines 507--30

 []

[25] (input/page/Conclusao.tex
Cap\'{\i }tulo 5.

Underfull \hbox (badness 10000) in paragraph at lines 2--15

 []


Underfull \hbox (badness 10000) in paragraph at lines 2--15

 []


Underfull \hbox (badness 10000) in paragraph at lines 2--15

 []


Underfull \hbox (badness 10000) in paragraph at lines 2--15

 []

)
Underfull \hbox (badness 10000) in paragraph at lines 16--32

 []


Overfull \hbox (5.69876pt too wide) in paragraph at lines 16--32
\T1/lmtt/m/n/12 PESTA2021 / tree / main / SandBox / ATMEGA128 / Atmega128$[]\T1
/lmr/m/n/12 , e pos-s-vel fa-zer \T1/lmr/m/it/12 down-load \T1/lmr/m/n/12 para

 []


Underfull \hbox (badness 10000) in paragraph at lines 16--32

 []

[26

] (input/End.tex (Relatorio.bbl) [27

] [28


] (input/anexo/Definition_1.tex
Anexo A.

Overfull \hbox (46.71553pt too wide) in paragraph at lines 3--34
[] []
 []

)
Overfull \hbox (46.71553pt too wide) in paragraph at lines 35--9
[][] []
 []

[29

] (input/anexo/Physic_1.tex
Anexo B.

Underfull \hbox (badness 10000) in paragraph at lines 26--26

 []


Underfull \hbox (badness 10000) in paragraph at lines 26--26

 []


Underfull \hbox (badness 10000) in paragraph at lines 26--26

 []


Underfull \hbox (badness 10000) in paragraph at lines 26--26

 []


Underfull \hbox (badness 10000) in paragraph at lines 26--26

 []


Underfull \hbox (badness 10000) in paragraph at lines 53--53

 []


Underfull \hbox (badness 10000) in paragraph at lines 53--53

 []


Underfull \hbox (badness 10000) in paragraph at lines 53--53

 []


Underfull \hbox (badness 10000) in paragraph at lines 53--53

 []

LaTeX Font Info:    External font `lmex10' loaded for size
(Font)              <17.28> on input line 61.
<./image/General/Einstein.jpg, id=609, 255.95625pt x 179.16937pt>
File: ./image/General/Einstein.jpg Graphic file (type jpg)
<use ./image/General/Einstein.jpg>
Package pdftex.def Info: ./image/General/Einstein.jpg  used on input line 70.
(pdftex.def)             Requested size: 153.57492pt x 107.50244pt.
)
Overfull \hbox (25.334pt too wide) in paragraph at lines 26--16
[]   [] 
 []


Overfull \hbox (2.61107pt too wide) in paragraph at lines 26--16
[]$ $[]$ 
 []


Overfull \hbox (2.61107pt too wide) in paragraph at lines 26--16
[]$ $[]$ 
 []


Underfull \hbox (badness 10000) in paragraph at lines 26--16

 []

[30

 <./image/General/Einstein.jpg>]
LaTeX Font Info:    External font `lmex10' loaded for size
(Font)              <5> on input line 17.
) [31
runsystem(makeindex -s Relatorio.ist -t Relatorio.glg -o Relatorio.gls Relatori
o.glo)...executed (allowed).

runsystem(makeindex -s Relatorio.ist -t Relatorio.alg -o Relatorio.acr Relatori
o.acn)...executed (allowed).

]
Package atveryend Info: Empty hook `BeforeClearDocument' on input line 35.
Package atveryend Info: Empty hook `AfterLastShipout' on input line 35.
 (Relatorio.aux
(include/SETUP/Acknowledgement.aux) (include/SETUP/Abstract_1.aux)
(include/SETUP/Abstract_2.aux)
(include/SETUP/ContentFigureTableListingGlossary.aux))
Package atveryend Info: Executing hook `AtVeryEndDocument' on input line 35.
Package atveryend Info: Executing hook `AtEndAfterFileList' on input line 35.
Package rerunfilecheck Info: File `Relatorio.out' has not changed.
(rerunfilecheck)             Checksum: 0A7070F9D3638529BFEBB4A37AC457F7;1496.
Package atveryend Info: Empty hook `AtVeryVeryEnd' on input line 35.
 ) 
Here is how much of TeX's memory you used:
 40621 strings out of 480790
 779547 string characters out of 2907055
 1443271 words of memory out of 3000000
 55420 multiletter control sequences out of 15000+200000
 679689 words of font info for 127 fonts, out of 3000000 for 9000
 1141 hyphenation exceptions out of 8191
 78i,20n,101p,1082b,1433s stack positions out of 5000i,500n,10000p,200000b,50000s
pdfTeX warning (dest): name{Hfootnote.1} has been referenced but does not exi
st, replaced by a fixed one

pdfTeX warning (dest): name{glo:isep} has been referenced but does not exist, r
eplaced by a fixed one

{C:/Program Files/MiKTeX/fonts/enc/dvips/lm/lm-ec.enc}{C:/Program Files/MiKTeX/
fonts/enc/dvips/lm/lm-rm.enc}{C:/Program Files/MiKTeX/fonts/enc/dvips/lm/lm-mat
hit.enc}{C:/Program Files/MiKTeX/fonts/enc/dvips/lm/lm-mathsy.enc} <C:\Users\se
rgi\AppData\Local\MiKTeX\fonts/pk/ljfour/public/eurosym/dpi720\feymr10.pk>{C:/P
rogram Files/MiKTeX/fonts/enc/dvips/lm/lm-ts1.enc}{C:/Program Files/MiKTeX/font
s/enc/dvips/lm/lm-mathex.enc}<C:/Program Files/MiKTeX/fonts/type1/public/lm/lmb
x10.pfb><C:/Program Files/MiKTeX/fonts/type1/public/lm/lmbx12.pfb><C:/Program F
iles/MiKTeX/fonts/type1/public/lm/lmbxi10.pfb><C:/Program Files/MiKTeX/fonts/ty
pe1/public/lm/lmcsc10.pfb><C:/Program Files/MiKTeX/fonts/type1/public/lm/lmex10
.pfb><C:/Program Files/MiKTeX/fonts/type1/public/lm/lmmi10.pfb><C:/Program File
s/MiKTeX/fonts/type1/public/lm/lmmi12.pfb><C:/Program Files/MiKTeX/fonts/type1/
public/lm/lmmi8.pfb><C:/Program Files/MiKTeX/fonts/type1/public/lm/lmr10.pfb><C
:/Program Files/MiKTeX/fonts/type1/public/lm/lmr12.pfb><C:/Program Files/MiKTeX
/fonts/type1/public/lm/lmr17.pfb><C:/Program Files/MiKTeX/fonts/type1/public/lm
/lmr6.pfb><C:/Program Files/MiKTeX/fonts/type1/public/lm/lmr7.pfb><C:/Program F
iles/MiKTeX/fonts/type1/public/lm/lmr8.pfb><C:/Program Files/MiKTeX/fonts/type1
/public/lm/lmri10.pfb><C:/Program Files/MiKTeX/fonts/type1/public/lm/lmri12.pfb
><C:/Program Files/MiKTeX/fonts/type1/public/lm/lmri8.pfb><C:/Program Files/MiK
TeX/fonts/type1/public/lm/lmsy10.pfb><C:/Program Files/MiKTeX/fonts/type1/publi
c/lm/lmsy6.pfb><C:/Program Files/MiKTeX/fonts/type1/public/lm/lmsy8.pfb><C:/Pro
gram Files/MiKTeX/fonts/type1/public/lm/lmtt10.pfb><C:/Program Files/MiKTeX/fon
ts/type1/public/lm/lmtt12.pfb>
Output written on Relatorio.pdf (45 pages, 6215673 bytes).
PDF statistics:
 766 PDF objects out of 1000 (max. 8388607)
 206 named destinations out of 1000 (max. 500000)
 394 words of extra memory for PDF output out of 10000 (max. 10000000)

