\BOOKMARK [0][-]{cover.0}{Front}{}% 1
\BOOKMARK [0][-]{acknowl.0}{Agradecimentos}{}% 2
\BOOKMARK [0][-]{abstract1.0}{Resumo}{}% 3
\BOOKMARK [0][-]{abstract2.0}{Abstract}{}% 4
\BOOKMARK [0][-]{toc.0}{\315ndice}{}% 5
\BOOKMARK [0][-]{chapter*.9}{Lista de Figuras}{}% 6
\BOOKMARK [0][-]{chapter*.10}{Lista de Tabelas}{}% 7
\BOOKMARK [0][-]{chapter*.11}{Listagens}{}% 8
\BOOKMARK [0][-]{chapter.1}{Introdu\347\343o}{}% 9
\BOOKMARK [1][-]{section.1.1}{Objetivos}{chapter.1}% 10
\BOOKMARK [1][-]{section.1.2}{Calendariza\347\343o}{chapter.1}% 11
\BOOKMARK [1][-]{section.1.3}{Organiza\347\343o do Relat\363rio}{chapter.1}% 12
\BOOKMARK [0][-]{chapter.2}{Hist\363ria da Balan\347a}{}% 13
\BOOKMARK [0][-]{chapter.3}{Balan\347a Digital}{}% 14
\BOOKMARK [1][-]{section.3.1}{sensor}{chapter.3}% 15
\BOOKMARK [1][-]{section.3.2}{Amplificador de sinal}{chapter.3}% 16
\BOOKMARK [1][-]{section.3.3}{Display LCD}{chapter.3}% 17
\BOOKMARK [1][-]{section.3.4}{Micro-controlador}{chapter.3}% 18
\BOOKMARK [1][-]{section.3.5}{Fonte de Alimenta\347\343o}{chapter.3}% 19
\BOOKMARK [0][-]{chapter.4}{Software}{}% 20
\BOOKMARK [1][-]{section.4.1}{Valida\347\343o}{chapter.4}% 21
\BOOKMARK [2][-]{subsection.4.1.1}{Material}{section.4.1}% 22
\BOOKMARK [2][-]{subsection.4.1.2}{Testar}{section.4.1}% 23
\BOOKMARK [0][-]{chapter.5}{Conclus\365es}{}% 24
\BOOKMARK [1][-]{section.5.1}{Trabalho Futuro}{chapter.5}% 25
\BOOKMARK [0][-]{section*.45}{Refer\352ncias}{}% 26
\BOOKMARK [0][-]{appendix.A}{Defini\347\365es}{}% 27
\BOOKMARK [0][-]{appendix.B}{F\355sica}{}% 28
